<?xml version="1.0" encoding="UTF-8"?>
<testsuite name="com.example.helloCar.HelloCarApplicationTests" tests="1" skipped="0" failures="0" errors="0" timestamp="2024-01-15T13:44:47" hostname="LAPTOP-9MJ7U0JE" time="3.318">
  <properties/>
  <testcase name="contextLoads()" classname="com.example.helloCar.HelloCarApplicationTests" time="3.318"/>
  <system-out><![CDATA[22:44:35.315 [Test worker] INFO org.springframework.test.context.support.AnnotationConfigContextLoaderUtils -- Could not detect default configuration classes for test class [com.example.helloCar.HelloCarApplicationTests]: HelloCarApplicationTests does not declare any static, non-private, non-final, nested classes annotated with @Configuration.
22:44:35.491 [Test worker] INFO org.springframework.boot.test.context.SpringBootTestContextBootstrapper -- Found @SpringBootConfiguration com.example.helloCar.HelloCarApplication for test class com.example.helloCar.HelloCarApplicationTests

  .   ____          _            __ _ _
 /\\ / ___'_ __ _ _(_)_ __  __ _ \ \ \ \
( ( )\___ | '_ | '_| | '_ \/ _` | \ \ \ \
 \\/  ___)| |_)| | | | | || (_| |  ) ) ) )
  '  |____| .__|_| |_|_| |_\__, | / / / /
 =========|_|==============|___/=/_/_/_/
 :: Spring Boot ::                (v3.2.1)

2024-01-15T22:44:36.320+09:00  INFO 18064 --- [    Test worker] c.e.helloCar.HelloCarApplicationTests    : Starting HelloCarApplicationTests using Java 19.0.2 with PID 18064 (started by hwjk1 in C:\work\helloCar)
2024-01-15T22:44:36.326+09:00  INFO 18064 --- [    Test worker] c.e.helloCar.HelloCarApplicationTests    : The following 2 profiles are active: "secret", "dev"
2024-01-15T22:44:38.610+09:00  INFO 18064 --- [    Test worker] .s.d.r.c.RepositoryConfigurationDelegate : Bootstrapping Spring Data JPA repositories in DEFAULT mode.
2024-01-15T22:44:38.769+09:00  INFO 18064 --- [    Test worker] .s.d.r.c.RepositoryConfigurationDelegate : Finished Spring Data repository scanning in 128 ms. Found 1 JPA repository interface.
2024-01-15T22:44:39.961+09:00  INFO 18064 --- [    Test worker] o.hibernate.jpa.internal.util.LogHelper  : HHH000204: Processing PersistenceUnitInfo [name: default]
2024-01-15T22:44:40.153+09:00  INFO 18064 --- [    Test worker] org.hibernate.Version                    : HHH000412: Hibernate ORM core version 6.4.1.Final
2024-01-15T22:44:40.267+09:00  INFO 18064 --- [    Test worker] o.h.c.internal.RegionFactoryInitiator    : HHH000026: Second-level cache disabled
2024-01-15T22:44:41.481+09:00  INFO 18064 --- [    Test worker] o.s.o.j.p.SpringPersistenceUnitInfo      : No LoadTimeWeaver setup: ignoring JPA class transformer
2024-01-15T22:44:41.558+09:00  INFO 18064 --- [    Test worker] com.zaxxer.hikari.HikariDataSource       : HikariPool-1 - Starting...
2024-01-15T22:44:41.800+09:00  INFO 18064 --- [    Test worker] com.zaxxer.hikari.pool.HikariPool        : HikariPool-1 - Added connection org.mariadb.jdbc.Connection@156ff70f
2024-01-15T22:44:41.804+09:00  INFO 18064 --- [    Test worker] com.zaxxer.hikari.HikariDataSource       : HikariPool-1 - Start completed.
2024-01-15T22:44:41.873+09:00  WARN 18064 --- [    Test worker] org.hibernate.orm.deprecation            : HHH90000025: MariaDBDialect does not need to be specified explicitly using 'hibernate.dialect' (remove the property setting and it will be selected by default)
2024-01-15T22:44:44.608+09:00  INFO 18064 --- [    Test worker] o.h.e.t.j.p.i.JtaPlatformInitiator       : HHH000489: No JTA platform available (set 'hibernate.transaction.jta.platform' to enable JTA platform integration)
2024-01-15T22:44:44.649+09:00 DEBUG 18064 --- [    Test worker] org.hibernate.SQL                        : 
    drop table if exists car
2024-01-15T22:44:44.666+09:00 DEBUG 18064 --- [    Test worker] org.hibernate.SQL                        : 
    create table car (
        max_price integer not null,
        min_price integer not null,
        model_year integer not null,
        id bigint not null auto_increment,
        brand varchar(255),
        car_name varchar(255),
        fuel varchar(255),
        size varchar(255),
        vehicle varchar(255),
        primary key (id)
    ) engine=InnoDB
2024-01-15T22:44:44.679+09:00  INFO 18064 --- [    Test worker] j.LocalContainerEntityManagerFactoryBean : Initialized JPA EntityManagerFactory for persistence unit 'default'
2024-01-15T22:44:45.830+09:00  WARN 18064 --- [    Test worker] JpaBaseConfiguration$JpaWebConfiguration : spring.jpa.open-in-view is enabled by default. Therefore, database queries may be performed during view rendering. Explicitly configure spring.jpa.open-in-view to disable this warning
2024-01-15T22:44:45.871+09:00  WARN 18064 --- [    Test worker] .s.s.UserDetailsServiceAutoConfiguration : 

Using generated security password: 29385859-3f63-4acd-a000-c012906bc6d5

This generated password is for development use only. Your security configuration must be updated before running your application in production.

2024-01-15T22:44:46.685+09:00  INFO 18064 --- [    Test worker] o.s.s.web.DefaultSecurityFilterChain     : Will secure any request with [org.springframework.security.web.session.DisableEncodeUrlFilter@33de9d85, org.springframework.security.web.context.request.async.WebAsyncManagerIntegrationFilter@2f6352a3, org.springframework.security.web.context.SecurityContextHolderFilter@7fd7085d, org.springframework.security.web.header.HeaderWriterFilter@2446597e, org.springframework.web.filter.CorsFilter@24455d50, org.springframework.security.web.csrf.CsrfFilter@5cbaafbd, org.springframework.security.web.authentication.logout.LogoutFilter@6768dc74, org.springframework.security.web.savedrequest.RequestCacheAwareFilter@9120cb5, org.springframework.security.web.servletapi.SecurityContextHolderAwareRequestFilter@18419ab7, org.springframework.security.web.authentication.AnonymousAuthenticationFilter@bb160fb, org.springframework.security.web.access.ExceptionTranslationFilter@7a91027c, org.springframework.security.web.access.intercept.AuthorizationFilter@1e205025]
2024-01-15T22:44:47.848+09:00  INFO 18064 --- [    Test worker] c.e.helloCar.HelloCarApplicationTests    : Started HelloCarApplicationTests in 12.041 seconds (process running for 14.069)
2024-01-15T22:44:49.519+09:00 DEBUG 18064 --- [    Test worker] org.hibernate.SQL                        : 
    /* insert for
        com.example.helloCar.domain.hellocar.domain.car.Car */insert 
    into
        car (brand, car_name, fuel, max_price, min_price, model_year, size, vehicle) 
    values
        (?, ?, ?, ?, ?, ?, ?, ?)
2024-01-15T22:44:49.536+09:00 TRACE 18064 --- [    Test worker] org.hibernate.orm.jdbc.bind              : binding parameter (1:VARCHAR) <- [현대]
2024-01-15T22:44:49.538+09:00 TRACE 18064 --- [    Test worker] org.hibernate.orm.jdbc.bind              : binding parameter (2:VARCHAR) <- [아반떼 hd]
2024-01-15T22:44:49.538+09:00 TRACE 18064 --- [    Test worker] org.hibernate.orm.jdbc.bind              : binding parameter (3:VARCHAR) <- [가솔린]
2024-01-15T22:44:49.539+09:00 TRACE 18064 --- [    Test worker] org.hibernate.orm.jdbc.bind              : binding parameter (4:INTEGER) <- [1897]
2024-01-15T22:44:49.540+09:00 TRACE 18064 --- [    Test worker] org.hibernate.orm.jdbc.bind              : binding parameter (5:INTEGER) <- [1198]
2024-01-15T22:44:49.540+09:00 TRACE 18064 --- [    Test worker] org.hibernate.orm.jdbc.bind              : binding parameter (6:INTEGER) <- [2010]
2024-01-15T22:44:49.540+09:00 TRACE 18064 --- [    Test worker] org.hibernate.orm.jdbc.bind              : binding parameter (7:VARCHAR) <- [준중형]
2024-01-15T22:44:49.540+09:00 TRACE 18064 --- [    Test worker] org.hibernate.orm.jdbc.bind              : binding parameter (8:VARCHAR) <- [세단]
2024-01-15T22:44:49.551+09:00 TRACE 18064 --- [    Test worker] org.hibernate.orm.jdbc.extract           : extracted value (1:BIGINT) -> [1]
2024-01-15T22:44:49.578+09:00 DEBUG 18064 --- [    Test worker] org.hibernate.SQL                        : 
    /* insert for
        com.example.helloCar.domain.hellocar.domain.car.Car */insert 
    into
        car (brand, car_name, fuel, max_price, min_price, model_year, size, vehicle) 
    values
        (?, ?, ?, ?, ?, ?, ?, ?)
2024-01-15T22:44:49.578+09:00 TRACE 18064 --- [    Test worker] org.hibernate.orm.jdbc.bind              : binding parameter (1:VARCHAR) <- [현대]
2024-01-15T22:44:49.579+09:00 TRACE 18064 --- [    Test worker] org.hibernate.orm.jdbc.bind              : binding parameter (2:VARCHAR) <- [아반떼 hd]
2024-01-15T22:44:49.579+09:00 TRACE 18064 --- [    Test worker] org.hibernate.orm.jdbc.bind              : binding parameter (3:VARCHAR) <- [LPi 하이브리드]
2024-01-15T22:44:49.579+09:00 TRACE 18064 --- [    Test worker] org.hibernate.orm.jdbc.bind              : binding parameter (4:INTEGER) <- [2553]
2024-01-15T22:44:49.579+09:00 TRACE 18064 --- [    Test worker] org.hibernate.orm.jdbc.bind              : binding parameter (5:INTEGER) <- [2188]
2024-01-15T22:44:49.580+09:00 TRACE 18064 --- [    Test worker] org.hibernate.orm.jdbc.bind              : binding parameter (6:INTEGER) <- [2010]
2024-01-15T22:44:49.580+09:00 TRACE 18064 --- [    Test worker] org.hibernate.orm.jdbc.bind              : binding parameter (7:VARCHAR) <- [준중형]
2024-01-15T22:44:49.580+09:00 TRACE 18064 --- [    Test worker] org.hibernate.orm.jdbc.bind              : binding parameter (8:VARCHAR) <- [세단]
2024-01-15T22:44:49.581+09:00 TRACE 18064 --- [    Test worker] org.hibernate.orm.jdbc.extract           : extracted value (1:BIGINT) -> [2]
2024-01-15T22:44:49.584+09:00 DEBUG 18064 --- [    Test worker] org.hibernate.SQL                        : 
    /* insert for
        com.example.helloCar.domain.hellocar.domain.car.Car */insert 
    into
        car (brand, car_name, fuel, max_price, min_price, model_year, size, vehicle) 
    values
        (?, ?, ?, ?, ?, ?, ?, ?)
2024-01-15T22:44:49.585+09:00 TRACE 18064 --- [    Test worker] org.hibernate.orm.jdbc.bind              : binding parameter (1:VARCHAR) <- [현대]
2024-01-15T22:44:49.585+09:00 TRACE 18064 --- [    Test worker] org.hibernate.orm.jdbc.bind              : binding parameter (2:VARCHAR) <- [아반떼 hd]
2024-01-15T22:44:49.585+09:00 TRACE 18064 --- [    Test worker] org.hibernate.orm.jdbc.bind              : binding parameter (3:VARCHAR) <- [LPi 하이브리드]
2024-01-15T22:44:49.585+09:00 TRACE 18064 --- [    Test worker] org.hibernate.orm.jdbc.bind              : binding parameter (4:INTEGER) <- [2324]
2024-01-15T22:44:49.586+09:00 TRACE 18064 --- [    Test worker] org.hibernate.orm.jdbc.bind              : binding parameter (5:INTEGER) <- [2054]
2024-01-15T22:44:49.586+09:00 TRACE 18064 --- [    Test worker] org.hibernate.orm.jdbc.bind              : binding parameter (6:INTEGER) <- [2011]
2024-01-15T22:44:49.586+09:00 TRACE 18064 --- [    Test worker] org.hibernate.orm.jdbc.bind              : binding parameter (7:VARCHAR) <- [준중형]
2024-01-15T22:44:49.586+09:00 TRACE 18064 --- [    Test worker] org.hibernate.orm.jdbc.bind              : binding parameter (8:VARCHAR) <- [세단]
2024-01-15T22:44:49.588+09:00 TRACE 18064 --- [    Test worker] org.hibernate.orm.jdbc.extract           : extracted value (1:BIGINT) -> [3]
2024-01-15T22:44:49.594+09:00 DEBUG 18064 --- [    Test worker] org.hibernate.SQL                        : 
    /* insert for
        com.example.helloCar.domain.hellocar.domain.car.Car */insert 
    into
        car (brand, car_name, fuel, max_price, min_price, model_year, size, vehicle) 
    values
        (?, ?, ?, ?, ?, ?, ?, ?)
2024-01-15T22:44:49.595+09:00 TRACE 18064 --- [    Test worker] org.hibernate.orm.jdbc.bind              : binding parameter (1:VARCHAR) <- [현대]
2024-01-15T22:44:49.595+09:00 TRACE 18064 --- [    Test worker] org.hibernate.orm.jdbc.bind              : binding parameter (2:VARCHAR) <- [아반떼 hd]
2024-01-15T22:44:49.595+09:00 TRACE 18064 --- [    Test worker] org.hibernate.orm.jdbc.bind              : binding parameter (3:VARCHAR) <- [LPi 하이브리드]
2024-01-15T22:44:49.596+09:00 TRACE 18064 --- [    Test worker] org.hibernate.orm.jdbc.bind              : binding parameter (4:INTEGER) <- [2324]
2024-01-15T22:44:49.596+09:00 TRACE 18064 --- [    Test worker] org.hibernate.orm.jdbc.bind              : binding parameter (5:INTEGER) <- [2054]
2024-01-15T22:44:49.596+09:00 TRACE 18064 --- [    Test worker] org.hibernate.orm.jdbc.bind              : binding parameter (6:INTEGER) <- [2012]
2024-01-15T22:44:49.596+09:00 TRACE 18064 --- [    Test worker] org.hibernate.orm.jdbc.bind              : binding parameter (7:VARCHAR) <- [준중형]
2024-01-15T22:44:49.596+09:00 TRACE 18064 --- [    Test worker] org.hibernate.orm.jdbc.bind              : binding parameter (8:VARCHAR) <- [세단]
2024-01-15T22:44:49.602+09:00 TRACE 18064 --- [    Test worker] org.hibernate.orm.jdbc.extract           : extracted value (1:BIGINT) -> [4]
2024-01-15T22:44:49.608+09:00 DEBUG 18064 --- [    Test worker] org.hibernate.SQL                        : 
    /* insert for
        com.example.helloCar.domain.hellocar.domain.car.Car */insert 
    into
        car (brand, car_name, fuel, max_price, min_price, model_year, size, vehicle) 
    values
        (?, ?, ?, ?, ?, ?, ?, ?)
2024-01-15T22:44:49.609+09:00 TRACE 18064 --- [    Test worker] org.hibernate.orm.jdbc.bind              : binding parameter (1:VARCHAR) <- [현대]
2024-01-15T22:44:49.609+09:00 TRACE 18064 --- [    Test worker] org.hibernate.orm.jdbc.bind              : binding parameter (2:VARCHAR) <- [아반떼 hd]
2024-01-15T22:44:49.609+09:00 TRACE 18064 --- [    Test worker] org.hibernate.orm.jdbc.bind              : binding parameter (3:VARCHAR) <- [LPi 하이브리드]
2024-01-15T22:44:49.609+09:00 TRACE 18064 --- [    Test worker] org.hibernate.orm.jdbc.bind              : binding parameter (4:INTEGER) <- [2324]
2024-01-15T22:44:49.609+09:00 TRACE 18064 --- [    Test worker] org.hibernate.orm.jdbc.bind              : binding parameter (5:INTEGER) <- [2054]
2024-01-15T22:44:49.609+09:00 TRACE 18064 --- [    Test worker] org.hibernate.orm.jdbc.bind              : binding parameter (6:INTEGER) <- [2013]
2024-01-15T22:44:49.610+09:00 TRACE 18064 --- [    Test worker] org.hibernate.orm.jdbc.bind              : binding parameter (7:VARCHAR) <- [준중형]
2024-01-15T22:44:49.610+09:00 TRACE 18064 --- [    Test worker] org.hibernate.orm.jdbc.bind              : binding parameter (8:VARCHAR) <- [세단]
2024-01-15T22:44:49.612+09:00 TRACE 18064 --- [    Test worker] org.hibernate.orm.jdbc.extract           : extracted value (1:BIGINT) -> [5]
2024-01-15T22:44:49.617+09:00 DEBUG 18064 --- [    Test worker] org.hibernate.SQL                        : 
    /* insert for
        com.example.helloCar.domain.hellocar.domain.car.Car */insert 
    into
        car (brand, car_name, fuel, max_price, min_price, model_year, size, vehicle) 
    values
        (?, ?, ?, ?, ?, ?, ?, ?)
2024-01-15T22:44:49.618+09:00 TRACE 18064 --- [    Test worker] org.hibernate.orm.jdbc.bind              : binding parameter (1:VARCHAR) <- [현대]
2024-01-15T22:44:49.618+09:00 TRACE 18064 --- [    Test worker] org.hibernate.orm.jdbc.bind              : binding parameter (2:VARCHAR) <- [아반떼 md]
2024-01-15T22:44:49.618+09:00 TRACE 18064 --- [    Test worker] org.hibernate.orm.jdbc.bind              : binding parameter (3:VARCHAR) <- [가솔린]
2024-01-15T22:44:49.618+09:00 TRACE 18064 --- [    Test worker] org.hibernate.orm.jdbc.bind              : binding parameter (4:INTEGER) <- [1990]
2024-01-15T22:44:49.618+09:00 TRACE 18064 --- [    Test worker] org.hibernate.orm.jdbc.bind              : binding parameter (5:INTEGER) <- [1340]
2024-01-15T22:44:49.618+09:00 TRACE 18064 --- [    Test worker] org.hibernate.orm.jdbc.bind              : binding parameter (6:INTEGER) <- [2010]
2024-01-15T22:44:49.619+09:00 TRACE 18064 --- [    Test worker] org.hibernate.orm.jdbc.bind              : binding parameter (7:VARCHAR) <- [준중형]
2024-01-15T22:44:49.619+09:00 TRACE 18064 --- [    Test worker] org.hibernate.orm.jdbc.bind              : binding parameter (8:VARCHAR) <- [세단]
2024-01-15T22:44:49.646+09:00 TRACE 18064 --- [    Test worker] org.hibernate.orm.jdbc.extract           : extracted value (1:BIGINT) -> [6]
2024-01-15T22:44:49.653+09:00 DEBUG 18064 --- [    Test worker] org.hibernate.SQL                        : 
    /* insert for
        com.example.helloCar.domain.hellocar.domain.car.Car */insert 
    into
        car (brand, car_name, fuel, max_price, min_price, model_year, size, vehicle) 
    values
        (?, ?, ?, ?, ?, ?, ?, ?)
2024-01-15T22:44:49.654+09:00 TRACE 18064 --- [    Test worker] org.hibernate.orm.jdbc.bind              : binding parameter (1:VARCHAR) <- [현대]
2024-01-15T22:44:49.654+09:00 TRACE 18064 --- [    Test worker] org.hibernate.orm.jdbc.bind              : binding parameter (2:VARCHAR) <- [아반떼 md]
2024-01-15T22:44:49.654+09:00 TRACE 18064 --- [    Test worker] org.hibernate.orm.jdbc.bind              : binding parameter (3:VARCHAR) <- [LPG]
2024-01-15T22:44:49.655+09:00 TRACE 18064 --- [    Test worker] org.hibernate.orm.jdbc.bind              : binding parameter (4:INTEGER) <- [1663]
2024-01-15T22:44:49.655+09:00 TRACE 18064 --- [    Test worker] org.hibernate.orm.jdbc.bind              : binding parameter (5:INTEGER) <- [1353]
2024-01-15T22:44:49.655+09:00 TRACE 18064 --- [    Test worker] org.hibernate.orm.jdbc.bind              : binding parameter (6:INTEGER) <- [2010]
2024-01-15T22:44:49.655+09:00 TRACE 18064 --- [    Test worker] org.hibernate.orm.jdbc.bind              : binding parameter (7:VARCHAR) <- [준중형]
2024-01-15T22:44:49.655+09:00 TRACE 18064 --- [    Test worker] org.hibernate.orm.jdbc.bind              : binding parameter (8:VARCHAR) <- [세단]
2024-01-15T22:44:49.675+09:00 TRACE 18064 --- [    Test worker] org.hibernate.orm.jdbc.extract           : extracted value (1:BIGINT) -> [7]
2024-01-15T22:44:49.714+09:00 DEBUG 18064 --- [    Test worker] org.hibernate.SQL                        : 
    /* insert for
        com.example.helloCar.domain.hellocar.domain.car.Car */insert 
    into
        car (brand, car_name, fuel, max_price, min_price, model_year, size, vehicle) 
    values
        (?, ?, ?, ?, ?, ?, ?, ?)
2024-01-15T22:44:49.714+09:00 TRACE 18064 --- [    Test worker] org.hibernate.orm.jdbc.bind              : binding parameter (1:VARCHAR) <- [현대]
2024-01-15T22:44:49.714+09:00 TRACE 18064 --- [    Test worker] org.hibernate.orm.jdbc.bind              : binding parameter (2:VARCHAR) <- [아반떼 md]
2024-01-15T22:44:49.715+09:00 TRACE 18064 --- [    Test worker] org.hibernate.orm.jdbc.bind              : binding parameter (3:VARCHAR) <- [가솔린]
2024-01-15T22:44:49.715+09:00 TRACE 18064 --- [    Test worker] org.hibernate.orm.jdbc.bind              : binding parameter (4:INTEGER) <- [1990]
2024-01-15T22:44:49.715+09:00 TRACE 18064 --- [    Test worker] org.hibernate.orm.jdbc.bind              : binding parameter (5:INTEGER) <- [1340]
2024-01-15T22:44:49.715+09:00 TRACE 18064 --- [    Test worker] org.hibernate.orm.jdbc.bind              : binding parameter (6:INTEGER) <- [2011]
2024-01-15T22:44:49.715+09:00 TRACE 18064 --- [    Test worker] org.hibernate.orm.jdbc.bind              : binding parameter (7:VARCHAR) <- [준중형]
2024-01-15T22:44:49.715+09:00 TRACE 18064 --- [    Test worker] org.hibernate.orm.jdbc.bind              : binding parameter (8:VARCHAR) <- [세단]
2024-01-15T22:44:49.762+09:00 TRACE 18064 --- [    Test worker] org.hibernate.orm.jdbc.extract           : extracted value (1:BIGINT) -> [8]
2024-01-15T22:44:49.766+09:00 DEBUG 18064 --- [    Test worker] org.hibernate.SQL                        : 
    /* insert for
        com.example.helloCar.domain.hellocar.domain.car.Car */insert 
    into
        car (brand, car_name, fuel, max_price, min_price, model_year, size, vehicle) 
    values
        (?, ?, ?, ?, ?, ?, ?, ?)
2024-01-15T22:44:49.767+09:00 TRACE 18064 --- [    Test worker] org.hibernate.orm.jdbc.bind              : binding parameter (1:VARCHAR) <- [현대]
2024-01-15T22:44:49.767+09:00 TRACE 18064 --- [    Test worker] org.hibernate.orm.jdbc.bind              : binding parameter (2:VARCHAR) <- [아반떼 md]
2024-01-15T22:44:49.767+09:00 TRACE 18064 --- [    Test worker] org.hibernate.orm.jdbc.bind              : binding parameter (3:VARCHAR) <- [LPG]
2024-01-15T22:44:49.768+09:00 TRACE 18064 --- [    Test worker] org.hibernate.orm.jdbc.bind              : binding parameter (4:INTEGER) <- [1663]
2024-01-15T22:44:49.768+09:00 TRACE 18064 --- [    Test worker] org.hibernate.orm.jdbc.bind              : binding parameter (5:INTEGER) <- [1353]
2024-01-15T22:44:49.768+09:00 TRACE 18064 --- [    Test worker] org.hibernate.orm.jdbc.bind              : binding parameter (6:INTEGER) <- [2011]
2024-01-15T22:44:49.768+09:00 TRACE 18064 --- [    Test worker] org.hibernate.orm.jdbc.bind              : binding parameter (7:VARCHAR) <- [준중형]
2024-01-15T22:44:49.768+09:00 TRACE 18064 --- [    Test worker] org.hibernate.orm.jdbc.bind              : binding parameter (8:VARCHAR) <- [세단]
2024-01-15T22:44:49.783+09:00 TRACE 18064 --- [    Test worker] org.hibernate.orm.jdbc.extract           : extracted value (1:BIGINT) -> [9]
2024-01-15T22:44:49.789+09:00 DEBUG 18064 --- [    Test worker] org.hibernate.SQL                        : 
    /* insert for
        com.example.helloCar.domain.hellocar.domain.car.Car */insert 
    into
        car (brand, car_name, fuel, max_price, min_price, model_year, size, vehicle) 
    values
        (?, ?, ?, ?, ?, ?, ?, ?)
2024-01-15T22:44:49.790+09:00 TRACE 18064 --- [    Test worker] org.hibernate.orm.jdbc.bind              : binding parameter (1:VARCHAR) <- [현대]
2024-01-15T22:44:49.790+09:00 TRACE 18064 --- [    Test worker] org.hibernate.orm.jdbc.bind              : binding parameter (2:VARCHAR) <- [아반떼 md]
2024-01-15T22:44:49.791+09:00 TRACE 18064 --- [    Test worker] org.hibernate.orm.jdbc.bind              : binding parameter (3:VARCHAR) <- [가솔린]
2024-01-15T22:44:49.791+09:00 TRACE 18064 --- [    Test worker] org.hibernate.orm.jdbc.bind              : binding parameter (4:INTEGER) <- [1990]
2024-01-15T22:44:49.791+09:00 TRACE 18064 --- [    Test worker] org.hibernate.orm.jdbc.bind              : binding parameter (5:INTEGER) <- [1340]
2024-01-15T22:44:49.791+09:00 TRACE 18064 --- [    Test worker] org.hibernate.orm.jdbc.bind              : binding parameter (6:INTEGER) <- [2012]
2024-01-15T22:44:49.791+09:00 TRACE 18064 --- [    Test worker] org.hibernate.orm.jdbc.bind              : binding parameter (7:VARCHAR) <- [준중형]
2024-01-15T22:44:49.792+09:00 TRACE 18064 --- [    Test worker] org.hibernate.orm.jdbc.bind              : binding parameter (8:VARCHAR) <- [세단]
2024-01-15T22:44:49.844+09:00 TRACE 18064 --- [    Test worker] org.hibernate.orm.jdbc.extract           : extracted value (1:BIGINT) -> [10]
2024-01-15T22:44:49.863+09:00 DEBUG 18064 --- [    Test worker] org.hibernate.SQL                        : 
    /* insert for
        com.example.helloCar.domain.hellocar.domain.car.Car */insert 
    into
        car (brand, car_name, fuel, max_price, min_price, model_year, size, vehicle) 
    values
        (?, ?, ?, ?, ?, ?, ?, ?)
2024-01-15T22:44:49.864+09:00 TRACE 18064 --- [    Test worker] org.hibernate.orm.jdbc.bind              : binding parameter (1:VARCHAR) <- [현대]
2024-01-15T22:44:49.864+09:00 TRACE 18064 --- [    Test worker] org.hibernate.orm.jdbc.bind              : binding parameter (2:VARCHAR) <- [아반떼 md]
2024-01-15T22:44:49.864+09:00 TRACE 18064 --- [    Test worker] org.hibernate.orm.jdbc.bind              : binding parameter (3:VARCHAR) <- [LPG]
2024-01-15T22:44:49.864+09:00 TRACE 18064 --- [    Test worker] org.hibernate.orm.jdbc.bind              : binding parameter (4:INTEGER) <- [1663]
2024-01-15T22:44:49.865+09:00 TRACE 18064 --- [    Test worker] org.hibernate.orm.jdbc.bind              : binding parameter (5:INTEGER) <- [1353]
2024-01-15T22:44:49.865+09:00 TRACE 18064 --- [    Test worker] org.hibernate.orm.jdbc.bind              : binding parameter (6:INTEGER) <- [2012]
2024-01-15T22:44:49.865+09:00 TRACE 18064 --- [    Test worker] org.hibernate.orm.jdbc.bind              : binding parameter (7:VARCHAR) <- [준중형]
2024-01-15T22:44:49.865+09:00 TRACE 18064 --- [    Test worker] org.hibernate.orm.jdbc.bind              : binding parameter (8:VARCHAR) <- [세단]
2024-01-15T22:44:49.873+09:00 TRACE 18064 --- [    Test worker] org.hibernate.orm.jdbc.extract           : extracted value (1:BIGINT) -> [11]
2024-01-15T22:44:49.877+09:00 DEBUG 18064 --- [    Test worker] org.hibernate.SQL                        : 
    /* insert for
        com.example.helloCar.domain.hellocar.domain.car.Car */insert 
    into
        car (brand, car_name, fuel, max_price, min_price, model_year, size, vehicle) 
    values
        (?, ?, ?, ?, ?, ?, ?, ?)
2024-01-15T22:44:49.878+09:00 TRACE 18064 --- [    Test worker] org.hibernate.orm.jdbc.bind              : binding parameter (1:VARCHAR) <- [현대]
2024-01-15T22:44:49.878+09:00 TRACE 18064 --- [    Test worker] org.hibernate.orm.jdbc.bind              : binding parameter (2:VARCHAR) <- [아반떼 md]
2024-01-15T22:44:49.878+09:00 TRACE 18064 --- [    Test worker] org.hibernate.orm.jdbc.bind              : binding parameter (3:VARCHAR) <- [가솔린]
2024-01-15T22:44:49.878+09:00 TRACE 18064 --- [    Test worker] org.hibernate.orm.jdbc.bind              : binding parameter (4:INTEGER) <- [1955]
2024-01-15T22:44:49.879+09:00 TRACE 18064 --- [    Test worker] org.hibernate.orm.jdbc.bind              : binding parameter (5:INTEGER) <- [1365]
2024-01-15T22:44:49.879+09:00 TRACE 18064 --- [    Test worker] org.hibernate.orm.jdbc.bind              : binding parameter (6:INTEGER) <- [2013]
2024-01-15T22:44:49.879+09:00 TRACE 18064 --- [    Test worker] org.hibernate.orm.jdbc.bind              : binding parameter (7:VARCHAR) <- [준중형]
2024-01-15T22:44:49.879+09:00 TRACE 18064 --- [    Test worker] org.hibernate.orm.jdbc.bind              : binding parameter (8:VARCHAR) <- [세단]
2024-01-15T22:44:49.881+09:00 TRACE 18064 --- [    Test worker] org.hibernate.orm.jdbc.extract           : extracted value (1:BIGINT) -> [12]
2024-01-15T22:44:49.886+09:00 DEBUG 18064 --- [    Test worker] org.hibernate.SQL                        : 
    /* insert for
        com.example.helloCar.domain.hellocar.domain.car.Car */insert 
    into
        car (brand, car_name, fuel, max_price, min_price, model_year, size, vehicle) 
    values
        (?, ?, ?, ?, ?, ?, ?, ?)
2024-01-15T22:44:49.887+09:00 TRACE 18064 --- [    Test worker] org.hibernate.orm.jdbc.bind              : binding parameter (1:VARCHAR) <- [현대]
2024-01-15T22:44:49.887+09:00 TRACE 18064 --- [    Test worker] org.hibernate.orm.jdbc.bind              : binding parameter (2:VARCHAR) <- [아반떼 md]
2024-01-15T22:44:49.887+09:00 TRACE 18064 --- [    Test worker] org.hibernate.orm.jdbc.bind              : binding parameter (3:VARCHAR) <- [LPG]
2024-01-15T22:44:49.887+09:00 TRACE 18064 --- [    Test worker] org.hibernate.orm.jdbc.bind              : binding parameter (4:INTEGER) <- [1663]
2024-01-15T22:44:49.887+09:00 TRACE 18064 --- [    Test worker] org.hibernate.orm.jdbc.bind              : binding parameter (5:INTEGER) <- [1358]
2024-01-15T22:44:49.888+09:00 TRACE 18064 --- [    Test worker] org.hibernate.orm.jdbc.bind              : binding parameter (6:INTEGER) <- [2013]
2024-01-15T22:44:49.888+09:00 TRACE 18064 --- [    Test worker] org.hibernate.orm.jdbc.bind              : binding parameter (7:VARCHAR) <- [준중형]
2024-01-15T22:44:49.888+09:00 TRACE 18064 --- [    Test worker] org.hibernate.orm.jdbc.bind              : binding parameter (8:VARCHAR) <- [세단]
2024-01-15T22:44:49.892+09:00 TRACE 18064 --- [    Test worker] org.hibernate.orm.jdbc.extract           : extracted value (1:BIGINT) -> [13]
2024-01-15T22:44:49.901+09:00 DEBUG 18064 --- [    Test worker] org.hibernate.SQL                        : 
    /* insert for
        com.example.helloCar.domain.hellocar.domain.car.Car */insert 
    into
        car (brand, car_name, fuel, max_price, min_price, model_year, size, vehicle) 
    values
        (?, ?, ?, ?, ?, ?, ?, ?)
2024-01-15T22:44:49.902+09:00 TRACE 18064 --- [    Test worker] org.hibernate.orm.jdbc.bind              : binding parameter (1:VARCHAR) <- [현대]
2024-01-15T22:44:49.902+09:00 TRACE 18064 --- [    Test worker] org.hibernate.orm.jdbc.bind              : binding parameter (2:VARCHAR) <- [아반떼 md 페이스리프트]
2024-01-15T22:44:49.902+09:00 TRACE 18064 --- [    Test worker] org.hibernate.orm.jdbc.bind              : binding parameter (3:VARCHAR) <- [가솔린]
2024-01-15T22:44:49.902+09:00 TRACE 18064 --- [    Test worker] org.hibernate.orm.jdbc.bind              : binding parameter (4:INTEGER) <- [1990]
2024-01-15T22:44:49.902+09:00 TRACE 18064 --- [    Test worker] org.hibernate.orm.jdbc.bind              : binding parameter (5:INTEGER) <- [1395]
2024-01-15T22:44:49.902+09:00 TRACE 18064 --- [    Test worker] org.hibernate.orm.jdbc.bind              : binding parameter (6:INTEGER) <- [2013]
2024-01-15T22:44:49.903+09:00 TRACE 18064 --- [    Test worker] org.hibernate.orm.jdbc.bind              : binding parameter (7:VARCHAR) <- [준중형]
2024-01-15T22:44:49.903+09:00 TRACE 18064 --- [    Test worker] org.hibernate.orm.jdbc.bind              : binding parameter (8:VARCHAR) <- [세단]
2024-01-15T22:44:49.906+09:00 TRACE 18064 --- [    Test worker] org.hibernate.orm.jdbc.extract           : extracted value (1:BIGINT) -> [14]
2024-01-15T22:44:49.910+09:00 DEBUG 18064 --- [    Test worker] org.hibernate.SQL                        : 
    /* insert for
        com.example.helloCar.domain.hellocar.domain.car.Car */insert 
    into
        car (brand, car_name, fuel, max_price, min_price, model_year, size, vehicle) 
    values
        (?, ?, ?, ?, ?, ?, ?, ?)
2024-01-15T22:44:49.910+09:00 TRACE 18064 --- [    Test worker] org.hibernate.orm.jdbc.bind              : binding parameter (1:VARCHAR) <- [현대]
2024-01-15T22:44:49.910+09:00 TRACE 18064 --- [    Test worker] org.hibernate.orm.jdbc.bind              : binding parameter (2:VARCHAR) <- [아반떼 md 페이스리프트]
2024-01-15T22:44:49.910+09:00 TRACE 18064 --- [    Test worker] org.hibernate.orm.jdbc.bind              : binding parameter (3:VARCHAR) <- [디젤]
2024-01-15T22:44:49.911+09:00 TRACE 18064 --- [    Test worker] org.hibernate.orm.jdbc.bind              : binding parameter (4:INTEGER) <- [2180]
2024-01-15T22:44:49.911+09:00 TRACE 18064 --- [    Test worker] org.hibernate.orm.jdbc.bind              : binding parameter (5:INTEGER) <- [1595]
2024-01-15T22:44:49.911+09:00 TRACE 18064 --- [    Test worker] org.hibernate.orm.jdbc.bind              : binding parameter (6:INTEGER) <- [2013]
2024-01-15T22:44:49.911+09:00 TRACE 18064 --- [    Test worker] org.hibernate.orm.jdbc.bind              : binding parameter (7:VARCHAR) <- [준중형]
2024-01-15T22:44:49.911+09:00 TRACE 18064 --- [    Test worker] org.hibernate.orm.jdbc.bind              : binding parameter (8:VARCHAR) <- [세단]
2024-01-15T22:44:49.912+09:00 TRACE 18064 --- [    Test worker] org.hibernate.orm.jdbc.extract           : extracted value (1:BIGINT) -> [15]
2024-01-15T22:44:49.915+09:00 DEBUG 18064 --- [    Test worker] org.hibernate.SQL                        : 
    /* insert for
        com.example.helloCar.domain.hellocar.domain.car.Car */insert 
    into
        car (brand, car_name, fuel, max_price, min_price, model_year, size, vehicle) 
    values
        (?, ?, ?, ?, ?, ?, ?, ?)
2024-01-15T22:44:49.915+09:00 TRACE 18064 --- [    Test worker] org.hibernate.orm.jdbc.bind              : binding parameter (1:VARCHAR) <- [현대]
2024-01-15T22:44:49.916+09:00 TRACE 18064 --- [    Test worker] org.hibernate.orm.jdbc.bind              : binding parameter (2:VARCHAR) <- [아반떼 쿠페]
2024-01-15T22:44:49.916+09:00 TRACE 18064 --- [    Test worker] org.hibernate.orm.jdbc.bind              : binding parameter (3:VARCHAR) <- [가솔린]
2024-01-15T22:44:49.916+09:00 TRACE 18064 --- [    Test worker] org.hibernate.orm.jdbc.bind              : binding parameter (4:INTEGER) <- [1995]
2024-01-15T22:44:49.916+09:00 TRACE 18064 --- [    Test worker] org.hibernate.orm.jdbc.bind              : binding parameter (5:INTEGER) <- [1645]
2024-01-15T22:44:49.916+09:00 TRACE 18064 --- [    Test worker] org.hibernate.orm.jdbc.bind              : binding parameter (6:INTEGER) <- [2013]
2024-01-15T22:44:49.916+09:00 TRACE 18064 --- [    Test worker] org.hibernate.orm.jdbc.bind              : binding parameter (7:VARCHAR) <- [준중형]
2024-01-15T22:44:49.916+09:00 TRACE 18064 --- [    Test worker] org.hibernate.orm.jdbc.bind              : binding parameter (8:VARCHAR) <- [쿠페]
2024-01-15T22:44:49.918+09:00 TRACE 18064 --- [    Test worker] org.hibernate.orm.jdbc.extract           : extracted value (1:BIGINT) -> [16]
2024-01-15T22:44:49.938+09:00 DEBUG 18064 --- [    Test worker] org.hibernate.SQL                        : 
    /* insert for
        com.example.helloCar.domain.hellocar.domain.car.Car */insert 
    into
        car (brand, car_name, fuel, max_price, min_price, model_year, size, vehicle) 
    values
        (?, ?, ?, ?, ?, ?, ?, ?)
2024-01-15T22:44:49.938+09:00 TRACE 18064 --- [    Test worker] org.hibernate.orm.jdbc.bind              : binding parameter (1:VARCHAR) <- [현대]
2024-01-15T22:44:49.938+09:00 TRACE 18064 --- [    Test worker] org.hibernate.orm.jdbc.bind              : binding parameter (2:VARCHAR) <- [아반떼 md 페이스리프트]
2024-01-15T22:44:49.939+09:00 TRACE 18064 --- [    Test worker] org.hibernate.orm.jdbc.bind              : binding parameter (3:VARCHAR) <- [가솔린]
2024-01-15T22:44:49.939+09:00 TRACE 18064 --- [    Test worker] org.hibernate.orm.jdbc.bind              : binding parameter (4:INTEGER) <- [2065]
2024-01-15T22:44:49.939+09:00 TRACE 18064 --- [    Test worker] org.hibernate.orm.jdbc.bind              : binding parameter (5:INTEGER) <- [1395]
2024-01-15T22:44:49.939+09:00 TRACE 18064 --- [    Test worker] org.hibernate.orm.jdbc.bind              : binding parameter (6:INTEGER) <- [2014]
2024-01-15T22:44:49.939+09:00 TRACE 18064 --- [    Test worker] org.hibernate.orm.jdbc.bind              : binding parameter (7:VARCHAR) <- [준중형]
2024-01-15T22:44:49.939+09:00 TRACE 18064 --- [    Test worker] org.hibernate.orm.jdbc.bind              : binding parameter (8:VARCHAR) <- [세단]
2024-01-15T22:44:49.945+09:00 TRACE 18064 --- [    Test worker] org.hibernate.orm.jdbc.extract           : extracted value (1:BIGINT) -> [17]
2024-01-15T22:44:49.949+09:00 DEBUG 18064 --- [    Test worker] org.hibernate.SQL                        : 
    /* insert for
        com.example.helloCar.domain.hellocar.domain.car.Car */insert 
    into
        car (brand, car_name, fuel, max_price, min_price, model_year, size, vehicle) 
    values
        (?, ?, ?, ?, ?, ?, ?, ?)
2024-01-15T22:44:49.950+09:00 TRACE 18064 --- [    Test worker] org.hibernate.orm.jdbc.bind              : binding parameter (1:VARCHAR) <- [현대]
2024-01-15T22:44:49.950+09:00 TRACE 18064 --- [    Test worker] org.hibernate.orm.jdbc.bind              : binding parameter (2:VARCHAR) <- [아반떼 md 페이스리프트]
2024-01-15T22:44:49.950+09:00 TRACE 18064 --- [    Test worker] org.hibernate.orm.jdbc.bind              : binding parameter (3:VARCHAR) <- [디젤]
2024-01-15T22:44:49.950+09:00 TRACE 18064 --- [    Test worker] org.hibernate.orm.jdbc.bind              : binding parameter (4:INTEGER) <- [2255]
2024-01-15T22:44:49.951+09:00 TRACE 18064 --- [    Test worker] org.hibernate.orm.jdbc.bind              : binding parameter (5:INTEGER) <- [1595]
2024-01-15T22:44:49.951+09:00 TRACE 18064 --- [    Test worker] org.hibernate.orm.jdbc.bind              : binding parameter (6:INTEGER) <- [2014]
2024-01-15T22:44:49.951+09:00 TRACE 18064 --- [    Test worker] org.hibernate.orm.jdbc.bind              : binding parameter (7:VARCHAR) <- [준중형]
2024-01-15T22:44:49.951+09:00 TRACE 18064 --- [    Test worker] org.hibernate.orm.jdbc.bind              : binding parameter (8:VARCHAR) <- [세단]
2024-01-15T22:44:49.953+09:00 TRACE 18064 --- [    Test worker] org.hibernate.orm.jdbc.extract           : extracted value (1:BIGINT) -> [18]
2024-01-15T22:44:49.959+09:00 DEBUG 18064 --- [    Test worker] org.hibernate.SQL                        : 
    /* insert for
        com.example.helloCar.domain.hellocar.domain.car.Car */insert 
    into
        car (brand, car_name, fuel, max_price, min_price, model_year, size, vehicle) 
    values
        (?, ?, ?, ?, ?, ?, ?, ?)
2024-01-15T22:44:49.959+09:00 TRACE 18064 --- [    Test worker] org.hibernate.orm.jdbc.bind              : binding parameter (1:VARCHAR) <- [현대]
2024-01-15T22:44:49.959+09:00 TRACE 18064 --- [    Test worker] org.hibernate.orm.jdbc.bind              : binding parameter (2:VARCHAR) <- [아반떼 md 페이스리프트]
2024-01-15T22:44:49.960+09:00 TRACE 18064 --- [    Test worker] org.hibernate.orm.jdbc.bind              : binding parameter (3:VARCHAR) <- [LPG]
2024-01-15T22:44:49.960+09:00 TRACE 18064 --- [    Test worker] org.hibernate.orm.jdbc.bind              : binding parameter (4:INTEGER) <- [1696]
2024-01-15T22:44:49.960+09:00 TRACE 18064 --- [    Test worker] org.hibernate.orm.jdbc.bind              : binding parameter (5:INTEGER) <- [1387]
2024-01-15T22:44:49.960+09:00 TRACE 18064 --- [    Test worker] org.hibernate.orm.jdbc.bind              : binding parameter (6:INTEGER) <- [2014]
2024-01-15T22:44:49.960+09:00 TRACE 18064 --- [    Test worker] org.hibernate.orm.jdbc.bind              : binding parameter (7:VARCHAR) <- [준중형]
2024-01-15T22:44:49.960+09:00 TRACE 18064 --- [    Test worker] org.hibernate.orm.jdbc.bind              : binding parameter (8:VARCHAR) <- [세단]
2024-01-15T22:44:49.963+09:00 TRACE 18064 --- [    Test worker] org.hibernate.orm.jdbc.extract           : extracted value (1:BIGINT) -> [19]
2024-01-15T22:44:49.976+09:00 DEBUG 18064 --- [    Test worker] org.hibernate.SQL                        : 
    /* insert for
        com.example.helloCar.domain.hellocar.domain.car.Car */insert 
    into
        car (brand, car_name, fuel, max_price, min_price, model_year, size, vehicle) 
    values
        (?, ?, ?, ?, ?, ?, ?, ?)
2024-01-15T22:44:49.977+09:00 TRACE 18064 --- [    Test worker] org.hibernate.orm.jdbc.bind              : binding parameter (1:VARCHAR) <- [현대]
2024-01-15T22:44:49.977+09:00 TRACE 18064 --- [    Test worker] org.hibernate.orm.jdbc.bind              : binding parameter (2:VARCHAR) <- [아반떼 쿠페]
2024-01-15T22:44:49.977+09:00 TRACE 18064 --- [    Test worker] org.hibernate.orm.jdbc.bind              : binding parameter (3:VARCHAR) <- [가솔린]
2024-01-15T22:44:49.977+09:00 TRACE 18064 --- [    Test worker] org.hibernate.orm.jdbc.bind              : binding parameter (4:INTEGER) <- [2305]
2024-01-15T22:44:49.977+09:00 TRACE 18064 --- [    Test worker] org.hibernate.orm.jdbc.bind              : binding parameter (5:INTEGER) <- [1690]
2024-01-15T22:44:49.977+09:00 TRACE 18064 --- [    Test worker] org.hibernate.orm.jdbc.bind              : binding parameter (6:INTEGER) <- [2014]
2024-01-15T22:44:49.977+09:00 TRACE 18064 --- [    Test worker] org.hibernate.orm.jdbc.bind              : binding parameter (7:VARCHAR) <- [준중형]
2024-01-15T22:44:49.977+09:00 TRACE 18064 --- [    Test worker] org.hibernate.orm.jdbc.bind              : binding parameter (8:VARCHAR) <- [쿠페]
2024-01-15T22:44:50.028+09:00 TRACE 18064 --- [    Test worker] org.hibernate.orm.jdbc.extract           : extracted value (1:BIGINT) -> [20]
2024-01-15T22:44:50.059+09:00 DEBUG 18064 --- [    Test worker] org.hibernate.SQL                        : 
    /* insert for
        com.example.helloCar.domain.hellocar.domain.car.Car */insert 
    into
        car (brand, car_name, fuel, max_price, min_price, model_year, size, vehicle) 
    values
        (?, ?, ?, ?, ?, ?, ?, ?)
2024-01-15T22:44:50.060+09:00 TRACE 18064 --- [    Test worker] org.hibernate.orm.jdbc.bind              : binding parameter (1:VARCHAR) <- [현대]
2024-01-15T22:44:50.060+09:00 TRACE 18064 --- [    Test worker] org.hibernate.orm.jdbc.bind              : binding parameter (2:VARCHAR) <- [아반떼 md 페이스리프트]
2024-01-15T22:44:50.060+09:00 TRACE 18064 --- [    Test worker] org.hibernate.orm.jdbc.bind              : binding parameter (3:VARCHAR) <- [가솔린]
2024-01-15T22:44:50.060+09:00 TRACE 18064 --- [    Test worker] org.hibernate.orm.jdbc.bind              : binding parameter (4:INTEGER) <- [1968]
2024-01-15T22:44:50.060+09:00 TRACE 18064 --- [    Test worker] org.hibernate.orm.jdbc.bind              : binding parameter (5:INTEGER) <- [1384]
2024-01-15T22:44:50.060+09:00 TRACE 18064 --- [    Test worker] org.hibernate.orm.jdbc.bind              : binding parameter (6:INTEGER) <- [2015]
2024-01-15T22:44:50.060+09:00 TRACE 18064 --- [    Test worker] org.hibernate.orm.jdbc.bind              : binding parameter (7:VARCHAR) <- [준중형]
2024-01-15T22:44:50.060+09:00 TRACE 18064 --- [    Test worker] org.hibernate.orm.jdbc.bind              : binding parameter (8:VARCHAR) <- [세단]
2024-01-15T22:44:50.064+09:00 TRACE 18064 --- [    Test worker] org.hibernate.orm.jdbc.extract           : extracted value (1:BIGINT) -> [21]
2024-01-15T22:44:50.067+09:00 DEBUG 18064 --- [    Test worker] org.hibernate.SQL                        : 
    /* insert for
        com.example.helloCar.domain.hellocar.domain.car.Car */insert 
    into
        car (brand, car_name, fuel, max_price, min_price, model_year, size, vehicle) 
    values
        (?, ?, ?, ?, ?, ?, ?, ?)
2024-01-15T22:44:50.067+09:00 TRACE 18064 --- [    Test worker] org.hibernate.orm.jdbc.bind              : binding parameter (1:VARCHAR) <- [현대]
2024-01-15T22:44:50.068+09:00 TRACE 18064 --- [    Test worker] org.hibernate.orm.jdbc.bind              : binding parameter (2:VARCHAR) <- [아반떼 md 페이스리프트]
2024-01-15T22:44:50.068+09:00 TRACE 18064 --- [    Test worker] org.hibernate.orm.jdbc.bind              : binding parameter (3:VARCHAR) <- [디젤]
2024-01-15T22:44:50.068+09:00 TRACE 18064 --- [    Test worker] org.hibernate.orm.jdbc.bind              : binding parameter (4:INTEGER) <- [2155]
2024-01-15T22:44:50.068+09:00 TRACE 18064 --- [    Test worker] org.hibernate.orm.jdbc.bind              : binding parameter (5:INTEGER) <- [1581]
2024-01-15T22:44:50.068+09:00 TRACE 18064 --- [    Test worker] org.hibernate.orm.jdbc.bind              : binding parameter (6:INTEGER) <- [2015]
2024-01-15T22:44:50.068+09:00 TRACE 18064 --- [    Test worker] org.hibernate.orm.jdbc.bind              : binding parameter (7:VARCHAR) <- [준중형]
2024-01-15T22:44:50.068+09:00 TRACE 18064 --- [    Test worker] org.hibernate.orm.jdbc.bind              : binding parameter (8:VARCHAR) <- [세단]
2024-01-15T22:44:50.070+09:00 TRACE 18064 --- [    Test worker] org.hibernate.orm.jdbc.extract           : extracted value (1:BIGINT) -> [22]
2024-01-15T22:44:50.077+09:00 DEBUG 18064 --- [    Test worker] org.hibernate.SQL                        : 
    /* insert for
        com.example.helloCar.domain.hellocar.domain.car.Car */insert 
    into
        car (brand, car_name, fuel, max_price, min_price, model_year, size, vehicle) 
    values
        (?, ?, ?, ?, ?, ?, ?, ?)
2024-01-15T22:44:50.077+09:00 TRACE 18064 --- [    Test worker] org.hibernate.orm.jdbc.bind              : binding parameter (1:VARCHAR) <- [현대]
2024-01-15T22:44:50.078+09:00 TRACE 18064 --- [    Test worker] org.hibernate.orm.jdbc.bind              : binding parameter (2:VARCHAR) <- [아반떼 md 페이스리프트]
2024-01-15T22:44:50.078+09:00 TRACE 18064 --- [    Test worker] org.hibernate.orm.jdbc.bind              : binding parameter (3:VARCHAR) <- [LPG]
2024-01-15T22:44:50.078+09:00 TRACE 18064 --- [    Test worker] org.hibernate.orm.jdbc.bind              : binding parameter (4:INTEGER) <- [1663]
2024-01-15T22:44:50.078+09:00 TRACE 18064 --- [    Test worker] org.hibernate.orm.jdbc.bind              : binding parameter (5:INTEGER) <- [1358]
2024-01-15T22:44:50.078+09:00 TRACE 18064 --- [    Test worker] org.hibernate.orm.jdbc.bind              : binding parameter (6:INTEGER) <- [2015]
2024-01-15T22:44:50.078+09:00 TRACE 18064 --- [    Test worker] org.hibernate.orm.jdbc.bind              : binding parameter (7:VARCHAR) <- [준중형]
2024-01-15T22:44:50.078+09:00 TRACE 18064 --- [    Test worker] org.hibernate.orm.jdbc.bind              : binding parameter (8:VARCHAR) <- [세단]
2024-01-15T22:44:50.083+09:00 TRACE 18064 --- [    Test worker] org.hibernate.orm.jdbc.extract           : extracted value (1:BIGINT) -> [23]
2024-01-15T22:44:50.086+09:00 DEBUG 18064 --- [    Test worker] org.hibernate.SQL                        : 
    /* insert for
        com.example.helloCar.domain.hellocar.domain.car.Car */insert 
    into
        car (brand, car_name, fuel, max_price, min_price, model_year, size, vehicle) 
    values
        (?, ?, ?, ?, ?, ?, ?, ?)
2024-01-15T22:44:50.087+09:00 TRACE 18064 --- [    Test worker] org.hibernate.orm.jdbc.bind              : binding parameter (1:VARCHAR) <- [현대]
2024-01-15T22:44:50.087+09:00 TRACE 18064 --- [    Test worker] org.hibernate.orm.jdbc.bind              : binding parameter (2:VARCHAR) <- [아반떼 쿠페]
2024-01-15T22:44:50.088+09:00 TRACE 18064 --- [    Test worker] org.hibernate.orm.jdbc.bind              : binding parameter (3:VARCHAR) <- [가솔린]
2024-01-15T22:44:50.088+09:00 TRACE 18064 --- [    Test worker] org.hibernate.orm.jdbc.bind              : binding parameter (4:INTEGER) <- [2305]
2024-01-15T22:44:50.088+09:00 TRACE 18064 --- [    Test worker] org.hibernate.orm.jdbc.bind              : binding parameter (5:INTEGER) <- [1690]
2024-01-15T22:44:50.089+09:00 TRACE 18064 --- [    Test worker] org.hibernate.orm.jdbc.bind              : binding parameter (6:INTEGER) <- [2015]
2024-01-15T22:44:50.089+09:00 TRACE 18064 --- [    Test worker] org.hibernate.orm.jdbc.bind              : binding parameter (7:VARCHAR) <- [준중형]
2024-01-15T22:44:50.089+09:00 TRACE 18064 --- [    Test worker] org.hibernate.orm.jdbc.bind              : binding parameter (8:VARCHAR) <- [쿠페]
2024-01-15T22:44:50.090+09:00 TRACE 18064 --- [    Test worker] org.hibernate.orm.jdbc.extract           : extracted value (1:BIGINT) -> [24]
2024-01-15T22:44:50.095+09:00 DEBUG 18064 --- [    Test worker] org.hibernate.SQL                        : 
    /* insert for
        com.example.helloCar.domain.hellocar.domain.car.Car */insert 
    into
        car (brand, car_name, fuel, max_price, min_price, model_year, size, vehicle) 
    values
        (?, ?, ?, ?, ?, ?, ?, ?)
2024-01-15T22:44:50.095+09:00 TRACE 18064 --- [    Test worker] org.hibernate.orm.jdbc.bind              : binding parameter (1:VARCHAR) <- [현대]
2024-01-15T22:44:50.096+09:00 TRACE 18064 --- [    Test worker] org.hibernate.orm.jdbc.bind              : binding parameter (2:VARCHAR) <- [아반떼 ad]
2024-01-15T22:44:50.096+09:00 TRACE 18064 --- [    Test worker] org.hibernate.orm.jdbc.bind              : binding parameter (3:VARCHAR) <- [가솔린]
2024-01-15T22:44:50.096+09:00 TRACE 18064 --- [    Test worker] org.hibernate.orm.jdbc.bind              : binding parameter (4:INTEGER) <- [2455]
2024-01-15T22:44:50.096+09:00 TRACE 18064 --- [    Test worker] org.hibernate.orm.jdbc.bind              : binding parameter (5:INTEGER) <- [1410]
2024-01-15T22:44:50.096+09:00 TRACE 18064 --- [    Test worker] org.hibernate.orm.jdbc.bind              : binding parameter (6:INTEGER) <- [2015]
2024-01-15T22:44:50.096+09:00 TRACE 18064 --- [    Test worker] org.hibernate.orm.jdbc.bind              : binding parameter (7:VARCHAR) <- [준중형]
2024-01-15T22:44:50.096+09:00 TRACE 18064 --- [    Test worker] org.hibernate.orm.jdbc.bind              : binding parameter (8:VARCHAR) <- [세단]
2024-01-15T22:44:50.105+09:00 TRACE 18064 --- [    Test worker] org.hibernate.orm.jdbc.extract           : extracted value (1:BIGINT) -> [25]
2024-01-15T22:44:50.109+09:00 DEBUG 18064 --- [    Test worker] org.hibernate.SQL                        : 
    /* insert for
        com.example.helloCar.domain.hellocar.domain.car.Car */insert 
    into
        car (brand, car_name, fuel, max_price, min_price, model_year, size, vehicle) 
    values
        (?, ?, ?, ?, ?, ?, ?, ?)
2024-01-15T22:44:50.110+09:00 TRACE 18064 --- [    Test worker] org.hibernate.orm.jdbc.bind              : binding parameter (1:VARCHAR) <- [현대]
2024-01-15T22:44:50.110+09:00 TRACE 18064 --- [    Test worker] org.hibernate.orm.jdbc.bind              : binding parameter (2:VARCHAR) <- [아반떼 ad]
2024-01-15T22:44:50.110+09:00 TRACE 18064 --- [    Test worker] org.hibernate.orm.jdbc.bind              : binding parameter (3:VARCHAR) <- [디젤]
2024-01-15T22:44:50.110+09:00 TRACE 18064 --- [    Test worker] org.hibernate.orm.jdbc.bind              : binding parameter (4:INTEGER) <- [2415]
2024-01-15T22:44:50.110+09:00 TRACE 18064 --- [    Test worker] org.hibernate.orm.jdbc.bind              : binding parameter (5:INTEGER) <- [1630]
2024-01-15T22:44:50.110+09:00 TRACE 18064 --- [    Test worker] org.hibernate.orm.jdbc.bind              : binding parameter (6:INTEGER) <- [2015]
2024-01-15T22:44:50.111+09:00 TRACE 18064 --- [    Test worker] org.hibernate.orm.jdbc.bind              : binding parameter (7:VARCHAR) <- [준중형]
2024-01-15T22:44:50.111+09:00 TRACE 18064 --- [    Test worker] org.hibernate.orm.jdbc.bind              : binding parameter (8:VARCHAR) <- [세단]
2024-01-15T22:44:50.114+09:00 TRACE 18064 --- [    Test worker] org.hibernate.orm.jdbc.extract           : extracted value (1:BIGINT) -> [26]
2024-01-15T22:44:50.122+09:00 DEBUG 18064 --- [    Test worker] org.hibernate.SQL                        : 
    /* insert for
        com.example.helloCar.domain.hellocar.domain.car.Car */insert 
    into
        car (brand, car_name, fuel, max_price, min_price, model_year, size, vehicle) 
    values
        (?, ?, ?, ?, ?, ?, ?, ?)
2024-01-15T22:44:50.123+09:00 TRACE 18064 --- [    Test worker] org.hibernate.orm.jdbc.bind              : binding parameter (1:VARCHAR) <- [현대]
2024-01-15T22:44:50.123+09:00 TRACE 18064 --- [    Test worker] org.hibernate.orm.jdbc.bind              : binding parameter (2:VARCHAR) <- [아반떼 ad]
2024-01-15T22:44:50.124+09:00 TRACE 18064 --- [    Test worker] org.hibernate.orm.jdbc.bind              : binding parameter (3:VARCHAR) <- [LPG]
2024-01-15T22:44:50.124+09:00 TRACE 18064 --- [    Test worker] org.hibernate.orm.jdbc.bind              : binding parameter (4:INTEGER) <- [1815]
2024-01-15T22:44:50.124+09:00 TRACE 18064 --- [    Test worker] org.hibernate.orm.jdbc.bind              : binding parameter (5:INTEGER) <- [1590]
2024-01-15T22:44:50.124+09:00 TRACE 18064 --- [    Test worker] org.hibernate.orm.jdbc.bind              : binding parameter (6:INTEGER) <- [2015]
2024-01-15T22:44:50.124+09:00 TRACE 18064 --- [    Test worker] org.hibernate.orm.jdbc.bind              : binding parameter (7:VARCHAR) <- [준중형]
2024-01-15T22:44:50.124+09:00 TRACE 18064 --- [    Test worker] org.hibernate.orm.jdbc.bind              : binding parameter (8:VARCHAR) <- [세단]
2024-01-15T22:44:50.137+09:00 TRACE 18064 --- [    Test worker] org.hibernate.orm.jdbc.extract           : extracted value (1:BIGINT) -> [27]
2024-01-15T22:44:50.140+09:00 DEBUG 18064 --- [    Test worker] org.hibernate.SQL                        : 
    /* insert for
        com.example.helloCar.domain.hellocar.domain.car.Car */insert 
    into
        car (brand, car_name, fuel, max_price, min_price, model_year, size, vehicle) 
    values
        (?, ?, ?, ?, ?, ?, ?, ?)
2024-01-15T22:44:50.141+09:00 TRACE 18064 --- [    Test worker] org.hibernate.orm.jdbc.bind              : binding parameter (1:VARCHAR) <- [현대]
2024-01-15T22:44:50.141+09:00 TRACE 18064 --- [    Test worker] org.hibernate.orm.jdbc.bind              : binding parameter (2:VARCHAR) <- [아반떼 ad]
2024-01-15T22:44:50.141+09:00 TRACE 18064 --- [    Test worker] org.hibernate.orm.jdbc.bind              : binding parameter (3:VARCHAR) <- [가솔린]
2024-01-15T22:44:50.141+09:00 TRACE 18064 --- [    Test worker] org.hibernate.orm.jdbc.bind              : binding parameter (4:INTEGER) <- [2455]
2024-01-15T22:44:50.141+09:00 TRACE 18064 --- [    Test worker] org.hibernate.orm.jdbc.bind              : binding parameter (5:INTEGER) <- [1410]
2024-01-15T22:44:50.141+09:00 TRACE 18064 --- [    Test worker] org.hibernate.orm.jdbc.bind              : binding parameter (6:INTEGER) <- [2016]
2024-01-15T22:44:50.141+09:00 TRACE 18064 --- [    Test worker] org.hibernate.orm.jdbc.bind              : binding parameter (7:VARCHAR) <- [준중형]
2024-01-15T22:44:50.142+09:00 TRACE 18064 --- [    Test worker] org.hibernate.orm.jdbc.bind              : binding parameter (8:VARCHAR) <- [세단]
2024-01-15T22:44:50.154+09:00 TRACE 18064 --- [    Test worker] org.hibernate.orm.jdbc.extract           : extracted value (1:BIGINT) -> [28]
2024-01-15T22:44:50.159+09:00 DEBUG 18064 --- [    Test worker] org.hibernate.SQL                        : 
    /* insert for
        com.example.helloCar.domain.hellocar.domain.car.Car */insert 
    into
        car (brand, car_name, fuel, max_price, min_price, model_year, size, vehicle) 
    values
        (?, ?, ?, ?, ?, ?, ?, ?)
2024-01-15T22:44:50.160+09:00 TRACE 18064 --- [    Test worker] org.hibernate.orm.jdbc.bind              : binding parameter (1:VARCHAR) <- [현대]
2024-01-15T22:44:50.160+09:00 TRACE 18064 --- [    Test worker] org.hibernate.orm.jdbc.bind              : binding parameter (2:VARCHAR) <- [아반떼 ad]
2024-01-15T22:44:50.160+09:00 TRACE 18064 --- [    Test worker] org.hibernate.orm.jdbc.bind              : binding parameter (3:VARCHAR) <- [디젤]
2024-01-15T22:44:50.160+09:00 TRACE 18064 --- [    Test worker] org.hibernate.orm.jdbc.bind              : binding parameter (4:INTEGER) <- [2415]
2024-01-15T22:44:50.160+09:00 TRACE 18064 --- [    Test worker] org.hibernate.orm.jdbc.bind              : binding parameter (5:INTEGER) <- [1630]
2024-01-15T22:44:50.161+09:00 TRACE 18064 --- [    Test worker] org.hibernate.orm.jdbc.bind              : binding parameter (6:INTEGER) <- [2016]
2024-01-15T22:44:50.161+09:00 TRACE 18064 --- [    Test worker] org.hibernate.orm.jdbc.bind              : binding parameter (7:VARCHAR) <- [준중형]
2024-01-15T22:44:50.161+09:00 TRACE 18064 --- [    Test worker] org.hibernate.orm.jdbc.bind              : binding parameter (8:VARCHAR) <- [세단]
2024-01-15T22:44:50.167+09:00 TRACE 18064 --- [    Test worker] org.hibernate.orm.jdbc.extract           : extracted value (1:BIGINT) -> [29]
2024-01-15T22:44:50.193+09:00 DEBUG 18064 --- [    Test worker] org.hibernate.SQL                        : 
    /* insert for
        com.example.helloCar.domain.hellocar.domain.car.Car */insert 
    into
        car (brand, car_name, fuel, max_price, min_price, model_year, size, vehicle) 
    values
        (?, ?, ?, ?, ?, ?, ?, ?)
2024-01-15T22:44:50.194+09:00 TRACE 18064 --- [    Test worker] org.hibernate.orm.jdbc.bind              : binding parameter (1:VARCHAR) <- [현대]
2024-01-15T22:44:50.194+09:00 TRACE 18064 --- [    Test worker] org.hibernate.orm.jdbc.bind              : binding parameter (2:VARCHAR) <- [아반떼 ad]
2024-01-15T22:44:50.194+09:00 TRACE 18064 --- [    Test worker] org.hibernate.orm.jdbc.bind              : binding parameter (3:VARCHAR) <- [LPG]
2024-01-15T22:44:50.194+09:00 TRACE 18064 --- [    Test worker] org.hibernate.orm.jdbc.bind              : binding parameter (4:INTEGER) <- [1815]
2024-01-15T22:44:50.194+09:00 TRACE 18064 --- [    Test worker] org.hibernate.orm.jdbc.bind              : binding parameter (5:INTEGER) <- [1590]
2024-01-15T22:44:50.194+09:00 TRACE 18064 --- [    Test worker] org.hibernate.orm.jdbc.bind              : binding parameter (6:INTEGER) <- [2016]
2024-01-15T22:44:50.194+09:00 TRACE 18064 --- [    Test worker] org.hibernate.orm.jdbc.bind              : binding parameter (7:VARCHAR) <- [준중형]
2024-01-15T22:44:50.194+09:00 TRACE 18064 --- [    Test worker] org.hibernate.orm.jdbc.bind              : binding parameter (8:VARCHAR) <- [세단]
2024-01-15T22:44:50.196+09:00 TRACE 18064 --- [    Test worker] org.hibernate.orm.jdbc.extract           : extracted value (1:BIGINT) -> [30]
2024-01-15T22:44:50.201+09:00 DEBUG 18064 --- [    Test worker] org.hibernate.SQL                        : 
    /* insert for
        com.example.helloCar.domain.hellocar.domain.car.Car */insert 
    into
        car (brand, car_name, fuel, max_price, min_price, model_year, size, vehicle) 
    values
        (?, ?, ?, ?, ?, ?, ?, ?)
2024-01-15T22:44:50.202+09:00 TRACE 18064 --- [    Test worker] org.hibernate.orm.jdbc.bind              : binding parameter (1:VARCHAR) <- [현대]
2024-01-15T22:44:50.202+09:00 TRACE 18064 --- [    Test worker] org.hibernate.orm.jdbc.bind              : binding parameter (2:VARCHAR) <- [아반떼 ad]
2024-01-15T22:44:50.202+09:00 TRACE 18064 --- [    Test worker] org.hibernate.orm.jdbc.bind              : binding parameter (3:VARCHAR) <- [가솔린]
2024-01-15T22:44:50.202+09:00 TRACE 18064 --- [    Test worker] org.hibernate.orm.jdbc.bind              : binding parameter (4:INTEGER) <- [2415]
2024-01-15T22:44:50.202+09:00 TRACE 18064 --- [    Test worker] org.hibernate.orm.jdbc.bind              : binding parameter (5:INTEGER) <- [1394]
2024-01-15T22:44:50.203+09:00 TRACE 18064 --- [    Test worker] org.hibernate.orm.jdbc.bind              : binding parameter (6:INTEGER) <- [2017]
2024-01-15T22:44:50.203+09:00 TRACE 18064 --- [    Test worker] org.hibernate.orm.jdbc.bind              : binding parameter (7:VARCHAR) <- [준중형]
2024-01-15T22:44:50.203+09:00 TRACE 18064 --- [    Test worker] org.hibernate.orm.jdbc.bind              : binding parameter (8:VARCHAR) <- [세단]
2024-01-15T22:44:50.205+09:00 TRACE 18064 --- [    Test worker] org.hibernate.orm.jdbc.extract           : extracted value (1:BIGINT) -> [31]
2024-01-15T22:44:50.228+09:00 DEBUG 18064 --- [    Test worker] org.hibernate.SQL                        : 
    /* insert for
        com.example.helloCar.domain.hellocar.domain.car.Car */insert 
    into
        car (brand, car_name, fuel, max_price, min_price, model_year, size, vehicle) 
    values
        (?, ?, ?, ?, ?, ?, ?, ?)
2024-01-15T22:44:50.228+09:00 TRACE 18064 --- [    Test worker] org.hibernate.orm.jdbc.bind              : binding parameter (1:VARCHAR) <- [현대]
2024-01-15T22:44:50.228+09:00 TRACE 18064 --- [    Test worker] org.hibernate.orm.jdbc.bind              : binding parameter (2:VARCHAR) <- [아반떼 ad]
2024-01-15T22:44:50.228+09:00 TRACE 18064 --- [    Test worker] org.hibernate.orm.jdbc.bind              : binding parameter (3:VARCHAR) <- [디젤]
2024-01-15T22:44:50.228+09:00 TRACE 18064 --- [    Test worker] org.hibernate.orm.jdbc.bind              : binding parameter (4:INTEGER) <- [2383]
2024-01-15T22:44:50.229+09:00 TRACE 18064 --- [    Test worker] org.hibernate.orm.jdbc.bind              : binding parameter (5:INTEGER) <- [1610]
2024-01-15T22:44:50.229+09:00 TRACE 18064 --- [    Test worker] org.hibernate.orm.jdbc.bind              : binding parameter (6:INTEGER) <- [2017]
2024-01-15T22:44:50.229+09:00 TRACE 18064 --- [    Test worker] org.hibernate.orm.jdbc.bind              : binding parameter (7:VARCHAR) <- [준중형]
2024-01-15T22:44:50.229+09:00 TRACE 18064 --- [    Test worker] org.hibernate.orm.jdbc.bind              : binding parameter (8:VARCHAR) <- [세단]
2024-01-15T22:44:50.235+09:00 TRACE 18064 --- [    Test worker] org.hibernate.orm.jdbc.extract           : extracted value (1:BIGINT) -> [32]
2024-01-15T22:44:50.240+09:00 DEBUG 18064 --- [    Test worker] org.hibernate.SQL                        : 
    /* insert for
        com.example.helloCar.domain.hellocar.domain.car.Car */insert 
    into
        car (brand, car_name, fuel, max_price, min_price, model_year, size, vehicle) 
    values
        (?, ?, ?, ?, ?, ?, ?, ?)
2024-01-15T22:44:50.240+09:00 TRACE 18064 --- [    Test worker] org.hibernate.orm.jdbc.bind              : binding parameter (1:VARCHAR) <- [현대]
2024-01-15T22:44:50.240+09:00 TRACE 18064 --- [    Test worker] org.hibernate.orm.jdbc.bind              : binding parameter (2:VARCHAR) <- [아반떼 ad]
2024-01-15T22:44:50.240+09:00 TRACE 18064 --- [    Test worker] org.hibernate.orm.jdbc.bind              : binding parameter (3:VARCHAR) <- [LPG]
2024-01-15T22:44:50.240+09:00 TRACE 18064 --- [    Test worker] org.hibernate.orm.jdbc.bind              : binding parameter (4:INTEGER) <- [1840]
2024-01-15T22:44:50.240+09:00 TRACE 18064 --- [    Test worker] org.hibernate.orm.jdbc.bind              : binding parameter (5:INTEGER) <- [1600]
2024-01-15T22:44:50.240+09:00 TRACE 18064 --- [    Test worker] org.hibernate.orm.jdbc.bind              : binding parameter (6:INTEGER) <- [2017]
2024-01-15T22:44:50.240+09:00 TRACE 18064 --- [    Test worker] org.hibernate.orm.jdbc.bind              : binding parameter (7:VARCHAR) <- [준중형]
2024-01-15T22:44:50.240+09:00 TRACE 18064 --- [    Test worker] org.hibernate.orm.jdbc.bind              : binding parameter (8:VARCHAR) <- [세단]
2024-01-15T22:44:50.248+09:00 TRACE 18064 --- [    Test worker] org.hibernate.orm.jdbc.extract           : extracted value (1:BIGINT) -> [33]
2024-01-15T22:44:50.256+09:00 DEBUG 18064 --- [    Test worker] org.hibernate.SQL                        : 
    /* insert for
        com.example.helloCar.domain.hellocar.domain.car.Car */insert 
    into
        car (brand, car_name, fuel, max_price, min_price, model_year, size, vehicle) 
    values
        (?, ?, ?, ?, ?, ?, ?, ?)
2024-01-15T22:44:50.256+09:00 TRACE 18064 --- [    Test worker] org.hibernate.orm.jdbc.bind              : binding parameter (1:VARCHAR) <- [현대]
2024-01-15T22:44:50.256+09:00 TRACE 18064 --- [    Test worker] org.hibernate.orm.jdbc.bind              : binding parameter (2:VARCHAR) <- [아반떼 ad]
2024-01-15T22:44:50.256+09:00 TRACE 18064 --- [    Test worker] org.hibernate.orm.jdbc.bind              : binding parameter (3:VARCHAR) <- [가솔린]
2024-01-15T22:44:50.256+09:00 TRACE 18064 --- [    Test worker] org.hibernate.orm.jdbc.bind              : binding parameter (4:INTEGER) <- [2415]
2024-01-15T22:44:50.256+09:00 TRACE 18064 --- [    Test worker] org.hibernate.orm.jdbc.bind              : binding parameter (5:INTEGER) <- [1394]
2024-01-15T22:44:50.256+09:00 TRACE 18064 --- [    Test worker] org.hibernate.orm.jdbc.bind              : binding parameter (6:INTEGER) <- [2018]
2024-01-15T22:44:50.256+09:00 TRACE 18064 --- [    Test worker] org.hibernate.orm.jdbc.bind              : binding parameter (7:VARCHAR) <- [준중형]
2024-01-15T22:44:50.256+09:00 TRACE 18064 --- [    Test worker] org.hibernate.orm.jdbc.bind              : binding parameter (8:VARCHAR) <- [세단]
2024-01-15T22:44:50.268+09:00 TRACE 18064 --- [    Test worker] org.hibernate.orm.jdbc.extract           : extracted value (1:BIGINT) -> [34]
2024-01-15T22:44:50.277+09:00 DEBUG 18064 --- [    Test worker] org.hibernate.SQL                        : 
    /* insert for
        com.example.helloCar.domain.hellocar.domain.car.Car */insert 
    into
        car (brand, car_name, fuel, max_price, min_price, model_year, size, vehicle) 
    values
        (?, ?, ?, ?, ?, ?, ?, ?)
2024-01-15T22:44:50.278+09:00 TRACE 18064 --- [    Test worker] org.hibernate.orm.jdbc.bind              : binding parameter (1:VARCHAR) <- [현대]
2024-01-15T22:44:50.278+09:00 TRACE 18064 --- [    Test worker] org.hibernate.orm.jdbc.bind              : binding parameter (2:VARCHAR) <- [아반떼 ad]
2024-01-15T22:44:50.278+09:00 TRACE 18064 --- [    Test worker] org.hibernate.orm.jdbc.bind              : binding parameter (3:VARCHAR) <- [디젤]
2024-01-15T22:44:50.278+09:00 TRACE 18064 --- [    Test worker] org.hibernate.orm.jdbc.bind              : binding parameter (4:INTEGER) <- [2383]
2024-01-15T22:44:50.278+09:00 TRACE 18064 --- [    Test worker] org.hibernate.orm.jdbc.bind              : binding parameter (5:INTEGER) <- [1610]
2024-01-15T22:44:50.278+09:00 TRACE 18064 --- [    Test worker] org.hibernate.orm.jdbc.bind              : binding parameter (6:INTEGER) <- [2018]
2024-01-15T22:44:50.278+09:00 TRACE 18064 --- [    Test worker] org.hibernate.orm.jdbc.bind              : binding parameter (7:VARCHAR) <- [준중형]
2024-01-15T22:44:50.278+09:00 TRACE 18064 --- [    Test worker] org.hibernate.orm.jdbc.bind              : binding parameter (8:VARCHAR) <- [세단]
2024-01-15T22:44:50.285+09:00 TRACE 18064 --- [    Test worker] org.hibernate.orm.jdbc.extract           : extracted value (1:BIGINT) -> [35]
2024-01-15T22:44:50.289+09:00 DEBUG 18064 --- [    Test worker] org.hibernate.SQL                        : 
    /* insert for
        com.example.helloCar.domain.hellocar.domain.car.Car */insert 
    into
        car (brand, car_name, fuel, max_price, min_price, model_year, size, vehicle) 
    values
        (?, ?, ?, ?, ?, ?, ?, ?)
2024-01-15T22:44:50.289+09:00 TRACE 18064 --- [    Test worker] org.hibernate.orm.jdbc.bind              : binding parameter (1:VARCHAR) <- [현대]
2024-01-15T22:44:50.290+09:00 TRACE 18064 --- [    Test worker] org.hibernate.orm.jdbc.bind              : binding parameter (2:VARCHAR) <- [아반떼 ad]
2024-01-15T22:44:50.290+09:00 TRACE 18064 --- [    Test worker] org.hibernate.orm.jdbc.bind              : binding parameter (3:VARCHAR) <- [LPG]
2024-01-15T22:44:50.290+09:00 TRACE 18064 --- [    Test worker] org.hibernate.orm.jdbc.bind              : binding parameter (4:INTEGER) <- [1840]
2024-01-15T22:44:50.290+09:00 TRACE 18064 --- [    Test worker] org.hibernate.orm.jdbc.bind              : binding parameter (5:INTEGER) <- [1600]
2024-01-15T22:44:50.290+09:00 TRACE 18064 --- [    Test worker] org.hibernate.orm.jdbc.bind              : binding parameter (6:INTEGER) <- [2018]
2024-01-15T22:44:50.290+09:00 TRACE 18064 --- [    Test worker] org.hibernate.orm.jdbc.bind              : binding parameter (7:VARCHAR) <- [준중형]
2024-01-15T22:44:50.290+09:00 TRACE 18064 --- [    Test worker] org.hibernate.orm.jdbc.bind              : binding parameter (8:VARCHAR) <- [세단]
2024-01-15T22:44:50.293+09:00 TRACE 18064 --- [    Test worker] org.hibernate.orm.jdbc.extract           : extracted value (1:BIGINT) -> [36]
2024-01-15T22:44:50.298+09:00 DEBUG 18064 --- [    Test worker] org.hibernate.SQL                        : 
    /* insert for
        com.example.helloCar.domain.hellocar.domain.car.Car */insert 
    into
        car (brand, car_name, fuel, max_price, min_price, model_year, size, vehicle) 
    values
        (?, ?, ?, ?, ?, ?, ?, ?)
2024-01-15T22:44:50.298+09:00 TRACE 18064 --- [    Test worker] org.hibernate.orm.jdbc.bind              : binding parameter (1:VARCHAR) <- [현대]
2024-01-15T22:44:50.299+09:00 TRACE 18064 --- [    Test worker] org.hibernate.orm.jdbc.bind              : binding parameter (2:VARCHAR) <- [아반떼 ad 페이스리프트]
2024-01-15T22:44:50.299+09:00 TRACE 18064 --- [    Test worker] org.hibernate.orm.jdbc.bind              : binding parameter (3:VARCHAR) <- [가솔린]
2024-01-15T22:44:50.299+09:00 TRACE 18064 --- [    Test worker] org.hibernate.orm.jdbc.bind              : binding parameter (4:INTEGER) <- [2365]
2024-01-15T22:44:50.299+09:00 TRACE 18064 --- [    Test worker] org.hibernate.orm.jdbc.bind              : binding parameter (5:INTEGER) <- [1404]
2024-01-15T22:44:50.299+09:00 TRACE 18064 --- [    Test worker] org.hibernate.orm.jdbc.bind              : binding parameter (6:INTEGER) <- [2018]
2024-01-15T22:44:50.299+09:00 TRACE 18064 --- [    Test worker] org.hibernate.orm.jdbc.bind              : binding parameter (7:VARCHAR) <- [준중형]
2024-01-15T22:44:50.299+09:00 TRACE 18064 --- [    Test worker] org.hibernate.orm.jdbc.bind              : binding parameter (8:VARCHAR) <- [세단]
2024-01-15T22:44:50.305+09:00 TRACE 18064 --- [    Test worker] org.hibernate.orm.jdbc.extract           : extracted value (1:BIGINT) -> [37]
2024-01-15T22:44:50.315+09:00 DEBUG 18064 --- [    Test worker] org.hibernate.SQL                        : 
    /* insert for
        com.example.helloCar.domain.hellocar.domain.car.Car */insert 
    into
        car (brand, car_name, fuel, max_price, min_price, model_year, size, vehicle) 
    values
        (?, ?, ?, ?, ?, ?, ?, ?)
2024-01-15T22:44:50.315+09:00 TRACE 18064 --- [    Test worker] org.hibernate.orm.jdbc.bind              : binding parameter (1:VARCHAR) <- [현대]
2024-01-15T22:44:50.315+09:00 TRACE 18064 --- [    Test worker] org.hibernate.orm.jdbc.bind              : binding parameter (2:VARCHAR) <- [아반떼 ad 페이스리프트]
2024-01-15T22:44:50.315+09:00 TRACE 18064 --- [    Test worker] org.hibernate.orm.jdbc.bind              : binding parameter (3:VARCHAR) <- [디젤]
2024-01-15T22:44:50.315+09:00 TRACE 18064 --- [    Test worker] org.hibernate.orm.jdbc.bind              : binding parameter (4:INTEGER) <- [2454]
2024-01-15T22:44:50.316+09:00 TRACE 18064 --- [    Test worker] org.hibernate.orm.jdbc.bind              : binding parameter (5:INTEGER) <- [1796]
2024-01-15T22:44:50.316+09:00 TRACE 18064 --- [    Test worker] org.hibernate.orm.jdbc.bind              : binding parameter (6:INTEGER) <- [2018]
2024-01-15T22:44:50.316+09:00 TRACE 18064 --- [    Test worker] org.hibernate.orm.jdbc.bind              : binding parameter (7:VARCHAR) <- [준중형]
2024-01-15T22:44:50.316+09:00 TRACE 18064 --- [    Test worker] org.hibernate.orm.jdbc.bind              : binding parameter (8:VARCHAR) <- [세단]
2024-01-15T22:44:50.319+09:00 TRACE 18064 --- [    Test worker] org.hibernate.orm.jdbc.extract           : extracted value (1:BIGINT) -> [38]
2024-01-15T22:44:50.323+09:00 DEBUG 18064 --- [    Test worker] org.hibernate.SQL                        : 
    /* insert for
        com.example.helloCar.domain.hellocar.domain.car.Car */insert 
    into
        car (brand, car_name, fuel, max_price, min_price, model_year, size, vehicle) 
    values
        (?, ?, ?, ?, ?, ?, ?, ?)
2024-01-15T22:44:50.323+09:00 TRACE 18064 --- [    Test worker] org.hibernate.orm.jdbc.bind              : binding parameter (1:VARCHAR) <- [현대]
2024-01-15T22:44:50.323+09:00 TRACE 18064 --- [    Test worker] org.hibernate.orm.jdbc.bind              : binding parameter (2:VARCHAR) <- [아반떼 ad 페이스리프트]
2024-01-15T22:44:50.323+09:00 TRACE 18064 --- [    Test worker] org.hibernate.orm.jdbc.bind              : binding parameter (3:VARCHAR) <- [LPG]
2024-01-15T22:44:50.324+09:00 TRACE 18064 --- [    Test worker] org.hibernate.orm.jdbc.bind              : binding parameter (4:INTEGER) <- [1861]
2024-01-15T22:44:50.324+09:00 TRACE 18064 --- [    Test worker] org.hibernate.orm.jdbc.bind              : binding parameter (5:INTEGER) <- [1617]
2024-01-15T22:44:50.324+09:00 TRACE 18064 --- [    Test worker] org.hibernate.orm.jdbc.bind              : binding parameter (6:INTEGER) <- [2018]
2024-01-15T22:44:50.324+09:00 TRACE 18064 --- [    Test worker] org.hibernate.orm.jdbc.bind              : binding parameter (7:VARCHAR) <- [준중형]
2024-01-15T22:44:50.324+09:00 TRACE 18064 --- [    Test worker] org.hibernate.orm.jdbc.bind              : binding parameter (8:VARCHAR) <- [세단]
2024-01-15T22:44:50.326+09:00 TRACE 18064 --- [    Test worker] org.hibernate.orm.jdbc.extract           : extracted value (1:BIGINT) -> [39]
2024-01-15T22:44:50.329+09:00 DEBUG 18064 --- [    Test worker] org.hibernate.SQL                        : 
    /* insert for
        com.example.helloCar.domain.hellocar.domain.car.Car */insert 
    into
        car (brand, car_name, fuel, max_price, min_price, model_year, size, vehicle) 
    values
        (?, ?, ?, ?, ?, ?, ?, ?)
2024-01-15T22:44:50.330+09:00 TRACE 18064 --- [    Test worker] org.hibernate.orm.jdbc.bind              : binding parameter (1:VARCHAR) <- [현대]
2024-01-15T22:44:50.330+09:00 TRACE 18064 --- [    Test worker] org.hibernate.orm.jdbc.bind              : binding parameter (2:VARCHAR) <- [아반떼 ad]
2024-01-15T22:44:50.330+09:00 TRACE 18064 --- [    Test worker] org.hibernate.orm.jdbc.bind              : binding parameter (3:VARCHAR) <- [가솔린]
2024-01-15T22:44:50.330+09:00 TRACE 18064 --- [    Test worker] org.hibernate.orm.jdbc.bind              : binding parameter (4:INTEGER) <- [2306]
2024-01-15T22:44:50.330+09:00 TRACE 18064 --- [    Test worker] org.hibernate.orm.jdbc.bind              : binding parameter (5:INTEGER) <- [1376]
2024-01-15T22:44:50.330+09:00 TRACE 18064 --- [    Test worker] org.hibernate.orm.jdbc.bind              : binding parameter (6:INTEGER) <- [2019]
2024-01-15T22:44:50.330+09:00 TRACE 18064 --- [    Test worker] org.hibernate.orm.jdbc.bind              : binding parameter (7:VARCHAR) <- [준중형]
2024-01-15T22:44:50.330+09:00 TRACE 18064 --- [    Test worker] org.hibernate.orm.jdbc.bind              : binding parameter (8:VARCHAR) <- [세단]
2024-01-15T22:44:50.331+09:00 TRACE 18064 --- [    Test worker] org.hibernate.orm.jdbc.extract           : extracted value (1:BIGINT) -> [40]
2024-01-15T22:44:50.335+09:00 DEBUG 18064 --- [    Test worker] org.hibernate.SQL                        : 
    /* insert for
        com.example.helloCar.domain.hellocar.domain.car.Car */insert 
    into
        car (brand, car_name, fuel, max_price, min_price, model_year, size, vehicle) 
    values
        (?, ?, ?, ?, ?, ?, ?, ?)
2024-01-15T22:44:50.335+09:00 TRACE 18064 --- [    Test worker] org.hibernate.orm.jdbc.bind              : binding parameter (1:VARCHAR) <- [현대]
2024-01-15T22:44:50.335+09:00 TRACE 18064 --- [    Test worker] org.hibernate.orm.jdbc.bind              : binding parameter (2:VARCHAR) <- [아반떼 ad]
2024-01-15T22:44:50.335+09:00 TRACE 18064 --- [    Test worker] org.hibernate.orm.jdbc.bind              : binding parameter (3:VARCHAR) <- [디젤]
2024-01-15T22:44:50.335+09:00 TRACE 18064 --- [    Test worker] org.hibernate.orm.jdbc.bind              : binding parameter (4:INTEGER) <- [2454]
2024-01-15T22:44:50.335+09:00 TRACE 18064 --- [    Test worker] org.hibernate.orm.jdbc.bind              : binding parameter (5:INTEGER) <- [1803]
2024-01-15T22:44:50.335+09:00 TRACE 18064 --- [    Test worker] org.hibernate.orm.jdbc.bind              : binding parameter (6:INTEGER) <- [2019]
2024-01-15T22:44:50.336+09:00 TRACE 18064 --- [    Test worker] org.hibernate.orm.jdbc.bind              : binding parameter (7:VARCHAR) <- [준중형]
2024-01-15T22:44:50.336+09:00 TRACE 18064 --- [    Test worker] org.hibernate.orm.jdbc.bind              : binding parameter (8:VARCHAR) <- [세단]
2024-01-15T22:44:50.337+09:00 TRACE 18064 --- [    Test worker] org.hibernate.orm.jdbc.extract           : extracted value (1:BIGINT) -> [41]
2024-01-15T22:44:50.344+09:00 DEBUG 18064 --- [    Test worker] org.hibernate.SQL                        : 
    /* insert for
        com.example.helloCar.domain.hellocar.domain.car.Car */insert 
    into
        car (brand, car_name, fuel, max_price, min_price, model_year, size, vehicle) 
    values
        (?, ?, ?, ?, ?, ?, ?, ?)
2024-01-15T22:44:50.344+09:00 TRACE 18064 --- [    Test worker] org.hibernate.orm.jdbc.bind              : binding parameter (1:VARCHAR) <- [현대]
2024-01-15T22:44:50.344+09:00 TRACE 18064 --- [    Test worker] org.hibernate.orm.jdbc.bind              : binding parameter (2:VARCHAR) <- [아반떼 ad]
2024-01-15T22:44:50.344+09:00 TRACE 18064 --- [    Test worker] org.hibernate.orm.jdbc.bind              : binding parameter (3:VARCHAR) <- [LPG]
2024-01-15T22:44:50.345+09:00 TRACE 18064 --- [    Test worker] org.hibernate.orm.jdbc.bind              : binding parameter (4:INTEGER) <- [2050]
2024-01-15T22:44:50.345+09:00 TRACE 18064 --- [    Test worker] org.hibernate.orm.jdbc.bind              : binding parameter (5:INTEGER) <- [1656]
2024-01-15T22:44:50.345+09:00 TRACE 18064 --- [    Test worker] org.hibernate.orm.jdbc.bind              : binding parameter (6:INTEGER) <- [2019]
2024-01-15T22:44:50.345+09:00 TRACE 18064 --- [    Test worker] org.hibernate.orm.jdbc.bind              : binding parameter (7:VARCHAR) <- [준중형]
2024-01-15T22:44:50.345+09:00 TRACE 18064 --- [    Test worker] org.hibernate.orm.jdbc.bind              : binding parameter (8:VARCHAR) <- [세단]
2024-01-15T22:44:50.350+09:00 TRACE 18064 --- [    Test worker] org.hibernate.orm.jdbc.extract           : extracted value (1:BIGINT) -> [42]
2024-01-15T22:44:50.357+09:00 DEBUG 18064 --- [    Test worker] org.hibernate.SQL                        : 
    /* insert for
        com.example.helloCar.domain.hellocar.domain.car.Car */insert 
    into
        car (brand, car_name, fuel, max_price, min_price, model_year, size, vehicle) 
    values
        (?, ?, ?, ?, ?, ?, ?, ?)
2024-01-15T22:44:50.357+09:00 TRACE 18064 --- [    Test worker] org.hibernate.orm.jdbc.bind              : binding parameter (1:VARCHAR) <- [현대]
2024-01-15T22:44:50.358+09:00 TRACE 18064 --- [    Test worker] org.hibernate.orm.jdbc.bind              : binding parameter (2:VARCHAR) <- [아반떼 ad]
2024-01-15T22:44:50.358+09:00 TRACE 18064 --- [    Test worker] org.hibernate.orm.jdbc.bind              : binding parameter (3:VARCHAR) <- [가솔린]
2024-01-15T22:44:50.358+09:00 TRACE 18064 --- [    Test worker] org.hibernate.orm.jdbc.bind              : binding parameter (4:INTEGER) <- [2306]
2024-01-15T22:44:50.358+09:00 TRACE 18064 --- [    Test worker] org.hibernate.orm.jdbc.bind              : binding parameter (5:INTEGER) <- [1376]
2024-01-15T22:44:50.358+09:00 TRACE 18064 --- [    Test worker] org.hibernate.orm.jdbc.bind              : binding parameter (6:INTEGER) <- [2020]
2024-01-15T22:44:50.358+09:00 TRACE 18064 --- [    Test worker] org.hibernate.orm.jdbc.bind              : binding parameter (7:VARCHAR) <- [준중형]
2024-01-15T22:44:50.358+09:00 TRACE 18064 --- [    Test worker] org.hibernate.orm.jdbc.bind              : binding parameter (8:VARCHAR) <- [세단]
2024-01-15T22:44:50.364+09:00 TRACE 18064 --- [    Test worker] org.hibernate.orm.jdbc.extract           : extracted value (1:BIGINT) -> [43]
2024-01-15T22:44:50.366+09:00 DEBUG 18064 --- [    Test worker] org.hibernate.SQL                        : 
    /* insert for
        com.example.helloCar.domain.hellocar.domain.car.Car */insert 
    into
        car (brand, car_name, fuel, max_price, min_price, model_year, size, vehicle) 
    values
        (?, ?, ?, ?, ?, ?, ?, ?)
2024-01-15T22:44:50.367+09:00 TRACE 18064 --- [    Test worker] org.hibernate.orm.jdbc.bind              : binding parameter (1:VARCHAR) <- [현대]
2024-01-15T22:44:50.367+09:00 TRACE 18064 --- [    Test worker] org.hibernate.orm.jdbc.bind              : binding parameter (2:VARCHAR) <- [아반떼 ad]
2024-01-15T22:44:50.367+09:00 TRACE 18064 --- [    Test worker] org.hibernate.orm.jdbc.bind              : binding parameter (3:VARCHAR) <- [디젤]
2024-01-15T22:44:50.367+09:00 TRACE 18064 --- [    Test worker] org.hibernate.orm.jdbc.bind              : binding parameter (4:INTEGER) <- [2454]
2024-01-15T22:44:50.367+09:00 TRACE 18064 --- [    Test worker] org.hibernate.orm.jdbc.bind              : binding parameter (5:INTEGER) <- [1803]
2024-01-15T22:44:50.367+09:00 TRACE 18064 --- [    Test worker] org.hibernate.orm.jdbc.bind              : binding parameter (6:INTEGER) <- [2020]
2024-01-15T22:44:50.367+09:00 TRACE 18064 --- [    Test worker] org.hibernate.orm.jdbc.bind              : binding parameter (7:VARCHAR) <- [준중형]
2024-01-15T22:44:50.367+09:00 TRACE 18064 --- [    Test worker] org.hibernate.orm.jdbc.bind              : binding parameter (8:VARCHAR) <- [세단]
2024-01-15T22:44:50.375+09:00 TRACE 18064 --- [    Test worker] org.hibernate.orm.jdbc.extract           : extracted value (1:BIGINT) -> [44]
2024-01-15T22:44:50.378+09:00 DEBUG 18064 --- [    Test worker] org.hibernate.SQL                        : 
    /* insert for
        com.example.helloCar.domain.hellocar.domain.car.Car */insert 
    into
        car (brand, car_name, fuel, max_price, min_price, model_year, size, vehicle) 
    values
        (?, ?, ?, ?, ?, ?, ?, ?)
2024-01-15T22:44:50.378+09:00 TRACE 18064 --- [    Test worker] org.hibernate.orm.jdbc.bind              : binding parameter (1:VARCHAR) <- [현대]
2024-01-15T22:44:50.378+09:00 TRACE 18064 --- [    Test worker] org.hibernate.orm.jdbc.bind              : binding parameter (2:VARCHAR) <- [아반떼 ad]
2024-01-15T22:44:50.378+09:00 TRACE 18064 --- [    Test worker] org.hibernate.orm.jdbc.bind              : binding parameter (3:VARCHAR) <- [LPG]
2024-01-15T22:44:50.378+09:00 TRACE 18064 --- [    Test worker] org.hibernate.orm.jdbc.bind              : binding parameter (4:INTEGER) <- [2050]
2024-01-15T22:44:50.378+09:00 TRACE 18064 --- [    Test worker] org.hibernate.orm.jdbc.bind              : binding parameter (5:INTEGER) <- [1656]
[...]
2024-01-15T22:44:50.628+09:00 DEBUG 18064 --- [    Test worker] org.hibernate.SQL                        : 
    /* insert for
        com.example.helloCar.domain.hellocar.domain.car.Car */insert 
    into
        car (brand, car_name, fuel, max_price, min_price, model_year, size, vehicle) 
    values
        (?, ?, ?, ?, ?, ?, ?, ?)
2024-01-15T22:44:50.629+09:00 TRACE 18064 --- [    Test worker] org.hibernate.orm.jdbc.bind              : binding parameter (1:VARCHAR) <- [현대]
2024-01-15T22:44:50.629+09:00 TRACE 18064 --- [    Test worker] org.hibernate.orm.jdbc.bind              : binding parameter (2:VARCHAR) <- [아반떼 CN7]
2024-01-15T22:44:50.629+09:00 TRACE 18064 --- [    Test worker] org.hibernate.orm.jdbc.bind              : binding parameter (3:VARCHAR) <- [가솔린]
2024-01-15T22:44:50.629+09:00 TRACE 18064 --- [    Test worker] org.hibernate.orm.jdbc.bind              : binding parameter (4:INTEGER) <- [2806]
2024-01-15T22:44:50.629+09:00 TRACE 18064 --- [    Test worker] org.hibernate.orm.jdbc.bind              : binding parameter (5:INTEGER) <- [1866]
2024-01-15T22:44:50.629+09:00 TRACE 18064 --- [    Test worker] org.hibernate.orm.jdbc.bind              : binding parameter (6:INTEGER) <- [2022]
2024-01-15T22:44:50.629+09:00 TRACE 18064 --- [    Test worker] org.hibernate.orm.jdbc.bind              : binding parameter (7:VARCHAR) <- [준중형]
2024-01-15T22:44:50.629+09:00 TRACE 18064 --- [    Test worker] org.hibernate.orm.jdbc.bind              : binding parameter (8:VARCHAR) <- [세단]
2024-01-15T22:44:50.665+09:00 TRACE 18064 --- [    Test worker] org.hibernate.orm.jdbc.extract           : extracted value (1:BIGINT) -> [53]
2024-01-15T22:44:50.709+09:00 DEBUG 18064 --- [    Test worker] org.hibernate.SQL                        : 
    /* insert for
        com.example.helloCar.domain.hellocar.domain.car.Car */insert 
    into
        car (brand, car_name, fuel, max_price, min_price, model_year, size, vehicle) 
    values
        (?, ?, ?, ?, ?, ?, ?, ?)
2024-01-15T22:44:50.709+09:00 TRACE 18064 --- [    Test worker] org.hibernate.orm.jdbc.bind              : binding parameter (1:VARCHAR) <- [현대]
2024-01-15T22:44:50.709+09:00 TRACE 18064 --- [    Test worker] org.hibernate.orm.jdbc.bind              : binding parameter (2:VARCHAR) <- [아반떼 CN7]
2024-01-15T22:44:50.710+09:00 TRACE 18064 --- [    Test worker] org.hibernate.orm.jdbc.bind              : binding parameter (3:VARCHAR) <- [LPG]
2024-01-15T22:44:50.710+09:00 TRACE 18064 --- [    Test worker] org.hibernate.orm.jdbc.bind              : binding parameter (4:INTEGER) <- [2641]
2024-01-15T22:44:50.710+09:00 TRACE 18064 --- [    Test worker] org.hibernate.orm.jdbc.bind              : binding parameter (5:INTEGER) <- [2005]
2024-01-15T22:44:50.710+09:00 TRACE 18064 --- [    Test worker] org.hibernate.orm.jdbc.bind              : binding parameter (6:INTEGER) <- [2022]
2024-01-15T22:44:50.710+09:00 TRACE 18064 --- [    Test worker] org.hibernate.orm.jdbc.bind              : binding parameter (7:VARCHAR) <- [준중형]
2024-01-15T22:44:50.710+09:00 TRACE 18064 --- [    Test worker] org.hibernate.orm.jdbc.bind              : binding parameter (8:VARCHAR) <- [세단]
2024-01-15T22:44:50.721+09:00 TRACE 18064 --- [    Test worker] org.hibernate.orm.jdbc.extract           : extracted value (1:BIGINT) -> [54]
2024-01-15T22:44:50.724+09:00 DEBUG 18064 --- [    Test worker] org.hibernate.SQL                        : 
    /* insert for
        com.example.helloCar.domain.hellocar.domain.car.Car */insert 
    into
        car (brand, car_name, fuel, max_price, min_price, model_year, size, vehicle) 
    values
        (?, ?, ?, ?, ?, ?, ?, ?)
2024-01-15T22:44:50.725+09:00 TRACE 18064 --- [    Test worker] org.hibernate.orm.jdbc.bind              : binding parameter (1:VARCHAR) <- [현대]
2024-01-15T22:44:50.725+09:00 TRACE 18064 --- [    Test worker] org.hibernate.orm.jdbc.bind              : binding parameter (2:VARCHAR) <- [아반떼 CN7]
2024-01-15T22:44:50.725+09:00 TRACE 18064 --- [    Test worker] org.hibernate.orm.jdbc.bind              : binding parameter (3:VARCHAR) <- [가솔린 하이브리드]
2024-01-15T22:44:50.725+09:00 TRACE 18064 --- [    Test worker] org.hibernate.orm.jdbc.bind              : binding parameter (4:INTEGER) <- [2892]
2024-01-15T22:44:50.725+09:00 TRACE 18064 --- [    Test worker] org.hibernate.orm.jdbc.bind              : binding parameter (5:INTEGER) <- [2346]
2024-01-15T22:44:50.725+09:00 TRACE 18064 --- [    Test worker] org.hibernate.orm.jdbc.bind              : binding parameter (6:INTEGER) <- [2022]
2024-01-15T22:44:50.725+09:00 TRACE 18064 --- [    Test worker] org.hibernate.orm.jdbc.bind              : binding parameter (7:VARCHAR) <- [준중형]
2024-01-15T22:44:50.725+09:00 TRACE 18064 --- [    Test worker] org.hibernate.orm.jdbc.bind              : binding parameter (8:VARCHAR) <- [세단]
2024-01-15T22:44:50.731+09:00 TRACE 18064 --- [    Test worker] org.hibernate.orm.jdbc.extract           : extracted value (1:BIGINT) -> [55]
2024-01-15T22:44:50.736+09:00 DEBUG 18064 --- [    Test worker] org.hibernate.SQL                        : 
    /* insert for
        com.example.helloCar.domain.hellocar.domain.car.Car */insert 
    into
        car (brand, car_name, fuel, max_price, min_price, model_year, size, vehicle) 
    values
        (?, ?, ?, ?, ?, ?, ?, ?)
2024-01-15T22:44:50.736+09:00 TRACE 18064 --- [    Test worker] org.hibernate.orm.jdbc.bind              : binding parameter (1:VARCHAR) <- [현대]
2024-01-15T22:44:50.736+09:00 TRACE 18064 --- [    Test worker] org.hibernate.orm.jdbc.bind              : binding parameter (2:VARCHAR) <- [아반떼 N]
2024-01-15T22:44:50.736+09:00 TRACE 18064 --- [    Test worker] org.hibernate.orm.jdbc.bind              : binding parameter (3:VARCHAR) <- [가솔린]
2024-01-15T22:44:50.736+09:00 TRACE 18064 --- [    Test worker] org.hibernate.orm.jdbc.bind              : binding parameter (4:INTEGER) <- [3402]
2024-01-15T22:44:50.736+09:00 TRACE 18064 --- [    Test worker] org.hibernate.orm.jdbc.bind              : binding parameter (5:INTEGER) <- [3212]
2024-01-15T22:44:50.736+09:00 TRACE 18064 --- [    Test worker] org.hibernate.orm.jdbc.bind              : binding parameter (6:INTEGER) <- [2022]
2024-01-15T22:44:50.736+09:00 TRACE 18064 --- [    Test worker] org.hibernate.orm.jdbc.bind              : binding parameter (7:VARCHAR) <- [준중형]
2024-01-15T22:44:50.736+09:00 TRACE 18064 --- [    Test worker] org.hibernate.orm.jdbc.bind              : binding parameter (8:VARCHAR) <- [세단]
2024-01-15T22:44:50.744+09:00 TRACE 18064 --- [    Test worker] org.hibernate.orm.jdbc.extract           : extracted value (1:BIGINT) -> [56]
2024-01-15T22:44:50.753+09:00 DEBUG 18064 --- [    Test worker] org.hibernate.SQL                        : 
    /* insert for
        com.example.helloCar.domain.hellocar.domain.car.Car */insert 
    into
        car (brand, car_name, fuel, max_price, min_price, model_year, size, vehicle) 
    values
        (?, ?, ?, ?, ?, ?, ?, ?)
2024-01-15T22:44:50.753+09:00 TRACE 18064 --- [    Test worker] org.hibernate.orm.jdbc.bind              : binding parameter (1:VARCHAR) <- [현대]
2024-01-15T22:44:50.753+09:00 TRACE 18064 --- [    Test worker] org.hibernate.orm.jdbc.bind              : binding parameter (2:VARCHAR) <- [아반떼 CN7]
2024-01-15T22:44:50.753+09:00 TRACE 18064 --- [    Test worker] org.hibernate.orm.jdbc.bind              : binding parameter (3:VARCHAR) <- [가솔린]
2024-01-15T22:44:50.753+09:00 TRACE 18064 --- [    Test worker] org.hibernate.orm.jdbc.bind              : binding parameter (4:INTEGER) <- [2806]
2024-01-15T22:44:50.753+09:00 TRACE 18064 --- [    Test worker] org.hibernate.orm.jdbc.bind              : binding parameter (5:INTEGER) <- [1866]
2024-01-15T22:44:50.753+09:00 TRACE 18064 --- [    Test worker] org.hibernate.orm.jdbc.bind              : binding parameter (6:INTEGER) <- [2023]
2024-01-15T22:44:50.753+09:00 TRACE 18064 --- [    Test worker] org.hibernate.orm.jdbc.bind              : binding parameter (7:VARCHAR) <- [준중형]
2024-01-15T22:44:50.753+09:00 TRACE 18064 --- [    Test worker] org.hibernate.orm.jdbc.bind              : binding parameter (8:VARCHAR) <- [세단]
2024-01-15T22:44:50.759+09:00 TRACE 18064 --- [    Test worker] org.hibernate.orm.jdbc.extract           : extracted value (1:BIGINT) -> [57]
2024-01-15T22:44:50.783+09:00 DEBUG 18064 --- [    Test worker] org.hibernate.SQL                        : 
    /* insert for
        com.example.helloCar.domain.hellocar.domain.car.Car */insert 
    into
        car (brand, car_name, fuel, max_price, min_price, model_year, size, vehicle) 
    values
        (?, ?, ?, ?, ?, ?, ?, ?)
2024-01-15T22:44:50.784+09:00 TRACE 18064 --- [    Test worker] org.hibernate.orm.jdbc.bind              : binding parameter (1:VARCHAR) <- [현대]
2024-01-15T22:44:50.784+09:00 TRACE 18064 --- [    Test worker] org.hibernate.orm.jdbc.bind              : binding parameter (2:VARCHAR) <- [아반떼 CN7]
2024-01-15T22:44:50.784+09:00 TRACE 18064 --- [    Test worker] org.hibernate.orm.jdbc.bind              : binding parameter (3:VARCHAR) <- [LPG]
2024-01-15T22:44:50.784+09:00 TRACE 18064 --- [    Test worker] org.hibernate.orm.jdbc.bind              : binding parameter (4:INTEGER) <- [2641]
2024-01-15T22:44:50.784+09:00 TRACE 18064 --- [    Test worker] org.hibernate.orm.jdbc.bind              : binding parameter (5:INTEGER) <- [2005]
2024-01-15T22:44:50.784+09:00 TRACE 18064 --- [    Test worker] org.hibernate.orm.jdbc.bind              : binding parameter (6:INTEGER) <- [2023]
2024-01-15T22:44:50.784+09:00 TRACE 18064 --- [    Test worker] org.hibernate.orm.jdbc.bind              : binding parameter (7:VARCHAR) <- [준중형]
2024-01-15T22:44:50.784+09:00 TRACE 18064 --- [    Test worker] org.hibernate.orm.jdbc.bind              : binding parameter (8:VARCHAR) <- [세단]
2024-01-15T22:44:50.788+09:00 TRACE 18064 --- [    Test worker] org.hibernate.orm.jdbc.extract           : extracted value (1:BIGINT) -> [58]
2024-01-15T22:44:50.795+09:00 DEBUG 18064 --- [    Test worker] org.hibernate.SQL                        : 
    /* insert for
        com.example.helloCar.domain.hellocar.domain.car.Car */insert 
    into
        car (brand, car_name, fuel, max_price, min_price, model_year, size, vehicle) 
    values
        (?, ?, ?, ?, ?, ?, ?, ?)
2024-01-15T22:44:50.796+09:00 TRACE 18064 --- [    Test worker] org.hibernate.orm.jdbc.bind              : binding parameter (1:VARCHAR) <- [현대]
2024-01-15T22:44:50.796+09:00 TRACE 18064 --- [    Test worker] org.hibernate.orm.jdbc.bind              : binding parameter (2:VARCHAR) <- [아반떼 CN7]
2024-01-15T22:44:50.796+09:00 TRACE 18064 --- [    Test worker] org.hibernate.orm.jdbc.bind              : binding parameter (3:VARCHAR) <- [가솔린 하이브리드]
2024-01-15T22:44:50.796+09:00 TRACE 18064 --- [    Test worker] org.hibernate.orm.jdbc.bind              : binding parameter (4:INTEGER) <- [2892]
2024-01-15T22:44:50.796+09:00 TRACE 18064 --- [    Test worker] org.hibernate.orm.jdbc.bind              : binding parameter (5:INTEGER) <- [2346]
2024-01-15T22:44:50.796+09:00 TRACE 18064 --- [    Test worker] org.hibernate.orm.jdbc.bind              : binding parameter (6:INTEGER) <- [2023]
2024-01-15T22:44:50.796+09:00 TRACE 18064 --- [    Test worker] org.hibernate.orm.jdbc.bind              : binding parameter (7:VARCHAR) <- [준중형]
2024-01-15T22:44:50.796+09:00 TRACE 18064 --- [    Test worker] org.hibernate.orm.jdbc.bind              : binding parameter (8:VARCHAR) <- [세단]
2024-01-15T22:44:50.818+09:00 TRACE 18064 --- [    Test worker] org.hibernate.orm.jdbc.extract           : extracted value (1:BIGINT) -> [59]
2024-01-15T22:44:50.877+09:00 DEBUG 18064 --- [    Test worker] org.hibernate.SQL                        : 
    /* insert for
        com.example.helloCar.domain.hellocar.domain.car.Car */insert 
    into
        car (brand, car_name, fuel, max_price, min_price, model_year, size, vehicle) 
    values
        (?, ?, ?, ?, ?, ?, ?, ?)
2024-01-15T22:44:50.877+09:00 TRACE 18064 --- [    Test worker] org.hibernate.orm.jdbc.bind              : binding parameter (1:VARCHAR) <- [현대]
2024-01-15T22:44:50.877+09:00 TRACE 18064 --- [    Test worker] org.hibernate.orm.jdbc.bind              : binding parameter (2:VARCHAR) <- [아반떼 N]
2024-01-15T22:44:50.877+09:00 TRACE 18064 --- [    Test worker] org.hibernate.orm.jdbc.bind              : binding parameter (3:VARCHAR) <- [가솔린]
2024-01-15T22:44:50.877+09:00 TRACE 18064 --- [    Test worker] org.hibernate.orm.jdbc.bind              : binding parameter (4:INTEGER) <- [3402]
2024-01-15T22:44:50.877+09:00 TRACE 18064 --- [    Test worker] org.hibernate.orm.jdbc.bind              : binding parameter (5:INTEGER) <- [3212]
2024-01-15T22:44:50.877+09:00 TRACE 18064 --- [    Test worker] org.hibernate.orm.jdbc.bind              : binding parameter (6:INTEGER) <- [2023]
2024-01-15T22:44:50.877+09:00 TRACE 18064 --- [    Test worker] org.hibernate.orm.jdbc.bind              : binding parameter (7:VARCHAR) <- [준중형]
2024-01-15T22:44:50.878+09:00 TRACE 18064 --- [    Test worker] org.hibernate.orm.jdbc.bind              : binding parameter (8:VARCHAR) <- [세단]
2024-01-15T22:44:50.898+09:00 TRACE 18064 --- [    Test worker] org.hibernate.orm.jdbc.extract           : extracted value (1:BIGINT) -> [60]
2024-01-15T22:44:50.934+09:00 DEBUG 18064 --- [    Test worker] org.hibernate.SQL                        : 
    /* insert for
        com.example.helloCar.domain.hellocar.domain.car.Car */insert 
    into
        car (brand, car_name, fuel, max_price, min_price, model_year, size, vehicle) 
    values
        (?, ?, ?, ?, ?, ?, ?, ?)
2024-01-15T22:44:50.934+09:00 TRACE 18064 --- [    Test worker] org.hibernate.orm.jdbc.bind              : binding parameter (1:VARCHAR) <- [현대]
2024-01-15T22:44:50.934+09:00 TRACE 18064 --- [    Test worker] org.hibernate.orm.jdbc.bind              : binding parameter (2:VARCHAR) <- [아반떼 N 페이스리프트]
2024-01-15T22:44:50.934+09:00 TRACE 18064 --- [    Test worker] org.hibernate.orm.jdbc.bind              : binding parameter (3:VARCHAR) <- [가솔린]
2024-01-15T22:44:50.934+09:00 TRACE 18064 --- [    Test worker] org.hibernate.orm.jdbc.bind              : binding parameter (4:INTEGER) <- [3560]
2024-01-15T22:44:50.934+09:00 TRACE 18064 --- [    Test worker] org.hibernate.orm.jdbc.bind              : binding parameter (5:INTEGER) <- [3352]
2024-01-15T22:44:50.934+09:00 TRACE 18064 --- [    Test worker] org.hibernate.orm.jdbc.bind              : binding parameter (6:INTEGER) <- [2023]
2024-01-15T22:44:50.935+09:00 TRACE 18064 --- [    Test worker] org.hibernate.orm.jdbc.bind              : binding parameter (7:VARCHAR) <- [준중형]
2024-01-15T22:44:50.935+09:00 TRACE 18064 --- [    Test worker] org.hibernate.orm.jdbc.bind              : binding parameter (8:VARCHAR) <- [세단]
2024-01-15T22:44:50.940+09:00 TRACE 18064 --- [    Test worker] org.hibernate.orm.jdbc.extract           : extracted value (1:BIGINT) -> [61]
2024-01-15T22:44:51.105+09:00 DEBUG 18064 --- [    Test worker] org.hibernate.SQL                        : 
    select
        c1_0.id,
        c1_0.brand,
        c1_0.car_name,
        c1_0.fuel,
        c1_0.max_price,
        c1_0.min_price,
        c1_0.model_year,
        c1_0.size,
        c1_0.vehicle 
    from
        car c1_0 
    where
        c1_0.id=?
2024-01-15T22:44:51.107+09:00 TRACE 18064 --- [    Test worker] org.hibernate.orm.jdbc.bind              : binding parameter (1:BIGINT) <- [61]
2024-01-15T22:44:51.116+09:00 TRACE 18064 --- [    Test worker] org.hibernate.orm.jdbc.extract           : extracted value (2:VARCHAR) -> [현대]
2024-01-15T22:44:51.116+09:00 TRACE 18064 --- [    Test worker] org.hibernate.orm.jdbc.extract           : extracted value (3:VARCHAR) -> [아반떼 N 페이스리프트]
2024-01-15T22:44:51.116+09:00 TRACE 18064 --- [    Test worker] org.hibernate.orm.jdbc.extract           : extracted value (4:VARCHAR) -> [가솔린]
2024-01-15T22:44:51.116+09:00 TRACE 18064 --- [    Test worker] org.hibernate.orm.jdbc.extract           : extracted value (5:INTEGER) -> [3560]
2024-01-15T22:44:51.116+09:00 TRACE 18064 --- [    Test worker] org.hibernate.orm.jdbc.extract           : extracted value (6:INTEGER) -> [3352]
2024-01-15T22:44:51.116+09:00 TRACE 18064 --- [    Test worker] org.hibernate.orm.jdbc.extract           : extracted value (7:INTEGER) -> [2023]
2024-01-15T22:44:51.117+09:00 TRACE 18064 --- [    Test worker] org.hibernate.orm.jdbc.extract           : extracted value (8:VARCHAR) -> [준중형]
2024-01-15T22:44:51.117+09:00 TRACE 18064 --- [    Test worker] org.hibernate.orm.jdbc.extract           : extracted value (9:VARCHAR) -> [세단]
2024-01-15T22:44:51.156+09:00 DEBUG 18064 --- [    Test worker] org.hibernate.SQL                        : 
    select
        c1_0.id,
        c1_0.brand,
        c1_0.car_name,
        c1_0.fuel,
        c1_0.max_price,
        c1_0.min_price,
        c1_0.model_year,
        c1_0.size,
        c1_0.vehicle 
    from
        car c1_0 
    where
        c1_0.id=?
2024-01-15T22:44:51.156+09:00 TRACE 18064 --- [    Test worker] org.hibernate.orm.jdbc.bind              : binding parameter (1:BIGINT) <- [61]
2024-01-15T22:44:51.157+09:00 TRACE 18064 --- [    Test worker] org.hibernate.orm.jdbc.extract           : extracted value (2:VARCHAR) -> [현대]
2024-01-15T22:44:51.158+09:00 TRACE 18064 --- [    Test worker] org.hibernate.orm.jdbc.extract           : extracted value (3:VARCHAR) -> [아반떼 N 페이스리프트]
2024-01-15T22:44:51.158+09:00 TRACE 18064 --- [    Test worker] org.hibernate.orm.jdbc.extract           : extracted value (4:VARCHAR) -> [가솔린]
2024-01-15T22:44:51.158+09:00 TRACE 18064 --- [    Test worker] org.hibernate.orm.jdbc.extract           : extracted value (5:INTEGER) -> [3560]
2024-01-15T22:44:51.158+09:00 TRACE 18064 --- [    Test worker] org.hibernate.orm.jdbc.extract           : extracted value (6:INTEGER) -> [3352]
2024-01-15T22:44:51.158+09:00 TRACE 18064 --- [    Test worker] org.hibernate.orm.jdbc.extract           : extracted value (7:INTEGER) -> [2023]
2024-01-15T22:44:51.158+09:00 TRACE 18064 --- [    Test worker] org.hibernate.orm.jdbc.extract           : extracted value (8:VARCHAR) -> [준중형]
2024-01-15T22:44:51.158+09:00 TRACE 18064 --- [    Test worker] org.hibernate.orm.jdbc.extract           : extracted value (9:VARCHAR) -> [세단]
2024-01-15T22:44:51.168+09:00 DEBUG 18064 --- [    Test worker] org.hibernate.SQL                        : 
    select
        c1_0.id,
        c1_0.brand,
        c1_0.car_name,
        c1_0.fuel,
        c1_0.max_price,
        c1_0.min_price,
        c1_0.model_year,
        c1_0.size,
        c1_0.vehicle 
    from
        car c1_0 
    where
        c1_0.id=?
2024-01-15T22:44:51.169+09:00 TRACE 18064 --- [    Test worker] org.hibernate.orm.jdbc.bind              : binding parameter (1:BIGINT) <- [61]
2024-01-15T22:44:51.181+09:00 TRACE 18064 --- [    Test worker] org.hibernate.orm.jdbc.extract           : extracted value (2:VARCHAR) -> [현대]
2024-01-15T22:44:51.181+09:00 TRACE 18064 --- [    Test worker] org.hibernate.orm.jdbc.extract           : extracted value (3:VARCHAR) -> [아반떼 N 페이스리프트]
2024-01-15T22:44:51.181+09:00 TRACE 18064 --- [    Test worker] org.hibernate.orm.jdbc.extract           : extracted value (4:VARCHAR) -> [가솔린]
2024-01-15T22:44:51.181+09:00 TRACE 18064 --- [    Test worker] org.hibernate.orm.jdbc.extract           : extracted value (5:INTEGER) -> [3560]
2024-01-15T22:44:51.181+09:00 TRACE 18064 --- [    Test worker] org.hibernate.orm.jdbc.extract           : extracted value (6:INTEGER) -> [3352]
2024-01-15T22:44:51.181+09:00 TRACE 18064 --- [    Test worker] org.hibernate.orm.jdbc.extract           : extracted value (7:INTEGER) -> [2023]
2024-01-15T22:44:51.181+09:00 TRACE 18064 --- [    Test worker] org.hibernate.orm.jdbc.extract           : extracted value (8:VARCHAR) -> [준중형]
2024-01-15T22:44:51.181+09:00 TRACE 18064 --- [    Test worker] org.hibernate.orm.jdbc.extract           : extracted value (9:VARCHAR) -> [세단]
]]></system-out>
  <system-err><![CDATA[]]></system-err>
</testsuite>
