<?xml version="1.0" encoding="UTF-8"?>
<testsuite name="com.example.helloCar.HelloCarApplicationTests" tests="1" skipped="0" failures="0" errors="0" timestamp="2024-01-16T09:10:23" hostname="LAPTOP-9MJ7U0JE" time="2.232">
  <properties/>
  <testcase name="contextLoads()" classname="com.example.helloCar.HelloCarApplicationTests" time="2.232"/>
  <system-out><![CDATA[18:10:16.067 [Test worker] INFO org.springframework.test.context.support.AnnotationConfigContextLoaderUtils -- Could not detect default configuration classes for test class [com.example.helloCar.HelloCarApplicationTests]: HelloCarApplicationTests does not declare any static, non-private, non-final, nested classes annotated with @Configuration.
18:10:16.223 [Test worker] INFO org.springframework.boot.test.context.SpringBootTestContextBootstrapper -- Found @SpringBootConfiguration com.example.helloCar.HelloCarApplication for test class com.example.helloCar.HelloCarApplicationTests

  .   ____          _            __ _ _
 /\\ / ___'_ __ _ _(_)_ __  __ _ \ \ \ \
( ( )\___ | '_ | '_| | '_ \/ _` | \ \ \ \
 \\/  ___)| |_)| | | | | || (_| |  ) ) ) )
  '  |____| .__|_| |_|_| |_\__, | / / / /
 =========|_|==============|___/=/_/_/_/
 :: Spring Boot ::                (v3.2.1)

2024-01-16T18:10:16.900+09:00  INFO 2428 --- [    Test worker] c.e.helloCar.HelloCarApplicationTests    : Starting HelloCarApplicationTests using Java 19.0.2 with PID 2428 (started by hwjk1 in C:\work\helloCar)
2024-01-16T18:10:16.905+09:00  INFO 2428 --- [    Test worker] c.e.helloCar.HelloCarApplicationTests    : The following 2 profiles are active: "secret", "dev"
2024-01-16T18:10:18.408+09:00  INFO 2428 --- [    Test worker] .s.d.r.c.RepositoryConfigurationDelegate : Bootstrapping Spring Data JPA repositories in DEFAULT mode.
2024-01-16T18:10:18.496+09:00  INFO 2428 --- [    Test worker] .s.d.r.c.RepositoryConfigurationDelegate : Finished Spring Data repository scanning in 77 ms. Found 4 JPA repository interfaces.
2024-01-16T18:10:19.292+09:00  INFO 2428 --- [    Test worker] o.hibernate.jpa.internal.util.LogHelper  : HHH000204: Processing PersistenceUnitInfo [name: default]
2024-01-16T18:10:19.390+09:00  INFO 2428 --- [    Test worker] org.hibernate.Version                    : HHH000412: Hibernate ORM core version 6.4.1.Final
2024-01-16T18:10:19.441+09:00  INFO 2428 --- [    Test worker] o.h.c.internal.RegionFactoryInitiator    : HHH000026: Second-level cache disabled
2024-01-16T18:10:19.855+09:00  INFO 2428 --- [    Test worker] o.s.o.j.p.SpringPersistenceUnitInfo      : No LoadTimeWeaver setup: ignoring JPA class transformer
2024-01-16T18:10:19.899+09:00  INFO 2428 --- [    Test worker] com.zaxxer.hikari.HikariDataSource       : HikariPool-1 - Starting...
2024-01-16T18:10:20.032+09:00  INFO 2428 --- [    Test worker] com.zaxxer.hikari.pool.HikariPool        : HikariPool-1 - Added connection org.mariadb.jdbc.Connection@5aac6f9f
2024-01-16T18:10:20.034+09:00  INFO 2428 --- [    Test worker] com.zaxxer.hikari.HikariDataSource       : HikariPool-1 - Start completed.
2024-01-16T18:10:20.076+09:00  WARN 2428 --- [    Test worker] org.hibernate.orm.deprecation            : HHH90000025: MariaDBDialect does not need to be specified explicitly using 'hibernate.dialect' (remove the property setting and it will be selected by default)
2024-01-16T18:10:21.430+09:00  INFO 2428 --- [    Test worker] o.h.e.t.j.p.i.JtaPlatformInitiator       : HHH000489: No JTA platform available (set 'hibernate.transaction.jta.platform' to enable JTA platform integration)
2024-01-16T18:10:21.458+09:00 DEBUG 2428 --- [    Test worker] org.hibernate.SQL                        : 
    alter table hello_car_members 
       drop 
       foreign key if exists FKfvp2x12w0t9mbc6e5u18fesdu
2024-01-16T18:10:21.464+09:00 DEBUG 2428 --- [    Test worker] org.hibernate.SQL                        : 
    alter table hello_car_members 
       drop 
       foreign key if exists FKda282isdr7phho1k4j1558y9r
2024-01-16T18:10:21.468+09:00 DEBUG 2428 --- [    Test worker] org.hibernate.SQL                        : 
    drop table if exists car
2024-01-16T18:10:21.474+09:00 DEBUG 2428 --- [    Test worker] org.hibernate.SQL                        : 
    drop table if exists hello_car
2024-01-16T18:10:21.478+09:00 DEBUG 2428 --- [    Test worker] org.hibernate.SQL                        : 
    drop table if exists hello_car_members
2024-01-16T18:10:21.481+09:00 DEBUG 2428 --- [    Test worker] org.hibernate.SQL                        : 
    drop table if exists member
2024-01-16T18:10:21.485+09:00 DEBUG 2428 --- [    Test worker] org.hibernate.SQL                        : 
    drop table if exists question
2024-01-16T18:10:21.497+09:00 DEBUG 2428 --- [    Test worker] org.hibernate.SQL                        : 
    create table car (
        max_price integer not null,
        min_price integer not null,
        model_year integer not null,
        id bigint not null auto_increment,
        brand varchar(255),
        car_name varchar(255),
        fuel varchar(255),
        size varchar(255),
        vehicle varchar(255),
        primary key (id)
    ) engine=InnoDB
2024-01-16T18:10:21.505+09:00 DEBUG 2428 --- [    Test worker] org.hibernate.SQL                        : 
    create table hello_car (
        max_price integer not null,
        min_price integer not null,
        model_year integer not null,
        create_date datetime(6),
        id bigint not null auto_increment,
        modify_date datetime(6),
        brand varchar(255),
        carname varchar(255),
        fuel varchar(255),
        size varchar(255),
        vehicle varchar(255),
        primary key (id)
    ) engine=InnoDB
2024-01-16T18:10:21.512+09:00 DEBUG 2428 --- [    Test worker] org.hibernate.SQL                        : 
    create table hello_car_members (
        hello_car_id bigint not null,
        members_id bigint not null,
        primary key (hello_car_id, members_id)
    ) engine=InnoDB
2024-01-16T18:10:21.519+09:00 DEBUG 2428 --- [    Test worker] org.hibernate.SQL                        : 
    create table member (
        create_date datetime(6),
        id bigint not null auto_increment,
        modify_date datetime(6),
        email varchar(255),
        name varchar(255),
        password varchar(255),
        username varchar(255),
        primary key (id)
    ) engine=InnoDB
2024-01-16T18:10:21.526+09:00 DEBUG 2428 --- [    Test worker] org.hibernate.SQL                        : 
    create table question (
        create_date datetime(6),
        id bigint not null auto_increment,
        modify_date datetime(6),
        content varchar(255),
        title varchar(255),
        primary key (id)
    ) engine=InnoDB
2024-01-16T18:10:21.533+09:00 DEBUG 2428 --- [    Test worker] org.hibernate.SQL                        : 
    alter table hello_car 
       add constraint UK_fin8pxqwqjunrtik1by8keucn unique (carname)
2024-01-16T18:10:21.541+09:00 DEBUG 2428 --- [    Test worker] org.hibernate.SQL                        : 
    alter table member 
       add constraint UK_gc3jmn7c2abyo3wf6syln5t2i unique (username)
2024-01-16T18:10:21.591+09:00 DEBUG 2428 --- [    Test worker] org.hibernate.SQL                        : 
    alter table hello_car_members 
       add constraint FKfvp2x12w0t9mbc6e5u18fesdu 
       foreign key (members_id) 
       references member (id)
2024-01-16T18:10:21.618+09:00 DEBUG 2428 --- [    Test worker] org.hibernate.SQL                        : 
    alter table hello_car_members 
       add constraint FKda282isdr7phho1k4j1558y9r 
       foreign key (hello_car_id) 
       references hello_car (id)
2024-01-16T18:10:21.654+09:00  INFO 2428 --- [    Test worker] j.LocalContainerEntityManagerFactoryBean : Initialized JPA EntityManagerFactory for persistence unit 'default'
2024-01-16T18:10:22.130+09:00  WARN 2428 --- [    Test worker] JpaBaseConfiguration$JpaWebConfiguration : spring.jpa.open-in-view is enabled by default. Therefore, database queries may be performed during view rendering. Explicitly configure spring.jpa.open-in-view to disable this warning
2024-01-16T18:10:22.174+09:00  WARN 2428 --- [    Test worker] .s.s.UserDetailsServiceAutoConfiguration : 

Using generated security password: 10ff3ece-298d-4c8c-ba50-64a7c9573428

This generated password is for development use only. Your security configuration must be updated before running your application in production.

2024-01-16T18:10:22.774+09:00  INFO 2428 --- [    Test worker] o.s.s.web.DefaultSecurityFilterChain     : Will secure any request with [org.springframework.security.web.session.DisableEncodeUrlFilter@31ce271c, org.springframework.security.web.context.request.async.WebAsyncManagerIntegrationFilter@b1d7b09, org.springframework.security.web.context.SecurityContextHolderFilter@53a645a2, org.springframework.security.web.header.HeaderWriterFilter@22bbbe6, org.springframework.web.filter.CorsFilter@64faf3d, org.springframework.security.web.csrf.CsrfFilter@5dfd4fac, org.springframework.security.web.authentication.logout.LogoutFilter@443d94ae, org.springframework.security.web.savedrequest.RequestCacheAwareFilter@1ead6e20, org.springframework.security.web.servletapi.SecurityContextHolderAwareRequestFilter@59f56892, org.springframework.security.web.authentication.AnonymousAuthenticationFilter@3f523dae, org.springframework.security.web.access.ExceptionTranslationFilter@68e6856c, org.springframework.security.web.access.intercept.AuthorizationFilter@3431cb1f]
2024-01-16T18:10:23.529+09:00  INFO 2428 --- [    Test worker] c.e.helloCar.HelloCarApplicationTests    : Started HelloCarApplicationTests in 7.037 seconds (process running for 8.742)
2024-01-16T18:10:24.490+09:00 DEBUG 2428 --- [    Test worker] org.hibernate.SQL                        : 
    /* insert for
        com.example.helloCar.domain.hellocar.domain.car.Car */insert 
    into
        car (brand, car_name, fuel, max_price, min_price, model_year, size, vehicle) 
    values
        (?, ?, ?, ?, ?, ?, ?, ?)
2024-01-16T18:10:24.505+09:00 TRACE 2428 --- [    Test worker] org.hibernate.orm.jdbc.bind              : binding parameter (1:VARCHAR) <- [현대]
2024-01-16T18:10:24.507+09:00 TRACE 2428 --- [    Test worker] org.hibernate.orm.jdbc.bind              : binding parameter (2:VARCHAR) <- [아반떼 hd]
2024-01-16T18:10:24.508+09:00 TRACE 2428 --- [    Test worker] org.hibernate.orm.jdbc.bind              : binding parameter (3:VARCHAR) <- [가솔린]
2024-01-16T18:10:24.508+09:00 TRACE 2428 --- [    Test worker] org.hibernate.orm.jdbc.bind              : binding parameter (4:INTEGER) <- [1897]
2024-01-16T18:10:24.510+09:00 TRACE 2428 --- [    Test worker] org.hibernate.orm.jdbc.bind              : binding parameter (5:INTEGER) <- [1198]
2024-01-16T18:10:24.510+09:00 TRACE 2428 --- [    Test worker] org.hibernate.orm.jdbc.bind              : binding parameter (6:INTEGER) <- [2010]
2024-01-16T18:10:24.511+09:00 TRACE 2428 --- [    Test worker] org.hibernate.orm.jdbc.bind              : binding parameter (7:VARCHAR) <- [준중형]
2024-01-16T18:10:24.511+09:00 TRACE 2428 --- [    Test worker] org.hibernate.orm.jdbc.bind              : binding parameter (8:VARCHAR) <- [세단]
2024-01-16T18:10:24.526+09:00 TRACE 2428 --- [    Test worker] org.hibernate.orm.jdbc.extract           : extracted value (1:BIGINT) -> [1]
2024-01-16T18:10:24.551+09:00 DEBUG 2428 --- [    Test worker] org.hibernate.SQL                        : 
    /* insert for
        com.example.helloCar.domain.hellocar.domain.car.Car */insert 
    into
        car (brand, car_name, fuel, max_price, min_price, model_year, size, vehicle) 
    values
        (?, ?, ?, ?, ?, ?, ?, ?)
2024-01-16T18:10:24.552+09:00 TRACE 2428 --- [    Test worker] org.hibernate.orm.jdbc.bind              : binding parameter (1:VARCHAR) <- [현대]
2024-01-16T18:10:24.552+09:00 TRACE 2428 --- [    Test worker] org.hibernate.orm.jdbc.bind              : binding parameter (2:VARCHAR) <- [아반떼 hd]
2024-01-16T18:10:24.553+09:00 TRACE 2428 --- [    Test worker] org.hibernate.orm.jdbc.bind              : binding parameter (3:VARCHAR) <- [LPi 하이브리드]
2024-01-16T18:10:24.554+09:00 TRACE 2428 --- [    Test worker] org.hibernate.orm.jdbc.bind              : binding parameter (4:INTEGER) <- [2553]
2024-01-16T18:10:24.554+09:00 TRACE 2428 --- [    Test worker] org.hibernate.orm.jdbc.bind              : binding parameter (5:INTEGER) <- [2188]
2024-01-16T18:10:24.554+09:00 TRACE 2428 --- [    Test worker] org.hibernate.orm.jdbc.bind              : binding parameter (6:INTEGER) <- [2010]
2024-01-16T18:10:24.554+09:00 TRACE 2428 --- [    Test worker] org.hibernate.orm.jdbc.bind              : binding parameter (7:VARCHAR) <- [준중형]
2024-01-16T18:10:24.555+09:00 TRACE 2428 --- [    Test worker] org.hibernate.orm.jdbc.bind              : binding parameter (8:VARCHAR) <- [세단]
2024-01-16T18:10:24.557+09:00 TRACE 2428 --- [    Test worker] org.hibernate.orm.jdbc.extract           : extracted value (1:BIGINT) -> [2]
2024-01-16T18:10:24.562+09:00 DEBUG 2428 --- [    Test worker] org.hibernate.SQL                        : 
    /* insert for
        com.example.helloCar.domain.hellocar.domain.car.Car */insert 
    into
        car (brand, car_name, fuel, max_price, min_price, model_year, size, vehicle) 
    values
        (?, ?, ?, ?, ?, ?, ?, ?)
2024-01-16T18:10:24.563+09:00 TRACE 2428 --- [    Test worker] org.hibernate.orm.jdbc.bind              : binding parameter (1:VARCHAR) <- [현대]
2024-01-16T18:10:24.563+09:00 TRACE 2428 --- [    Test worker] org.hibernate.orm.jdbc.bind              : binding parameter (2:VARCHAR) <- [아반떼 md]
2024-01-16T18:10:24.563+09:00 TRACE 2428 --- [    Test worker] org.hibernate.orm.jdbc.bind              : binding parameter (3:VARCHAR) <- [가솔린]
2024-01-16T18:10:24.564+09:00 TRACE 2428 --- [    Test worker] org.hibernate.orm.jdbc.bind              : binding parameter (4:INTEGER) <- [1990]
2024-01-16T18:10:24.564+09:00 TRACE 2428 --- [    Test worker] org.hibernate.orm.jdbc.bind              : binding parameter (5:INTEGER) <- [1340]
2024-01-16T18:10:24.564+09:00 TRACE 2428 --- [    Test worker] org.hibernate.orm.jdbc.bind              : binding parameter (6:INTEGER) <- [2010]
2024-01-16T18:10:24.565+09:00 TRACE 2428 --- [    Test worker] org.hibernate.orm.jdbc.bind              : binding parameter (7:VARCHAR) <- [준중형]
2024-01-16T18:10:24.565+09:00 TRACE 2428 --- [    Test worker] org.hibernate.orm.jdbc.bind              : binding parameter (8:VARCHAR) <- [세단]
2024-01-16T18:10:24.566+09:00 TRACE 2428 --- [    Test worker] org.hibernate.orm.jdbc.extract           : extracted value (1:BIGINT) -> [3]
2024-01-16T18:10:24.570+09:00 DEBUG 2428 --- [    Test worker] org.hibernate.SQL                        : 
    /* insert for
        com.example.helloCar.domain.hellocar.domain.car.Car */insert 
    into
        car (brand, car_name, fuel, max_price, min_price, model_year, size, vehicle) 
    values
        (?, ?, ?, ?, ?, ?, ?, ?)
2024-01-16T18:10:24.571+09:00 TRACE 2428 --- [    Test worker] org.hibernate.orm.jdbc.bind              : binding parameter (1:VARCHAR) <- [현대]
2024-01-16T18:10:24.571+09:00 TRACE 2428 --- [    Test worker] org.hibernate.orm.jdbc.bind              : binding parameter (2:VARCHAR) <- [아반떼 md]
2024-01-16T18:10:24.571+09:00 TRACE 2428 --- [    Test worker] org.hibernate.orm.jdbc.bind              : binding parameter (3:VARCHAR) <- [LPG]
2024-01-16T18:10:24.572+09:00 TRACE 2428 --- [    Test worker] org.hibernate.orm.jdbc.bind              : binding parameter (4:INTEGER) <- [1663]
2024-01-16T18:10:24.572+09:00 TRACE 2428 --- [    Test worker] org.hibernate.orm.jdbc.bind              : binding parameter (5:INTEGER) <- [1353]
2024-01-16T18:10:24.572+09:00 TRACE 2428 --- [    Test worker] org.hibernate.orm.jdbc.bind              : binding parameter (6:INTEGER) <- [2010]
2024-01-16T18:10:24.572+09:00 TRACE 2428 --- [    Test worker] org.hibernate.orm.jdbc.bind              : binding parameter (7:VARCHAR) <- [준중형]
2024-01-16T18:10:24.572+09:00 TRACE 2428 --- [    Test worker] org.hibernate.orm.jdbc.bind              : binding parameter (8:VARCHAR) <- [세단]
2024-01-16T18:10:24.574+09:00 TRACE 2428 --- [    Test worker] org.hibernate.orm.jdbc.extract           : extracted value (1:BIGINT) -> [4]
2024-01-16T18:10:24.578+09:00 DEBUG 2428 --- [    Test worker] org.hibernate.SQL                        : 
    /* insert for
        com.example.helloCar.domain.hellocar.domain.car.Car */insert 
    into
        car (brand, car_name, fuel, max_price, min_price, model_year, size, vehicle) 
    values
        (?, ?, ?, ?, ?, ?, ?, ?)
2024-01-16T18:10:24.579+09:00 TRACE 2428 --- [    Test worker] org.hibernate.orm.jdbc.bind              : binding parameter (1:VARCHAR) <- [현대]
2024-01-16T18:10:24.579+09:00 TRACE 2428 --- [    Test worker] org.hibernate.orm.jdbc.bind              : binding parameter (2:VARCHAR) <- [아반떼 hd]
2024-01-16T18:10:24.579+09:00 TRACE 2428 --- [    Test worker] org.hibernate.orm.jdbc.bind              : binding parameter (3:VARCHAR) <- [LPi 하이브리드]
2024-01-16T18:10:24.579+09:00 TRACE 2428 --- [    Test worker] org.hibernate.orm.jdbc.bind              : binding parameter (4:INTEGER) <- [2324]
2024-01-16T18:10:24.579+09:00 TRACE 2428 --- [    Test worker] org.hibernate.orm.jdbc.bind              : binding parameter (5:INTEGER) <- [2054]
2024-01-16T18:10:24.580+09:00 TRACE 2428 --- [    Test worker] org.hibernate.orm.jdbc.bind              : binding parameter (6:INTEGER) <- [2011]
2024-01-16T18:10:24.580+09:00 TRACE 2428 --- [    Test worker] org.hibernate.orm.jdbc.bind              : binding parameter (7:VARCHAR) <- [준중형]
2024-01-16T18:10:24.580+09:00 TRACE 2428 --- [    Test worker] org.hibernate.orm.jdbc.bind              : binding parameter (8:VARCHAR) <- [세단]
2024-01-16T18:10:24.583+09:00 TRACE 2428 --- [    Test worker] org.hibernate.orm.jdbc.extract           : extracted value (1:BIGINT) -> [5]
2024-01-16T18:10:24.586+09:00 DEBUG 2428 --- [    Test worker] org.hibernate.SQL                        : 
    /* insert for
        com.example.helloCar.domain.hellocar.domain.car.Car */insert 
    into
        car (brand, car_name, fuel, max_price, min_price, model_year, size, vehicle) 
    values
        (?, ?, ?, ?, ?, ?, ?, ?)
2024-01-16T18:10:24.587+09:00 TRACE 2428 --- [    Test worker] org.hibernate.orm.jdbc.bind              : binding parameter (1:VARCHAR) <- [현대]
2024-01-16T18:10:24.587+09:00 TRACE 2428 --- [    Test worker] org.hibernate.orm.jdbc.bind              : binding parameter (2:VARCHAR) <- [아반떼 md]
2024-01-16T18:10:24.587+09:00 TRACE 2428 --- [    Test worker] org.hibernate.orm.jdbc.bind              : binding parameter (3:VARCHAR) <- [가솔린]
2024-01-16T18:10:24.588+09:00 TRACE 2428 --- [    Test worker] org.hibernate.orm.jdbc.bind              : binding parameter (4:INTEGER) <- [1990]
2024-01-16T18:10:24.588+09:00 TRACE 2428 --- [    Test worker] org.hibernate.orm.jdbc.bind              : binding parameter (5:INTEGER) <- [1340]
2024-01-16T18:10:24.588+09:00 TRACE 2428 --- [    Test worker] org.hibernate.orm.jdbc.bind              : binding parameter (6:INTEGER) <- [2011]
2024-01-16T18:10:24.588+09:00 TRACE 2428 --- [    Test worker] org.hibernate.orm.jdbc.bind              : binding parameter (7:VARCHAR) <- [준중형]
2024-01-16T18:10:24.588+09:00 TRACE 2428 --- [    Test worker] org.hibernate.orm.jdbc.bind              : binding parameter (8:VARCHAR) <- [세단]
2024-01-16T18:10:24.594+09:00 TRACE 2428 --- [    Test worker] org.hibernate.orm.jdbc.extract           : extracted value (1:BIGINT) -> [6]
2024-01-16T18:10:24.597+09:00 DEBUG 2428 --- [    Test worker] org.hibernate.SQL                        : 
    /* insert for
        com.example.helloCar.domain.hellocar.domain.car.Car */insert 
    into
        car (brand, car_name, fuel, max_price, min_price, model_year, size, vehicle) 
    values
        (?, ?, ?, ?, ?, ?, ?, ?)
2024-01-16T18:10:24.598+09:00 TRACE 2428 --- [    Test worker] org.hibernate.orm.jdbc.bind              : binding parameter (1:VARCHAR) <- [현대]
2024-01-16T18:10:24.598+09:00 TRACE 2428 --- [    Test worker] org.hibernate.orm.jdbc.bind              : binding parameter (2:VARCHAR) <- [아반떼 md]
2024-01-16T18:10:24.598+09:00 TRACE 2428 --- [    Test worker] org.hibernate.orm.jdbc.bind              : binding parameter (3:VARCHAR) <- [LPG]
2024-01-16T18:10:24.599+09:00 TRACE 2428 --- [    Test worker] org.hibernate.orm.jdbc.bind              : binding parameter (4:INTEGER) <- [1663]
2024-01-16T18:10:24.599+09:00 TRACE 2428 --- [    Test worker] org.hibernate.orm.jdbc.bind              : binding parameter (5:INTEGER) <- [1353]
2024-01-16T18:10:24.599+09:00 TRACE 2428 --- [    Test worker] org.hibernate.orm.jdbc.bind              : binding parameter (6:INTEGER) <- [2011]
2024-01-16T18:10:24.599+09:00 TRACE 2428 --- [    Test worker] org.hibernate.orm.jdbc.bind              : binding parameter (7:VARCHAR) <- [준중형]
2024-01-16T18:10:24.599+09:00 TRACE 2428 --- [    Test worker] org.hibernate.orm.jdbc.bind              : binding parameter (8:VARCHAR) <- [세단]
2024-01-16T18:10:24.603+09:00 TRACE 2428 --- [    Test worker] org.hibernate.orm.jdbc.extract           : extracted value (1:BIGINT) -> [7]
2024-01-16T18:10:24.606+09:00 DEBUG 2428 --- [    Test worker] org.hibernate.SQL                        : 
    /* insert for
        com.example.helloCar.domain.hellocar.domain.car.Car */insert 
    into
        car (brand, car_name, fuel, max_price, min_price, model_year, size, vehicle) 
    values
        (?, ?, ?, ?, ?, ?, ?, ?)
2024-01-16T18:10:24.607+09:00 TRACE 2428 --- [    Test worker] org.hibernate.orm.jdbc.bind              : binding parameter (1:VARCHAR) <- [현대]
2024-01-16T18:10:24.607+09:00 TRACE 2428 --- [    Test worker] org.hibernate.orm.jdbc.bind              : binding parameter (2:VARCHAR) <- [아반떼 md]
2024-01-16T18:10:24.608+09:00 TRACE 2428 --- [    Test worker] org.hibernate.orm.jdbc.bind              : binding parameter (3:VARCHAR) <- [가솔린]
2024-01-16T18:10:24.608+09:00 TRACE 2428 --- [    Test worker] org.hibernate.orm.jdbc.bind              : binding parameter (4:INTEGER) <- [1990]
2024-01-16T18:10:24.608+09:00 TRACE 2428 --- [    Test worker] org.hibernate.orm.jdbc.bind              : binding parameter (5:INTEGER) <- [1340]
2024-01-16T18:10:24.608+09:00 TRACE 2428 --- [    Test worker] org.hibernate.orm.jdbc.bind              : binding parameter (6:INTEGER) <- [2012]
2024-01-16T18:10:24.608+09:00 TRACE 2428 --- [    Test worker] org.hibernate.orm.jdbc.bind              : binding parameter (7:VARCHAR) <- [준중형]
2024-01-16T18:10:24.608+09:00 TRACE 2428 --- [    Test worker] org.hibernate.orm.jdbc.bind              : binding parameter (8:VARCHAR) <- [세단]
2024-01-16T18:10:24.612+09:00 TRACE 2428 --- [    Test worker] org.hibernate.orm.jdbc.extract           : extracted value (1:BIGINT) -> [8]
2024-01-16T18:10:24.615+09:00 DEBUG 2428 --- [    Test worker] org.hibernate.SQL                        : 
    /* insert for
        com.example.helloCar.domain.hellocar.domain.car.Car */insert 
    into
        car (brand, car_name, fuel, max_price, min_price, model_year, size, vehicle) 
    values
        (?, ?, ?, ?, ?, ?, ?, ?)
2024-01-16T18:10:24.616+09:00 TRACE 2428 --- [    Test worker] org.hibernate.orm.jdbc.bind              : binding parameter (1:VARCHAR) <- [현대]
2024-01-16T18:10:24.616+09:00 TRACE 2428 --- [    Test worker] org.hibernate.orm.jdbc.bind              : binding parameter (2:VARCHAR) <- [아반떼 md]
2024-01-16T18:10:24.616+09:00 TRACE 2428 --- [    Test worker] org.hibernate.orm.jdbc.bind              : binding parameter (3:VARCHAR) <- [LPG]
2024-01-16T18:10:24.616+09:00 TRACE 2428 --- [    Test worker] org.hibernate.orm.jdbc.bind              : binding parameter (4:INTEGER) <- [1663]
2024-01-16T18:10:24.616+09:00 TRACE 2428 --- [    Test worker] org.hibernate.orm.jdbc.bind              : binding parameter (5:INTEGER) <- [1353]
2024-01-16T18:10:24.616+09:00 TRACE 2428 --- [    Test worker] org.hibernate.orm.jdbc.bind              : binding parameter (6:INTEGER) <- [2012]
2024-01-16T18:10:24.617+09:00 TRACE 2428 --- [    Test worker] org.hibernate.orm.jdbc.bind              : binding parameter (7:VARCHAR) <- [준중형]
2024-01-16T18:10:24.617+09:00 TRACE 2428 --- [    Test worker] org.hibernate.orm.jdbc.bind              : binding parameter (8:VARCHAR) <- [세단]
2024-01-16T18:10:24.619+09:00 TRACE 2428 --- [    Test worker] org.hibernate.orm.jdbc.extract           : extracted value (1:BIGINT) -> [9]
2024-01-16T18:10:24.623+09:00 DEBUG 2428 --- [    Test worker] org.hibernate.SQL                        : 
    /* insert for
        com.example.helloCar.domain.hellocar.domain.car.Car */insert 
    into
        car (brand, car_name, fuel, max_price, min_price, model_year, size, vehicle) 
    values
        (?, ?, ?, ?, ?, ?, ?, ?)
2024-01-16T18:10:24.623+09:00 TRACE 2428 --- [    Test worker] org.hibernate.orm.jdbc.bind              : binding parameter (1:VARCHAR) <- [현대]
2024-01-16T18:10:24.624+09:00 TRACE 2428 --- [    Test worker] org.hibernate.orm.jdbc.bind              : binding parameter (2:VARCHAR) <- [아반떼 hd]
2024-01-16T18:10:24.624+09:00 TRACE 2428 --- [    Test worker] org.hibernate.orm.jdbc.bind              : binding parameter (3:VARCHAR) <- [LPi 하이브리드]
2024-01-16T18:10:24.625+09:00 TRACE 2428 --- [    Test worker] org.hibernate.orm.jdbc.bind              : binding parameter (4:INTEGER) <- [2324]
2024-01-16T18:10:24.625+09:00 TRACE 2428 --- [    Test worker] org.hibernate.orm.jdbc.bind              : binding parameter (5:INTEGER) <- [2054]
2024-01-16T18:10:24.625+09:00 TRACE 2428 --- [    Test worker] org.hibernate.orm.jdbc.bind              : binding parameter (6:INTEGER) <- [2012]
2024-01-16T18:10:24.625+09:00 TRACE 2428 --- [    Test worker] org.hibernate.orm.jdbc.bind              : binding parameter (7:VARCHAR) <- [준중형]
2024-01-16T18:10:24.625+09:00 TRACE 2428 --- [    Test worker] org.hibernate.orm.jdbc.bind              : binding parameter (8:VARCHAR) <- [세단]
2024-01-16T18:10:24.627+09:00 TRACE 2428 --- [    Test worker] org.hibernate.orm.jdbc.extract           : extracted value (1:BIGINT) -> [10]
2024-01-16T18:10:24.631+09:00 DEBUG 2428 --- [    Test worker] org.hibernate.SQL                        : 
    /* insert for
        com.example.helloCar.domain.hellocar.domain.car.Car */insert 
    into
        car (brand, car_name, fuel, max_price, min_price, model_year, size, vehicle) 
    values
        (?, ?, ?, ?, ?, ?, ?, ?)
2024-01-16T18:10:24.631+09:00 TRACE 2428 --- [    Test worker] org.hibernate.orm.jdbc.bind              : binding parameter (1:VARCHAR) <- [현대]
2024-01-16T18:10:24.631+09:00 TRACE 2428 --- [    Test worker] org.hibernate.orm.jdbc.bind              : binding parameter (2:VARCHAR) <- [아반떼 md]
2024-01-16T18:10:24.631+09:00 TRACE 2428 --- [    Test worker] org.hibernate.orm.jdbc.bind              : binding parameter (3:VARCHAR) <- [가솔린]
2024-01-16T18:10:24.631+09:00 TRACE 2428 --- [    Test worker] org.hibernate.orm.jdbc.bind              : binding parameter (4:INTEGER) <- [1955]
2024-01-16T18:10:24.631+09:00 TRACE 2428 --- [    Test worker] org.hibernate.orm.jdbc.bind              : binding parameter (5:INTEGER) <- [1365]
2024-01-16T18:10:24.632+09:00 TRACE 2428 --- [    Test worker] org.hibernate.orm.jdbc.bind              : binding parameter (6:INTEGER) <- [2013]
2024-01-16T18:10:24.632+09:00 TRACE 2428 --- [    Test worker] org.hibernate.orm.jdbc.bind              : binding parameter (7:VARCHAR) <- [준중형]
2024-01-16T18:10:24.632+09:00 TRACE 2428 --- [    Test worker] org.hibernate.orm.jdbc.bind              : binding parameter (8:VARCHAR) <- [세단]
2024-01-16T18:10:24.635+09:00 TRACE 2428 --- [    Test worker] org.hibernate.orm.jdbc.extract           : extracted value (1:BIGINT) -> [11]
2024-01-16T18:10:24.639+09:00 DEBUG 2428 --- [    Test worker] org.hibernate.SQL                        : 
    /* insert for
        com.example.helloCar.domain.hellocar.domain.car.Car */insert 
    into
        car (brand, car_name, fuel, max_price, min_price, model_year, size, vehicle) 
    values
        (?, ?, ?, ?, ?, ?, ?, ?)
2024-01-16T18:10:24.639+09:00 TRACE 2428 --- [    Test worker] org.hibernate.orm.jdbc.bind              : binding parameter (1:VARCHAR) <- [현대]
2024-01-16T18:10:24.639+09:00 TRACE 2428 --- [    Test worker] org.hibernate.orm.jdbc.bind              : binding parameter (2:VARCHAR) <- [아반떼 md]
2024-01-16T18:10:24.639+09:00 TRACE 2428 --- [    Test worker] org.hibernate.orm.jdbc.bind              : binding parameter (3:VARCHAR) <- [LPG]
2024-01-16T18:10:24.639+09:00 TRACE 2428 --- [    Test worker] org.hibernate.orm.jdbc.bind              : binding parameter (4:INTEGER) <- [1663]
2024-01-16T18:10:24.639+09:00 TRACE 2428 --- [    Test worker] org.hibernate.orm.jdbc.bind              : binding parameter (5:INTEGER) <- [1358]
2024-01-16T18:10:24.640+09:00 TRACE 2428 --- [    Test worker] org.hibernate.orm.jdbc.bind              : binding parameter (6:INTEGER) <- [2013]
2024-01-16T18:10:24.640+09:00 TRACE 2428 --- [    Test worker] org.hibernate.orm.jdbc.bind              : binding parameter (7:VARCHAR) <- [준중형]
2024-01-16T18:10:24.640+09:00 TRACE 2428 --- [    Test worker] org.hibernate.orm.jdbc.bind              : binding parameter (8:VARCHAR) <- [세단]
2024-01-16T18:10:24.643+09:00 TRACE 2428 --- [    Test worker] org.hibernate.orm.jdbc.extract           : extracted value (1:BIGINT) -> [12]
2024-01-16T18:10:24.646+09:00 DEBUG 2428 --- [    Test worker] org.hibernate.SQL                        : 
    /* insert for
        com.example.helloCar.domain.hellocar.domain.car.Car */insert 
    into
        car (brand, car_name, fuel, max_price, min_price, model_year, size, vehicle) 
    values
        (?, ?, ?, ?, ?, ?, ?, ?)
2024-01-16T18:10:24.646+09:00 TRACE 2428 --- [    Test worker] org.hibernate.orm.jdbc.bind              : binding parameter (1:VARCHAR) <- [현대]
2024-01-16T18:10:24.647+09:00 TRACE 2428 --- [    Test worker] org.hibernate.orm.jdbc.bind              : binding parameter (2:VARCHAR) <- [아반떼 md 페이스리프트]
2024-01-16T18:10:24.647+09:00 TRACE 2428 --- [    Test worker] org.hibernate.orm.jdbc.bind              : binding parameter (3:VARCHAR) <- [가솔린]
2024-01-16T18:10:24.647+09:00 TRACE 2428 --- [    Test worker] org.hibernate.orm.jdbc.bind              : binding parameter (4:INTEGER) <- [1990]
2024-01-16T18:10:24.647+09:00 TRACE 2428 --- [    Test worker] org.hibernate.orm.jdbc.bind              : binding parameter (5:INTEGER) <- [1395]
2024-01-16T18:10:24.647+09:00 TRACE 2428 --- [    Test worker] org.hibernate.orm.jdbc.bind              : binding parameter (6:INTEGER) <- [2013]
2024-01-16T18:10:24.647+09:00 TRACE 2428 --- [    Test worker] org.hibernate.orm.jdbc.bind              : binding parameter (7:VARCHAR) <- [준중형]
2024-01-16T18:10:24.647+09:00 TRACE 2428 --- [    Test worker] org.hibernate.orm.jdbc.bind              : binding parameter (8:VARCHAR) <- [세단]
2024-01-16T18:10:24.650+09:00 TRACE 2428 --- [    Test worker] org.hibernate.orm.jdbc.extract           : extracted value (1:BIGINT) -> [13]
2024-01-16T18:10:24.654+09:00 DEBUG 2428 --- [    Test worker] org.hibernate.SQL                        : 
    /* insert for
        com.example.helloCar.domain.hellocar.domain.car.Car */insert 
    into
        car (brand, car_name, fuel, max_price, min_price, model_year, size, vehicle) 
    values
        (?, ?, ?, ?, ?, ?, ?, ?)
2024-01-16T18:10:24.655+09:00 TRACE 2428 --- [    Test worker] org.hibernate.orm.jdbc.bind              : binding parameter (1:VARCHAR) <- [현대]
2024-01-16T18:10:24.655+09:00 TRACE 2428 --- [    Test worker] org.hibernate.orm.jdbc.bind              : binding parameter (2:VARCHAR) <- [아반떼 md 페이스리프트]
2024-01-16T18:10:24.655+09:00 TRACE 2428 --- [    Test worker] org.hibernate.orm.jdbc.bind              : binding parameter (3:VARCHAR) <- [디젤]
2024-01-16T18:10:24.655+09:00 TRACE 2428 --- [    Test worker] org.hibernate.orm.jdbc.bind              : binding parameter (4:INTEGER) <- [2180]
2024-01-16T18:10:24.655+09:00 TRACE 2428 --- [    Test worker] org.hibernate.orm.jdbc.bind              : binding parameter (5:INTEGER) <- [1595]
2024-01-16T18:10:24.655+09:00 TRACE 2428 --- [    Test worker] org.hibernate.orm.jdbc.bind              : binding parameter (6:INTEGER) <- [2013]
2024-01-16T18:10:24.656+09:00 TRACE 2428 --- [    Test worker] org.hibernate.orm.jdbc.bind              : binding parameter (7:VARCHAR) <- [준중형]
2024-01-16T18:10:24.656+09:00 TRACE 2428 --- [    Test worker] org.hibernate.orm.jdbc.bind              : binding parameter (8:VARCHAR) <- [세단]
2024-01-16T18:10:24.661+09:00 TRACE 2428 --- [    Test worker] org.hibernate.orm.jdbc.extract           : extracted value (1:BIGINT) -> [14]
2024-01-16T18:10:24.665+09:00 DEBUG 2428 --- [    Test worker] org.hibernate.SQL                        : 
    /* insert for
        com.example.helloCar.domain.hellocar.domain.car.Car */insert 
    into
        car (brand, car_name, fuel, max_price, min_price, model_year, size, vehicle) 
    values
        (?, ?, ?, ?, ?, ?, ?, ?)
2024-01-16T18:10:24.665+09:00 TRACE 2428 --- [    Test worker] org.hibernate.orm.jdbc.bind              : binding parameter (1:VARCHAR) <- [현대]
2024-01-16T18:10:24.665+09:00 TRACE 2428 --- [    Test worker] org.hibernate.orm.jdbc.bind              : binding parameter (2:VARCHAR) <- [아반떼 쿠페]
2024-01-16T18:10:24.666+09:00 TRACE 2428 --- [    Test worker] org.hibernate.orm.jdbc.bind              : binding parameter (3:VARCHAR) <- [가솔린]
2024-01-16T18:10:24.666+09:00 TRACE 2428 --- [    Test worker] org.hibernate.orm.jdbc.bind              : binding parameter (4:INTEGER) <- [1995]
2024-01-16T18:10:24.666+09:00 TRACE 2428 --- [    Test worker] org.hibernate.orm.jdbc.bind              : binding parameter (5:INTEGER) <- [1645]
2024-01-16T18:10:24.666+09:00 TRACE 2428 --- [    Test worker] org.hibernate.orm.jdbc.bind              : binding parameter (6:INTEGER) <- [2013]
2024-01-16T18:10:24.666+09:00 TRACE 2428 --- [    Test worker] org.hibernate.orm.jdbc.bind              : binding parameter (7:VARCHAR) <- [준중형]
2024-01-16T18:10:24.667+09:00 TRACE 2428 --- [    Test worker] org.hibernate.orm.jdbc.bind              : binding parameter (8:VARCHAR) <- [쿠페]
2024-01-16T18:10:24.668+09:00 TRACE 2428 --- [    Test worker] org.hibernate.orm.jdbc.extract           : extracted value (1:BIGINT) -> [15]
2024-01-16T18:10:24.671+09:00 DEBUG 2428 --- [    Test worker] org.hibernate.SQL                        : 
    /* insert for
        com.example.helloCar.domain.hellocar.domain.car.Car */insert 
    into
        car (brand, car_name, fuel, max_price, min_price, model_year, size, vehicle) 
    values
        (?, ?, ?, ?, ?, ?, ?, ?)
2024-01-16T18:10:24.672+09:00 TRACE 2428 --- [    Test worker] org.hibernate.orm.jdbc.bind              : binding parameter (1:VARCHAR) <- [현대]
2024-01-16T18:10:24.672+09:00 TRACE 2428 --- [    Test worker] org.hibernate.orm.jdbc.bind              : binding parameter (2:VARCHAR) <- [아반떼 hd]
2024-01-16T18:10:24.672+09:00 TRACE 2428 --- [    Test worker] org.hibernate.orm.jdbc.bind              : binding parameter (3:VARCHAR) <- [LPi 하이브리드]
2024-01-16T18:10:24.673+09:00 TRACE 2428 --- [    Test worker] org.hibernate.orm.jdbc.bind              : binding parameter (4:INTEGER) <- [2324]
2024-01-16T18:10:24.673+09:00 TRACE 2428 --- [    Test worker] org.hibernate.orm.jdbc.bind              : binding parameter (5:INTEGER) <- [2054]
2024-01-16T18:10:24.673+09:00 TRACE 2428 --- [    Test worker] org.hibernate.orm.jdbc.bind              : binding parameter (6:INTEGER) <- [2013]
2024-01-16T18:10:24.674+09:00 TRACE 2428 --- [    Test worker] org.hibernate.orm.jdbc.bind              : binding parameter (7:VARCHAR) <- [준중형]
2024-01-16T18:10:24.674+09:00 TRACE 2428 --- [    Test worker] org.hibernate.orm.jdbc.bind              : binding parameter (8:VARCHAR) <- [세단]
2024-01-16T18:10:24.678+09:00 TRACE 2428 --- [    Test worker] org.hibernate.orm.jdbc.extract           : extracted value (1:BIGINT) -> [16]
2024-01-16T18:10:24.682+09:00 DEBUG 2428 --- [    Test worker] org.hibernate.SQL                        : 
    /* insert for
        com.example.helloCar.domain.hellocar.domain.car.Car */insert 
    into
        car (brand, car_name, fuel, max_price, min_price, model_year, size, vehicle) 
    values
        (?, ?, ?, ?, ?, ?, ?, ?)
2024-01-16T18:10:24.683+09:00 TRACE 2428 --- [    Test worker] org.hibernate.orm.jdbc.bind              : binding parameter (1:VARCHAR) <- [현대]
2024-01-16T18:10:24.683+09:00 TRACE 2428 --- [    Test worker] org.hibernate.orm.jdbc.bind              : binding parameter (2:VARCHAR) <- [아반떼 md 페이스리프트]
2024-01-16T18:10:24.683+09:00 TRACE 2428 --- [    Test worker] org.hibernate.orm.jdbc.bind              : binding parameter (3:VARCHAR) <- [가솔린]
2024-01-16T18:10:24.683+09:00 TRACE 2428 --- [    Test worker] org.hibernate.orm.jdbc.bind              : binding parameter (4:INTEGER) <- [2065]
2024-01-16T18:10:24.683+09:00 TRACE 2428 --- [    Test worker] org.hibernate.orm.jdbc.bind              : binding parameter (5:INTEGER) <- [1395]
2024-01-16T18:10:24.683+09:00 TRACE 2428 --- [    Test worker] org.hibernate.orm.jdbc.bind              : binding parameter (6:INTEGER) <- [2014]
2024-01-16T18:10:24.683+09:00 TRACE 2428 --- [    Test worker] org.hibernate.orm.jdbc.bind              : binding parameter (7:VARCHAR) <- [준중형]
2024-01-16T18:10:24.683+09:00 TRACE 2428 --- [    Test worker] org.hibernate.orm.jdbc.bind              : binding parameter (8:VARCHAR) <- [세단]
2024-01-16T18:10:24.685+09:00 TRACE 2428 --- [    Test worker] org.hibernate.orm.jdbc.extract           : extracted value (1:BIGINT) -> [17]
2024-01-16T18:10:24.691+09:00 DEBUG 2428 --- [    Test worker] org.hibernate.SQL                        : 
    /* insert for
        com.example.helloCar.domain.hellocar.domain.car.Car */insert 
    into
        car (brand, car_name, fuel, max_price, min_price, model_year, size, vehicle) 
    values
        (?, ?, ?, ?, ?, ?, ?, ?)
2024-01-16T18:10:24.692+09:00 TRACE 2428 --- [    Test worker] org.hibernate.orm.jdbc.bind              : binding parameter (1:VARCHAR) <- [현대]
2024-01-16T18:10:24.692+09:00 TRACE 2428 --- [    Test worker] org.hibernate.orm.jdbc.bind              : binding parameter (2:VARCHAR) <- [아반떼 md 페이스리프트]
2024-01-16T18:10:24.692+09:00 TRACE 2428 --- [    Test worker] org.hibernate.orm.jdbc.bind              : binding parameter (3:VARCHAR) <- [디젤]
2024-01-16T18:10:24.692+09:00 TRACE 2428 --- [    Test worker] org.hibernate.orm.jdbc.bind              : binding parameter (4:INTEGER) <- [2255]
2024-01-16T18:10:24.693+09:00 TRACE 2428 --- [    Test worker] org.hibernate.orm.jdbc.bind              : binding parameter (5:INTEGER) <- [1595]
2024-01-16T18:10:24.693+09:00 TRACE 2428 --- [    Test worker] org.hibernate.orm.jdbc.bind              : binding parameter (6:INTEGER) <- [2014]
2024-01-16T18:10:24.693+09:00 TRACE 2428 --- [    Test worker] org.hibernate.orm.jdbc.bind              : binding parameter (7:VARCHAR) <- [준중형]
2024-01-16T18:10:24.693+09:00 TRACE 2428 --- [    Test worker] org.hibernate.orm.jdbc.bind              : binding parameter (8:VARCHAR) <- [세단]
2024-01-16T18:10:24.696+09:00 TRACE 2428 --- [    Test worker] org.hibernate.orm.jdbc.extract           : extracted value (1:BIGINT) -> [18]
2024-01-16T18:10:24.698+09:00 DEBUG 2428 --- [    Test worker] org.hibernate.SQL                        : 
    /* insert for
        com.example.helloCar.domain.hellocar.domain.car.Car */insert 
    into
        car (brand, car_name, fuel, max_price, min_price, model_year, size, vehicle) 
    values
        (?, ?, ?, ?, ?, ?, ?, ?)
2024-01-16T18:10:24.699+09:00 TRACE 2428 --- [    Test worker] org.hibernate.orm.jdbc.bind              : binding parameter (1:VARCHAR) <- [현대]
2024-01-16T18:10:24.699+09:00 TRACE 2428 --- [    Test worker] org.hibernate.orm.jdbc.bind              : binding parameter (2:VARCHAR) <- [아반떼 md 페이스리프트]
2024-01-16T18:10:24.699+09:00 TRACE 2428 --- [    Test worker] org.hibernate.orm.jdbc.bind              : binding parameter (3:VARCHAR) <- [LPG]
2024-01-16T18:10:24.699+09:00 TRACE 2428 --- [    Test worker] org.hibernate.orm.jdbc.bind              : binding parameter (4:INTEGER) <- [1696]
2024-01-16T18:10:24.699+09:00 TRACE 2428 --- [    Test worker] org.hibernate.orm.jdbc.bind              : binding parameter (5:INTEGER) <- [1387]
2024-01-16T18:10:24.699+09:00 TRACE 2428 --- [    Test worker] org.hibernate.orm.jdbc.bind              : binding parameter (6:INTEGER) <- [2014]
2024-01-16T18:10:24.699+09:00 TRACE 2428 --- [    Test worker] org.hibernate.orm.jdbc.bind              : binding parameter (7:VARCHAR) <- [준중형]
2024-01-16T18:10:24.700+09:00 TRACE 2428 --- [    Test worker] org.hibernate.orm.jdbc.bind              : binding parameter (8:VARCHAR) <- [세단]
2024-01-16T18:10:24.701+09:00 TRACE 2428 --- [    Test worker] org.hibernate.orm.jdbc.extract           : extracted value (1:BIGINT) -> [19]
2024-01-16T18:10:24.707+09:00 DEBUG 2428 --- [    Test worker] org.hibernate.SQL                        : 
    /* insert for
        com.example.helloCar.domain.hellocar.domain.car.Car */insert 
    into
        car (brand, car_name, fuel, max_price, min_price, model_year, size, vehicle) 
    values
        (?, ?, ?, ?, ?, ?, ?, ?)
2024-01-16T18:10:24.707+09:00 TRACE 2428 --- [    Test worker] org.hibernate.orm.jdbc.bind              : binding parameter (1:VARCHAR) <- [현대]
2024-01-16T18:10:24.708+09:00 TRACE 2428 --- [    Test worker] org.hibernate.orm.jdbc.bind              : binding parameter (2:VARCHAR) <- [아반떼 쿠페]
2024-01-16T18:10:24.708+09:00 TRACE 2428 --- [    Test worker] org.hibernate.orm.jdbc.bind              : binding parameter (3:VARCHAR) <- [가솔린]
2024-01-16T18:10:24.708+09:00 TRACE 2428 --- [    Test worker] org.hibernate.orm.jdbc.bind              : binding parameter (4:INTEGER) <- [2305]
2024-01-16T18:10:24.708+09:00 TRACE 2428 --- [    Test worker] org.hibernate.orm.jdbc.bind              : binding parameter (5:INTEGER) <- [1690]
2024-01-16T18:10:24.708+09:00 TRACE 2428 --- [    Test worker] org.hibernate.orm.jdbc.bind              : binding parameter (6:INTEGER) <- [2014]
2024-01-16T18:10:24.708+09:00 TRACE 2428 --- [    Test worker] org.hibernate.orm.jdbc.bind              : binding parameter (7:VARCHAR) <- [준중형]
2024-01-16T18:10:24.709+09:00 TRACE 2428 --- [    Test worker] org.hibernate.orm.jdbc.bind              : binding parameter (8:VARCHAR) <- [쿠페]
2024-01-16T18:10:24.713+09:00 TRACE 2428 --- [    Test worker] org.hibernate.orm.jdbc.extract           : extracted value (1:BIGINT) -> [20]
2024-01-16T18:10:24.717+09:00 DEBUG 2428 --- [    Test worker] org.hibernate.SQL                        : 
    /* insert for
        com.example.helloCar.domain.hellocar.domain.car.Car */insert 
    into
        car (brand, car_name, fuel, max_price, min_price, model_year, size, vehicle) 
    values
        (?, ?, ?, ?, ?, ?, ?, ?)
2024-01-16T18:10:24.717+09:00 TRACE 2428 --- [    Test worker] org.hibernate.orm.jdbc.bind              : binding parameter (1:VARCHAR) <- [현대]
2024-01-16T18:10:24.718+09:00 TRACE 2428 --- [    Test worker] org.hibernate.orm.jdbc.bind              : binding parameter (2:VARCHAR) <- [아반떼 md 페이스리프트]
2024-01-16T18:10:24.718+09:00 TRACE 2428 --- [    Test worker] org.hibernate.orm.jdbc.bind              : binding parameter (3:VARCHAR) <- [가솔린]
2024-01-16T18:10:24.718+09:00 TRACE 2428 --- [    Test worker] org.hibernate.orm.jdbc.bind              : binding parameter (4:INTEGER) <- [1968]
2024-01-16T18:10:24.718+09:00 TRACE 2428 --- [    Test worker] org.hibernate.orm.jdbc.bind              : binding parameter (5:INTEGER) <- [1384]
2024-01-16T18:10:24.718+09:00 TRACE 2428 --- [    Test worker] org.hibernate.orm.jdbc.bind              : binding parameter (6:INTEGER) <- [2015]
2024-01-16T18:10:24.718+09:00 TRACE 2428 --- [    Test worker] org.hibernate.orm.jdbc.bind              : binding parameter (7:VARCHAR) <- [준중형]
2024-01-16T18:10:24.718+09:00 TRACE 2428 --- [    Test worker] org.hibernate.orm.jdbc.bind              : binding parameter (8:VARCHAR) <- [세단]
2024-01-16T18:10:24.722+09:00 TRACE 2428 --- [    Test worker] org.hibernate.orm.jdbc.extract           : extracted value (1:BIGINT) -> [21]
2024-01-16T18:10:24.731+09:00 DEBUG 2428 --- [    Test worker] org.hibernate.SQL                        : 
    /* insert for
        com.example.helloCar.domain.hellocar.domain.car.Car */insert 
    into
        car (brand, car_name, fuel, max_price, min_price, model_year, size, vehicle) 
    values
        (?, ?, ?, ?, ?, ?, ?, ?)
2024-01-16T18:10:24.732+09:00 TRACE 2428 --- [    Test worker] org.hibernate.orm.jdbc.bind              : binding parameter (1:VARCHAR) <- [현대]
2024-01-16T18:10:24.733+09:00 TRACE 2428 --- [    Test worker] org.hibernate.orm.jdbc.bind              : binding parameter (2:VARCHAR) <- [아반떼 md 페이스리프트]
2024-01-16T18:10:24.733+09:00 TRACE 2428 --- [    Test worker] org.hibernate.orm.jdbc.bind              : binding parameter (3:VARCHAR) <- [디젤]
2024-01-16T18:10:24.733+09:00 TRACE 2428 --- [    Test worker] org.hibernate.orm.jdbc.bind              : binding parameter (4:INTEGER) <- [2155]
2024-01-16T18:10:24.733+09:00 TRACE 2428 --- [    Test worker] org.hibernate.orm.jdbc.bind              : binding parameter (5:INTEGER) <- [1581]
2024-01-16T18:10:24.733+09:00 TRACE 2428 --- [    Test worker] org.hibernate.orm.jdbc.bind              : binding parameter (6:INTEGER) <- [2015]
2024-01-16T18:10:24.733+09:00 TRACE 2428 --- [    Test worker] org.hibernate.orm.jdbc.bind              : binding parameter (7:VARCHAR) <- [준중형]
2024-01-16T18:10:24.734+09:00 TRACE 2428 --- [    Test worker] org.hibernate.orm.jdbc.bind              : binding parameter (8:VARCHAR) <- [세단]
2024-01-16T18:10:24.743+09:00 TRACE 2428 --- [    Test worker] org.hibernate.orm.jdbc.extract           : extracted value (1:BIGINT) -> [22]
2024-01-16T18:10:24.754+09:00 DEBUG 2428 --- [    Test worker] org.hibernate.SQL                        : 
    /* insert for
        com.example.helloCar.domain.hellocar.domain.car.Car */insert 
    into
        car (brand, car_name, fuel, max_price, min_price, model_year, size, vehicle) 
    values
        (?, ?, ?, ?, ?, ?, ?, ?)
2024-01-16T18:10:24.755+09:00 TRACE 2428 --- [    Test worker] org.hibernate.orm.jdbc.bind              : binding parameter (1:VARCHAR) <- [현대]
2024-01-16T18:10:24.755+09:00 TRACE 2428 --- [    Test worker] org.hibernate.orm.jdbc.bind              : binding parameter (2:VARCHAR) <- [아반떼 md 페이스리프트]
2024-01-16T18:10:24.755+09:00 TRACE 2428 --- [    Test worker] org.hibernate.orm.jdbc.bind              : binding parameter (3:VARCHAR) <- [LPG]
2024-01-16T18:10:24.755+09:00 TRACE 2428 --- [    Test worker] org.hibernate.orm.jdbc.bind              : binding parameter (4:INTEGER) <- [1663]
2024-01-16T18:10:24.755+09:00 TRACE 2428 --- [    Test worker] org.hibernate.orm.jdbc.bind              : binding parameter (5:INTEGER) <- [1358]
2024-01-16T18:10:24.755+09:00 TRACE 2428 --- [    Test worker] org.hibernate.orm.jdbc.bind              : binding parameter (6:INTEGER) <- [2015]
2024-01-16T18:10:24.755+09:00 TRACE 2428 --- [    Test worker] org.hibernate.orm.jdbc.bind              : binding parameter (7:VARCHAR) <- [준중형]
2024-01-16T18:10:24.755+09:00 TRACE 2428 --- [    Test worker] org.hibernate.orm.jdbc.bind              : binding parameter (8:VARCHAR) <- [세단]
2024-01-16T18:10:24.756+09:00 TRACE 2428 --- [    Test worker] org.hibernate.orm.jdbc.extract           : extracted value (1:BIGINT) -> [23]
2024-01-16T18:10:24.764+09:00 DEBUG 2428 --- [    Test worker] org.hibernate.SQL                        : 
    /* insert for
        com.example.helloCar.domain.hellocar.domain.car.Car */insert 
    into
        car (brand, car_name, fuel, max_price, min_price, model_year, size, vehicle) 
    values
        (?, ?, ?, ?, ?, ?, ?, ?)
2024-01-16T18:10:24.764+09:00 TRACE 2428 --- [    Test worker] org.hibernate.orm.jdbc.bind              : binding parameter (1:VARCHAR) <- [현대]
2024-01-16T18:10:24.764+09:00 TRACE 2428 --- [    Test worker] org.hibernate.orm.jdbc.bind              : binding parameter (2:VARCHAR) <- [아반떼 쿠페]
2024-01-16T18:10:24.764+09:00 TRACE 2428 --- [    Test worker] org.hibernate.orm.jdbc.bind              : binding parameter (3:VARCHAR) <- [가솔린]
2024-01-16T18:10:24.765+09:00 TRACE 2428 --- [    Test worker] org.hibernate.orm.jdbc.bind              : binding parameter (4:INTEGER) <- [2305]
2024-01-16T18:10:24.765+09:00 TRACE 2428 --- [    Test worker] org.hibernate.orm.jdbc.bind              : binding parameter (5:INTEGER) <- [1690]
2024-01-16T18:10:24.765+09:00 TRACE 2428 --- [    Test worker] org.hibernate.orm.jdbc.bind              : binding parameter (6:INTEGER) <- [2015]
2024-01-16T18:10:24.765+09:00 TRACE 2428 --- [    Test worker] org.hibernate.orm.jdbc.bind              : binding parameter (7:VARCHAR) <- [준중형]
2024-01-16T18:10:24.765+09:00 TRACE 2428 --- [    Test worker] org.hibernate.orm.jdbc.bind              : binding parameter (8:VARCHAR) <- [쿠페]
2024-01-16T18:10:24.787+09:00 TRACE 2428 --- [    Test worker] org.hibernate.orm.jdbc.extract           : extracted value (1:BIGINT) -> [24]
2024-01-16T18:10:24.791+09:00 DEBUG 2428 --- [    Test worker] org.hibernate.SQL                        : 
    /* insert for
        com.example.helloCar.domain.hellocar.domain.car.Car */insert 
    into
        car (brand, car_name, fuel, max_price, min_price, model_year, size, vehicle) 
    values
        (?, ?, ?, ?, ?, ?, ?, ?)
2024-01-16T18:10:24.792+09:00 TRACE 2428 --- [    Test worker] org.hibernate.orm.jdbc.bind              : binding parameter (1:VARCHAR) <- [현대]
2024-01-16T18:10:24.792+09:00 TRACE 2428 --- [    Test worker] org.hibernate.orm.jdbc.bind              : binding parameter (2:VARCHAR) <- [아반떼 ad]
2024-01-16T18:10:24.792+09:00 TRACE 2428 --- [    Test worker] org.hibernate.orm.jdbc.bind              : binding parameter (3:VARCHAR) <- [가솔린]
2024-01-16T18:10:24.792+09:00 TRACE 2428 --- [    Test worker] org.hibernate.orm.jdbc.bind              : binding parameter (4:INTEGER) <- [2455]
2024-01-16T18:10:24.792+09:00 TRACE 2428 --- [    Test worker] org.hibernate.orm.jdbc.bind              : binding parameter (5:INTEGER) <- [1410]
2024-01-16T18:10:24.793+09:00 TRACE 2428 --- [    Test worker] org.hibernate.orm.jdbc.bind              : binding parameter (6:INTEGER) <- [2015]
2024-01-16T18:10:24.793+09:00 TRACE 2428 --- [    Test worker] org.hibernate.orm.jdbc.bind              : binding parameter (7:VARCHAR) <- [준중형]
2024-01-16T18:10:24.793+09:00 TRACE 2428 --- [    Test worker] org.hibernate.orm.jdbc.bind              : binding parameter (8:VARCHAR) <- [세단]
2024-01-16T18:10:24.804+09:00 TRACE 2428 --- [    Test worker] org.hibernate.orm.jdbc.extract           : extracted value (1:BIGINT) -> [25]
2024-01-16T18:10:24.810+09:00 DEBUG 2428 --- [    Test worker] org.hibernate.SQL                        : 
    /* insert for
        com.example.helloCar.domain.hellocar.domain.car.Car */insert 
    into
        car (brand, car_name, fuel, max_price, min_price, model_year, size, vehicle) 
    values
        (?, ?, ?, ?, ?, ?, ?, ?)
2024-01-16T18:10:24.811+09:00 TRACE 2428 --- [    Test worker] org.hibernate.orm.jdbc.bind              : binding parameter (1:VARCHAR) <- [현대]
2024-01-16T18:10:24.811+09:00 TRACE 2428 --- [    Test worker] org.hibernate.orm.jdbc.bind              : binding parameter (2:VARCHAR) <- [아반떼 ad]
2024-01-16T18:10:24.811+09:00 TRACE 2428 --- [    Test worker] org.hibernate.orm.jdbc.bind              : binding parameter (3:VARCHAR) <- [디젤]
2024-01-16T18:10:24.811+09:00 TRACE 2428 --- [    Test worker] org.hibernate.orm.jdbc.bind              : binding parameter (4:INTEGER) <- [2415]
2024-01-16T18:10:24.811+09:00 TRACE 2428 --- [    Test worker] org.hibernate.orm.jdbc.bind              : binding parameter (5:INTEGER) <- [1630]
2024-01-16T18:10:24.811+09:00 TRACE 2428 --- [    Test worker] org.hibernate.orm.jdbc.bind              : binding parameter (6:INTEGER) <- [2015]
2024-01-16T18:10:24.812+09:00 TRACE 2428 --- [    Test worker] org.hibernate.orm.jdbc.bind              : binding parameter (7:VARCHAR) <- [준중형]
2024-01-16T18:10:24.812+09:00 TRACE 2428 --- [    Test worker] org.hibernate.orm.jdbc.bind              : binding parameter (8:VARCHAR) <- [세단]
2024-01-16T18:10:24.814+09:00 TRACE 2428 --- [    Test worker] org.hibernate.orm.jdbc.extract           : extracted value (1:BIGINT) -> [26]
2024-01-16T18:10:24.817+09:00 DEBUG 2428 --- [    Test worker] org.hibernate.SQL                        : 
    /* insert for
        com.example.helloCar.domain.hellocar.domain.car.Car */insert 
    into
        car (brand, car_name, fuel, max_price, min_price, model_year, size, vehicle) 
    values
        (?, ?, ?, ?, ?, ?, ?, ?)
2024-01-16T18:10:24.817+09:00 TRACE 2428 --- [    Test worker] org.hibernate.orm.jdbc.bind              : binding parameter (1:VARCHAR) <- [현대]
2024-01-16T18:10:24.817+09:00 TRACE 2428 --- [    Test worker] org.hibernate.orm.jdbc.bind              : binding parameter (2:VARCHAR) <- [아반떼 ad]
2024-01-16T18:10:24.817+09:00 TRACE 2428 --- [    Test worker] org.hibernate.orm.jdbc.bind              : binding parameter (3:VARCHAR) <- [LPG]
2024-01-16T18:10:24.818+09:00 TRACE 2428 --- [    Test worker] org.hibernate.orm.jdbc.bind              : binding parameter (4:INTEGER) <- [1815]
2024-01-16T18:10:24.818+09:00 TRACE 2428 --- [    Test worker] org.hibernate.orm.jdbc.bind              : binding parameter (5:INTEGER) <- [1590]
2024-01-16T18:10:24.818+09:00 TRACE 2428 --- [    Test worker] org.hibernate.orm.jdbc.bind              : binding parameter (6:INTEGER) <- [2015]
2024-01-16T18:10:24.818+09:00 TRACE 2428 --- [    Test worker] org.hibernate.orm.jdbc.bind              : binding parameter (7:VARCHAR) <- [준중형]
2024-01-16T18:10:24.818+09:00 TRACE 2428 --- [    Test worker] org.hibernate.orm.jdbc.bind              : binding parameter (8:VARCHAR) <- [세단]
2024-01-16T18:10:24.820+09:00 TRACE 2428 --- [    Test worker] org.hibernate.orm.jdbc.extract           : extracted value (1:BIGINT) -> [27]
2024-01-16T18:10:24.823+09:00 DEBUG 2428 --- [    Test worker] org.hibernate.SQL                        : 
    /* insert for
        com.example.helloCar.domain.hellocar.domain.car.Car */insert 
    into
        car (brand, car_name, fuel, max_price, min_price, model_year, size, vehicle) 
    values
        (?, ?, ?, ?, ?, ?, ?, ?)
2024-01-16T18:10:24.824+09:00 TRACE 2428 --- [    Test worker] org.hibernate.orm.jdbc.bind              : binding parameter (1:VARCHAR) <- [현대]
2024-01-16T18:10:24.824+09:00 TRACE 2428 --- [    Test worker] org.hibernate.orm.jdbc.bind              : binding parameter (2:VARCHAR) <- [아반떼 ad]
2024-01-16T18:10:24.824+09:00 TRACE 2428 --- [    Test worker] org.hibernate.orm.jdbc.bind              : binding parameter (3:VARCHAR) <- [가솔린]
2024-01-16T18:10:24.824+09:00 TRACE 2428 --- [    Test worker] org.hibernate.orm.jdbc.bind              : binding parameter (4:INTEGER) <- [2455]
2024-01-16T18:10:24.824+09:00 TRACE 2428 --- [    Test worker] org.hibernate.orm.jdbc.bind              : binding parameter (5:INTEGER) <- [1410]
2024-01-16T18:10:24.824+09:00 TRACE 2428 --- [    Test worker] org.hibernate.orm.jdbc.bind              : binding parameter (6:INTEGER) <- [2016]
2024-01-16T18:10:24.825+09:00 TRACE 2428 --- [    Test worker] org.hibernate.orm.jdbc.bind              : binding parameter (7:VARCHAR) <- [준중형]
2024-01-16T18:10:24.825+09:00 TRACE 2428 --- [    Test worker] org.hibernate.orm.jdbc.bind              : binding parameter (8:VARCHAR) <- [세단]
2024-01-16T18:10:24.826+09:00 TRACE 2428 --- [    Test worker] org.hibernate.orm.jdbc.extract           : extracted value (1:BIGINT) -> [28]
2024-01-16T18:10:24.830+09:00 DEBUG 2428 --- [    Test worker] org.hibernate.SQL                        : 
    /* insert for
        com.example.helloCar.domain.hellocar.domain.car.Car */insert 
    into
        car (brand, car_name, fuel, max_price, min_price, model_year, size, vehicle) 
    values
        (?, ?, ?, ?, ?, ?, ?, ?)
2024-01-16T18:10:24.830+09:00 TRACE 2428 --- [    Test worker] org.hibernate.orm.jdbc.bind              : binding parameter (1:VARCHAR) <- [현대]
2024-01-16T18:10:24.830+09:00 TRACE 2428 --- [    Test worker] org.hibernate.orm.jdbc.bind              : binding parameter (2:VARCHAR) <- [아반떼 ad]
2024-01-16T18:10:24.831+09:00 TRACE 2428 --- [    Test worker] org.hibernate.orm.jdbc.bind              : binding parameter (3:VARCHAR) <- [디젤]
2024-01-16T18:10:24.831+09:00 TRACE 2428 --- [    Test worker] org.hibernate.orm.jdbc.bind              : binding parameter (4:INTEGER) <- [2415]
2024-01-16T18:10:24.831+09:00 TRACE 2428 --- [    Test worker] org.hibernate.orm.jdbc.bind              : binding parameter (5:INTEGER) <- [1630]
2024-01-16T18:10:24.831+09:00 TRACE 2428 --- [    Test worker] org.hibernate.orm.jdbc.bind              : binding parameter (6:INTEGER) <- [2016]
2024-01-16T18:10:24.831+09:00 TRACE 2428 --- [    Test worker] org.hibernate.orm.jdbc.bind              : binding parameter (7:VARCHAR) <- [준중형]
2024-01-16T18:10:24.831+09:00 TRACE 2428 --- [    Test worker] org.hibernate.orm.jdbc.bind              : binding parameter (8:VARCHAR) <- [세단]
2024-01-16T18:10:24.833+09:00 TRACE 2428 --- [    Test worker] org.hibernate.orm.jdbc.extract           : extracted value (1:BIGINT) -> [29]
2024-01-16T18:10:24.837+09:00 DEBUG 2428 --- [    Test worker] org.hibernate.SQL                        : 
    /* insert for
        com.example.helloCar.domain.hellocar.domain.car.Car */insert 
    into
        car (brand, car_name, fuel, max_price, min_price, model_year, size, vehicle) 
    values
        (?, ?, ?, ?, ?, ?, ?, ?)
2024-01-16T18:10:24.838+09:00 TRACE 2428 --- [    Test worker] org.hibernate.orm.jdbc.bind              : binding parameter (1:VARCHAR) <- [현대]
2024-01-16T18:10:24.838+09:00 TRACE 2428 --- [    Test worker] org.hibernate.orm.jdbc.bind              : binding parameter (2:VARCHAR) <- [아반떼 ad]
2024-01-16T18:10:24.838+09:00 TRACE 2428 --- [    Test worker] org.hibernate.orm.jdbc.bind              : binding parameter (3:VARCHAR) <- [LPG]
2024-01-16T18:10:24.838+09:00 TRACE 2428 --- [    Test worker] org.hibernate.orm.jdbc.bind              : binding parameter (4:INTEGER) <- [1815]
2024-01-16T18:10:24.838+09:00 TRACE 2428 --- [    Test worker] org.hibernate.orm.jdbc.bind              : binding parameter (5:INTEGER) <- [1590]
2024-01-16T18:10:24.838+09:00 TRACE 2428 --- [    Test worker] org.hibernate.orm.jdbc.bind              : binding parameter (6:INTEGER) <- [2016]
2024-01-16T18:10:24.838+09:00 TRACE 2428 --- [    Test worker] org.hibernate.orm.jdbc.bind              : binding parameter (7:VARCHAR) <- [준중형]
2024-01-16T18:10:24.838+09:00 TRACE 2428 --- [    Test worker] org.hibernate.orm.jdbc.bind              : binding parameter (8:VARCHAR) <- [세단]
2024-01-16T18:10:24.839+09:00 TRACE 2428 --- [    Test worker] org.hibernate.orm.jdbc.extract           : extracted value (1:BIGINT) -> [30]
2024-01-16T18:10:24.844+09:00 DEBUG 2428 --- [    Test worker] org.hibernate.SQL                        : 
    /* insert for
        com.example.helloCar.domain.hellocar.domain.car.Car */insert 
    into
        car (brand, car_name, fuel, max_price, min_price, model_year, size, vehicle) 
    values
        (?, ?, ?, ?, ?, ?, ?, ?)
2024-01-16T18:10:24.844+09:00 TRACE 2428 --- [    Test worker] org.hibernate.orm.jdbc.bind              : binding parameter (1:VARCHAR) <- [현대]
2024-01-16T18:10:24.844+09:00 TRACE 2428 --- [    Test worker] org.hibernate.orm.jdbc.bind              : binding parameter (2:VARCHAR) <- [아반떼 ad]
2024-01-16T18:10:24.844+09:00 TRACE 2428 --- [    Test worker] org.hibernate.orm.jdbc.bind              : binding parameter (3:VARCHAR) <- [가솔린]
2024-01-16T18:10:24.844+09:00 TRACE 2428 --- [    Test worker] org.hibernate.orm.jdbc.bind              : binding parameter (4:INTEGER) <- [2415]
2024-01-16T18:10:24.844+09:00 TRACE 2428 --- [    Test worker] org.hibernate.orm.jdbc.bind              : binding parameter (5:INTEGER) <- [1394]
2024-01-16T18:10:24.844+09:00 TRACE 2428 --- [    Test worker] org.hibernate.orm.jdbc.bind              : binding parameter (6:INTEGER) <- [2017]
2024-01-16T18:10:24.845+09:00 TRACE 2428 --- [    Test worker] org.hibernate.orm.jdbc.bind              : binding parameter (7:VARCHAR) <- [준중형]
2024-01-16T18:10:24.845+09:00 TRACE 2428 --- [    Test worker] org.hibernate.orm.jdbc.bind              : binding parameter (8:VARCHAR) <- [세단]
2024-01-16T18:10:24.846+09:00 TRACE 2428 --- [    Test worker] org.hibernate.orm.jdbc.extract           : extracted value (1:BIGINT) -> [31]
2024-01-16T18:10:24.849+09:00 DEBUG 2428 --- [    Test worker] org.hibernate.SQL                        : 
    /* insert for
        com.example.helloCar.domain.hellocar.domain.car.Car */insert 
    into
        car (brand, car_name, fuel, max_price, min_price, model_year, size, vehicle) 
    values
        (?, ?, ?, ?, ?, ?, ?, ?)
2024-01-16T18:10:24.850+09:00 TRACE 2428 --- [    Test worker] org.hibernate.orm.jdbc.bind              : binding parameter (1:VARCHAR) <- [현대]
2024-01-16T18:10:24.850+09:00 TRACE 2428 --- [    Test worker] org.hibernate.orm.jdbc.bind              : binding parameter (2:VARCHAR) <- [아반떼 ad]
2024-01-16T18:10:24.850+09:00 TRACE 2428 --- [    Test worker] org.hibernate.orm.jdbc.bind              : binding parameter (3:VARCHAR) <- [디젤]
2024-01-16T18:10:24.850+09:00 TRACE 2428 --- [    Test worker] org.hibernate.orm.jdbc.bind              : binding parameter (4:INTEGER) <- [2383]
2024-01-16T18:10:24.850+09:00 TRACE 2428 --- [    Test worker] org.hibernate.orm.jdbc.bind              : binding parameter (5:INTEGER) <- [1610]
2024-01-16T18:10:24.850+09:00 TRACE 2428 --- [    Test worker] org.hibernate.orm.jdbc.bind              : binding parameter (6:INTEGER) <- [2017]
2024-01-16T18:10:24.850+09:00 TRACE 2428 --- [    Test worker] org.hibernate.orm.jdbc.bind              : binding parameter (7:VARCHAR) <- [준중형]
2024-01-16T18:10:24.851+09:00 TRACE 2428 --- [    Test worker] org.hibernate.orm.jdbc.bind              : binding parameter (8:VARCHAR) <- [세단]
2024-01-16T18:10:24.852+09:00 TRACE 2428 --- [    Test worker] org.hibernate.orm.jdbc.extract           : extracted value (1:BIGINT) -> [32]
2024-01-16T18:10:24.857+09:00 DEBUG 2428 --- [    Test worker] org.hibernate.SQL                        : 
    /* insert for
        com.example.helloCar.domain.hellocar.domain.car.Car */insert 
    into
        car (brand, car_name, fuel, max_price, min_price, model_year, size, vehicle) 
    values
        (?, ?, ?, ?, ?, ?, ?, ?)
2024-01-16T18:10:24.857+09:00 TRACE 2428 --- [    Test worker] org.hibernate.orm.jdbc.bind              : binding parameter (1:VARCHAR) <- [현대]
2024-01-16T18:10:24.857+09:00 TRACE 2428 --- [    Test worker] org.hibernate.orm.jdbc.bind              : binding parameter (2:VARCHAR) <- [아반떼 ad]
2024-01-16T18:10:24.857+09:00 TRACE 2428 --- [    Test worker] org.hibernate.orm.jdbc.bind              : binding parameter (3:VARCHAR) <- [LPG]
2024-01-16T18:10:24.857+09:00 TRACE 2428 --- [    Test worker] org.hibernate.orm.jdbc.bind              : binding parameter (4:INTEGER) <- [1840]
2024-01-16T18:10:24.857+09:00 TRACE 2428 --- [    Test worker] org.hibernate.orm.jdbc.bind              : binding parameter (5:INTEGER) <- [1600]
2024-01-16T18:10:24.857+09:00 TRACE 2428 --- [    Test worker] org.hibernate.orm.jdbc.bind              : binding parameter (6:INTEGER) <- [2017]
2024-01-16T18:10:24.857+09:00 TRACE 2428 --- [    Test worker] org.hibernate.orm.jdbc.bind              : binding parameter (7:VARCHAR) <- [준중형]
2024-01-16T18:10:24.857+09:00 TRACE 2428 --- [    Test worker] org.hibernate.orm.jdbc.bind              : binding parameter (8:VARCHAR) <- [세단]
2024-01-16T18:10:24.872+09:00 TRACE 2428 --- [    Test worker] org.hibernate.orm.jdbc.extract           : extracted value (1:BIGINT) -> [33]
2024-01-16T18:10:24.879+09:00 DEBUG 2428 --- [    Test worker] org.hibernate.SQL                        : 
    /* insert for
        com.example.helloCar.domain.hellocar.domain.car.Car */insert 
    into
        car (brand, car_name, fuel, max_price, min_price, model_year, size, vehicle) 
    values
        (?, ?, ?, ?, ?, ?, ?, ?)
2024-01-16T18:10:24.880+09:00 TRACE 2428 --- [    Test worker] org.hibernate.orm.jdbc.bind              : binding parameter (1:VARCHAR) <- [현대]
2024-01-16T18:10:24.880+09:00 TRACE 2428 --- [    Test worker] org.hibernate.orm.jdbc.bind              : binding parameter (2:VARCHAR) <- [아반떼 ad]
2024-01-16T18:10:24.881+09:00 TRACE 2428 --- [    Test worker] org.hibernate.orm.jdbc.bind              : binding parameter (3:VARCHAR) <- [가솔린]
2024-01-16T18:10:24.881+09:00 TRACE 2428 --- [    Test worker] org.hibernate.orm.jdbc.bind              : binding parameter (4:INTEGER) <- [2415]
2024-01-16T18:10:24.881+09:00 TRACE 2428 --- [    Test worker] org.hibernate.orm.jdbc.bind              : binding parameter (5:INTEGER) <- [1394]
2024-01-16T18:10:24.881+09:00 TRACE 2428 --- [    Test worker] org.hibernate.orm.jdbc.bind              : binding parameter (6:INTEGER) <- [2018]
2024-01-16T18:10:24.881+09:00 TRACE 2428 --- [    Test worker] org.hibernate.orm.jdbc.bind              : binding parameter (7:VARCHAR) <- [준중형]
2024-01-16T18:10:24.881+09:00 TRACE 2428 --- [    Test worker] org.hibernate.orm.jdbc.bind              : binding parameter (8:VARCHAR) <- [세단]
2024-01-16T18:10:24.885+09:00 TRACE 2428 --- [    Test worker] org.hibernate.orm.jdbc.extract           : extracted value (1:BIGINT) -> [34]
2024-01-16T18:10:24.896+09:00 DEBUG 2428 --- [    Test worker] org.hibernate.SQL                        : 
    /* insert for
        com.example.helloCar.domain.hellocar.domain.car.Car */insert 
    into
        car (brand, car_name, fuel, max_price, min_price, model_year, size, vehicle) 
    values
        (?, ?, ?, ?, ?, ?, ?, ?)
2024-01-16T18:10:24.896+09:00 TRACE 2428 --- [    Test worker] org.hibernate.orm.jdbc.bind              : binding parameter (1:VARCHAR) <- [현대]
2024-01-16T18:10:24.897+09:00 TRACE 2428 --- [    Test worker] org.hibernate.orm.jdbc.bind              : binding parameter (2:VARCHAR) <- [아반떼 ad]
2024-01-16T18:10:24.897+09:00 TRACE 2428 --- [    Test worker] org.hibernate.orm.jdbc.bind              : binding parameter (3:VARCHAR) <- [디젤]
2024-01-16T18:10:24.897+09:00 TRACE 2428 --- [    Test worker] org.hibernate.orm.jdbc.bind              : binding parameter (4:INTEGER) <- [2383]
2024-01-16T18:10:24.897+09:00 TRACE 2428 --- [    Test worker] org.hibernate.orm.jdbc.bind              : binding parameter (5:INTEGER) <- [1610]
2024-01-16T18:10:24.897+09:00 TRACE 2428 --- [    Test worker] org.hibernate.orm.jdbc.bind              : binding parameter (6:INTEGER) <- [2018]
2024-01-16T18:10:24.898+09:00 TRACE 2428 --- [    Test worker] org.hibernate.orm.jdbc.bind              : binding parameter (7:VARCHAR) <- [준중형]
2024-01-16T18:10:24.898+09:00 TRACE 2428 --- [    Test worker] org.hibernate.orm.jdbc.bind              : binding parameter (8:VARCHAR) <- [세단]
2024-01-16T18:10:24.931+09:00 TRACE 2428 --- [    Test worker] org.hibernate.orm.jdbc.extract           : extracted value (1:BIGINT) -> [35]
2024-01-16T18:10:24.943+09:00 DEBUG 2428 --- [    Test worker] org.hibernate.SQL                        : 
    /* insert for
        com.example.helloCar.domain.hellocar.domain.car.Car */insert 
    into
        car (brand, car_name, fuel, max_price, min_price, model_year, size, vehicle) 
    values
        (?, ?, ?, ?, ?, ?, ?, ?)
2024-01-16T18:10:24.944+09:00 TRACE 2428 --- [    Test worker] org.hibernate.orm.jdbc.bind              : binding parameter (1:VARCHAR) <- [현대]
2024-01-16T18:10:24.945+09:00 TRACE 2428 --- [    Test worker] org.hibernate.orm.jdbc.bind              : binding parameter (2:VARCHAR) <- [아반떼 ad]
2024-01-16T18:10:24.945+09:00 TRACE 2428 --- [    Test worker] org.hibernate.orm.jdbc.bind              : binding parameter (3:VARCHAR) <- [LPG]
2024-01-16T18:10:24.945+09:00 TRACE 2428 --- [    Test worker] org.hibernate.orm.jdbc.bind              : binding parameter (4:INTEGER) <- [1840]
2024-01-16T18:10:24.945+09:00 TRACE 2428 --- [    Test worker] org.hibernate.orm.jdbc.bind              : binding parameter (5:INTEGER) <- [1600]
2024-01-16T18:10:24.945+09:00 TRACE 2428 --- [    Test worker] org.hibernate.orm.jdbc.bind              : binding parameter (6:INTEGER) <- [2018]
2024-01-16T18:10:24.945+09:00 TRACE 2428 --- [    Test worker] org.hibernate.orm.jdbc.bind              : binding parameter (7:VARCHAR) <- [준중형]
2024-01-16T18:10:24.945+09:00 TRACE 2428 --- [    Test worker] org.hibernate.orm.jdbc.bind              : binding parameter (8:VARCHAR) <- [세단]
2024-01-16T18:10:24.949+09:00 TRACE 2428 --- [    Test worker] org.hibernate.orm.jdbc.extract           : extracted value (1:BIGINT) -> [36]
2024-01-16T18:10:24.961+09:00 DEBUG 2428 --- [    Test worker] org.hibernate.SQL                        : 
    /* insert for
        com.example.helloCar.domain.hellocar.domain.car.Car */insert 
    into
        car (brand, car_name, fuel, max_price, min_price, model_year, size, vehicle) 
    values
        (?, ?, ?, ?, ?, ?, ?, ?)
2024-01-16T18:10:24.962+09:00 TRACE 2428 --- [    Test worker] org.hibernate.orm.jdbc.bind              : binding parameter (1:VARCHAR) <- [현대]
2024-01-16T18:10:24.962+09:00 TRACE 2428 --- [    Test worker] org.hibernate.orm.jdbc.bind              : binding parameter (2:VARCHAR) <- [아반떼 ad 페이스리프트]
2024-01-16T18:10:24.963+09:00 TRACE 2428 --- [    Test worker] org.hibernate.orm.jdbc.bind              : binding parameter (3:VARCHAR) <- [가솔린]
2024-01-16T18:10:24.963+09:00 TRACE 2428 --- [    Test worker] org.hibernate.orm.jdbc.bind              : binding parameter (4:INTEGER) <- [2365]
2024-01-16T18:10:24.963+09:00 TRACE 2428 --- [    Test worker] org.hibernate.orm.jdbc.bind              : binding parameter (5:INTEGER) <- [1404]
2024-01-16T18:10:24.963+09:00 TRACE 2428 --- [    Test worker] org.hibernate.orm.jdbc.bind              : binding parameter (6:INTEGER) <- [2018]
2024-01-16T18:10:24.963+09:00 TRACE 2428 --- [    Test worker] org.hibernate.orm.jdbc.bind              : binding parameter (7:VARCHAR) <- [준중형]
2024-01-16T18:10:24.963+09:00 TRACE 2428 --- [    Test worker] org.hibernate.orm.jdbc.bind              : binding parameter (8:VARCHAR) <- [세단]
2024-01-16T18:10:24.970+09:00 TRACE 2428 --- [    Test worker] org.hibernate.orm.jdbc.extract           : extracted value (1:BIGINT) -> [37]
2024-01-16T18:10:24.979+09:00 DEBUG 2428 --- [    Test worker] org.hibernate.SQL                        : 
    /* insert for
        com.example.helloCar.domain.hellocar.domain.car.Car */insert 
    into
        car (brand, car_name, fuel, max_price, min_price, model_year, size, vehicle) 
    values
        (?, ?, ?, ?, ?, ?, ?, ?)
2024-01-16T18:10:24.980+09:00 TRACE 2428 --- [    Test worker] org.hibernate.orm.jdbc.bind              : binding parameter (1:VARCHAR) <- [현대]
2024-01-16T18:10:24.980+09:00 TRACE 2428 --- [    Test worker] org.hibernate.orm.jdbc.bind              : binding parameter (2:VARCHAR) <- [아반떼 ad 페이스리프트]
2024-01-16T18:10:24.980+09:00 TRACE 2428 --- [    Test worker] org.hibernate.orm.jdbc.bind              : binding parameter (3:VARCHAR) <- [디젤]
2024-01-16T18:10:24.981+09:00 TRACE 2428 --- [    Test worker] org.hibernate.orm.jdbc.bind              : binding parameter (4:INTEGER) <- [2454]
2024-01-16T18:10:24.981+09:00 TRACE 2428 --- [    Test worker] org.hibernate.orm.jdbc.bind              : binding parameter (5:INTEGER) <- [1796]
2024-01-16T18:10:24.981+09:00 TRACE 2428 --- [    Test worker] org.hibernate.orm.jdbc.bind              : binding parameter (6:INTEGER) <- [2018]
2024-01-16T18:10:24.982+09:00 TRACE 2428 --- [    Test worker] org.hibernate.orm.jdbc.bind              : binding parameter (7:VARCHAR) <- [준중형]
2024-01-16T18:10:24.982+09:00 TRACE 2428 --- [    Test worker] org.hibernate.orm.jdbc.bind              : binding parameter (8:VARCHAR) <- [세단]
2024-01-16T18:10:24.985+09:00 TRACE 2428 --- [    Test worker] org.hibernate.orm.jdbc.extract           : extracted value (1:BIGINT) -> [38]
2024-01-16T18:10:25.058+09:00 DEBUG 2428 --- [    Test worker] org.hibernate.SQL                        : 
    /* insert for
        com.example.helloCar.domain.hellocar.domain.car.Car */insert 
    into
        car (brand, car_name, fuel, max_price, min_price, model_year, size, vehicle) 
    values
        (?, ?, ?, ?, ?, ?, ?, ?)
2024-01-16T18:10:25.058+09:00 TRACE 2428 --- [    Test worker] org.hibernate.orm.jdbc.bind              : binding parameter (1:VARCHAR) <- [현대]
2024-01-16T18:10:25.059+09:00 TRACE 2428 --- [    Test worker] org.hibernate.orm.jdbc.bind              : binding parameter (2:VARCHAR) <- [아반떼 ad 페이스리프트]
2024-01-16T18:10:25.059+09:00 TRACE 2428 --- [    Test worker] org.hibernate.orm.jdbc.bind              : binding parameter (3:VARCHAR) <- [LPG]
2024-01-16T18:10:25.059+09:00 TRACE 2428 --- [    Test worker] org.hibernate.orm.jdbc.bind              : binding parameter (4:INTEGER) <- [1861]
2024-01-16T18:10:25.059+09:00 TRACE 2428 --- [    Test worker] org.hibernate.orm.jdbc.bind              : binding parameter (5:INTEGER) <- [1617]
2024-01-16T18:10:25.059+09:00 TRACE 2428 --- [    Test worker] org.hibernate.orm.jdbc.bind              : binding parameter (6:INTEGER) <- [2018]
2024-01-16T18:10:25.059+09:00 TRACE 2428 --- [    Test worker] org.hibernate.orm.jdbc.bind              : binding parameter (7:VARCHAR) <- [준중형]
2024-01-16T18:10:25.059+09:00 TRACE 2428 --- [    Test worker] org.hibernate.orm.jdbc.bind              : binding parameter (8:VARCHAR) <- [세단]
2024-01-16T18:10:25.059+09:00 TRACE 2428 --- [    Test worker] org.hibernate.orm.jdbc.extract           : extracted value (1:BIGINT) -> [39]
2024-01-16T18:10:25.090+09:00 DEBUG 2428 --- [    Test worker] org.hibernate.SQL                        : 
    /* insert for
        com.example.helloCar.domain.hellocar.domain.car.Car */insert 
    into
        car (brand, car_name, fuel, max_price, min_price, model_year, size, vehicle) 
    values
        (?, ?, ?, ?, ?, ?, ?, ?)
2024-01-16T18:10:25.090+09:00 TRACE 2428 --- [    Test worker] org.hibernate.orm.jdbc.bind              : binding parameter (1:VARCHAR) <- [현대]
2024-01-16T18:10:25.091+09:00 TRACE 2428 --- [    Test worker] org.hibernate.orm.jdbc.bind              : binding parameter (2:VARCHAR) <- [아반떼 ad]
2024-01-16T18:10:25.091+09:00 TRACE 2428 --- [    Test worker] org.hibernate.orm.jdbc.bind              : binding parameter (3:VARCHAR) <- [가솔린]
2024-01-16T18:10:25.091+09:00 TRACE 2428 --- [    Test worker] org.hibernate.orm.jdbc.bind              : binding parameter (4:INTEGER) <- [2306]
2024-01-16T18:10:25.091+09:00 TRACE 2428 --- [    Test worker] org.hibernate.orm.jdbc.bind              : binding parameter (5:INTEGER) <- [1376]
2024-01-16T18:10:25.091+09:00 TRACE 2428 --- [    Test worker] org.hibernate.orm.jdbc.bind              : binding parameter (6:INTEGER) <- [2019]
2024-01-16T18:10:25.091+09:00 TRACE 2428 --- [    Test worker] org.hibernate.orm.jdbc.bind              : binding parameter (7:VARCHAR) <- [준중형]
2024-01-16T18:10:25.091+09:00 TRACE 2428 --- [    Test worker] org.hibernate.orm.jdbc.bind              : binding parameter (8:VARCHAR) <- [세단]
2024-01-16T18:10:25.095+09:00 TRACE 2428 --- [    Test worker] org.hibernate.orm.jdbc.extract           : extracted value (1:BIGINT) -> [40]
2024-01-16T18:10:25.101+09:00 DEBUG 2428 --- [    Test worker] org.hibernate.SQL                        : 
    /* insert for
        com.example.helloCar.domain.hellocar.domain.car.Car */insert 
    into
        car (brand, car_name, fuel, max_price, min_price, model_year, size, vehicle) 
    values
        (?, ?, ?, ?, ?, ?, ?, ?)
2024-01-16T18:10:25.102+09:00 TRACE 2428 --- [    Test worker] org.hibernate.orm.jdbc.bind              : binding parameter (1:VARCHAR) <- [현대]
2024-01-16T18:10:25.102+09:00 TRACE 2428 --- [    Test worker] org.hibernate.orm.jdbc.bind              : binding parameter (2:VARCHAR) <- [아반떼 ad]
2024-01-16T18:10:25.102+09:00 TRACE 2428 --- [    Test worker] org.hibernate.orm.jdbc.bind              : binding parameter (3:VARCHAR) <- [디젤]
2024-01-16T18:10:25.102+09:00 TRACE 2428 --- [    Test worker] org.hibernate.orm.jdbc.bind              : binding parameter (4:INTEGER) <- [2454]
2024-01-16T18:10:25.102+09:00 TRACE 2428 --- [    Test worker] org.hibernate.orm.jdbc.bind              : binding parameter (5:INTEGER) <- [1803]
2024-01-16T18:10:25.102+09:00 TRACE 2428 --- [    Test worker] org.hibernate.orm.jdbc.bind              : binding parameter (6:INTEGER) <- [2019]
2024-01-16T18:10:25.102+09:00 TRACE 2428 --- [    Test worker] org.hibernate.orm.jdbc.bind              : binding parameter (7:VARCHAR) <- [준중형]
2024-01-16T18:10:25.102+09:00 TRACE 2428 --- [    Test worker] org.hibernate.orm.jdbc.bind              : binding parameter (8:VARCHAR) <- [세단]
2024-01-16T18:10:25.105+09:00 TRACE 2428 --- [    Test worker] org.hibernate.orm.jdbc.extract           : extracted value (1:BIGINT) -> [41]
2024-01-16T18:10:25.109+09:00 DEBUG 2428 --- [    Test worker] org.hibernate.SQL                        : 
    /* insert for
        com.example.helloCar.domain.hellocar.domain.car.Car */insert 
    into
        car (brand, car_name, fuel, max_price, min_price, model_year, size, vehicle) 
    values
        (?, ?, ?, ?, ?, ?, ?, ?)
2024-01-16T18:10:25.109+09:00 TRACE 2428 --- [    Test worker] org.hibernate.orm.jdbc.bind              : binding parameter (1:VARCHAR) <- [현대]
2024-01-16T18:10:25.109+09:00 TRACE 2428 --- [    Test worker] org.hibernate.orm.jdbc.bind              : binding parameter (2:VARCHAR) <- [아반떼 ad]
2024-01-16T18:10:25.109+09:00 TRACE 2428 --- [    Test worker] org.hibernate.orm.jdbc.bind              : binding parameter (3:VARCHAR) <- [LPG]
2024-01-16T18:10:25.109+09:00 TRACE 2428 --- [    Test worker] org.hibernate.orm.jdbc.bind              : binding parameter (4:INTEGER) <- [2050]
2024-01-16T18:10:25.110+09:00 TRACE 2428 --- [    Test worker] org.hibernate.orm.jdbc.bind              : binding parameter (5:INTEGER) <- [1656]
2024-01-16T18:10:25.110+09:00 TRACE 2428 --- [    Test worker] org.hibernate.orm.jdbc.bind              : binding parameter (6:INTEGER) <- [2019]
2024-01-16T18:10:25.110+09:00 TRACE 2428 --- [    Test worker] org.hibernate.orm.jdbc.bind              : binding parameter (7:VARCHAR) <- [준중형]
2024-01-16T18:10:25.110+09:00 TRACE 2428 --- [    Test worker] org.hibernate.orm.jdbc.bind              : binding parameter (8:VARCHAR) <- [세단]
2024-01-16T18:10:25.126+09:00 TRACE 2428 --- [    Test worker] org.hibernate.orm.jdbc.extract           : extracted value (1:BIGINT) -> [42]
2024-01-16T18:10:25.131+09:00 DEBUG 2428 --- [    Test worker] org.hibernate.SQL                        : 
    /* insert for
        com.example.helloCar.domain.hellocar.domain.car.Car */insert 
    into
        car (brand, car_name, fuel, max_price, min_price, model_year, size, vehicle) 
    values
        (?, ?, ?, ?, ?, ?, ?, ?)
2024-01-16T18:10:25.131+09:00 TRACE 2428 --- [    Test worker] org.hibernate.orm.jdbc.bind              : binding parameter (1:VARCHAR) <- [현대]
2024-01-16T18:10:25.131+09:00 TRACE 2428 --- [    Test worker] org.hibernate.orm.jdbc.bind              : binding parameter (2:VARCHAR) <- [아반떼 ad]
2024-01-16T18:10:25.131+09:00 TRACE 2428 --- [    Test worker] org.hibernate.orm.jdbc.bind              : binding parameter (3:VARCHAR) <- [가솔린]
2024-01-16T18:10:25.131+09:00 TRACE 2428 --- [    Test worker] org.hibernate.orm.jdbc.bind              : binding parameter (4:INTEGER) <- [2306]
2024-01-16T18:10:25.131+09:00 TRACE 2428 --- [    Test worker] org.hibernate.orm.jdbc.bind              : binding parameter (5:INTEGER) <- [1376]
2024-01-16T18:10:25.131+09:00 TRACE 2428 --- [    Test worker] org.hibernate.orm.jdbc.bind              : binding parameter (6:INTEGER) <- [2020]
2024-01-16T18:10:25.131+09:00 TRACE 2428 --- [    Test worker] org.hibernate.orm.jdbc.bind              : binding parameter (7:VARCHAR) <- [준중형]
[...]
2024-01-16T18:10:25.695+09:00 TRACE 2428 --- [    Test worker] org.hibernate.orm.jdbc.extract           : extracted value (1:BIGINT) -> [65]
2024-01-16T18:10:25.697+09:00 DEBUG 2428 --- [    Test worker] org.hibernate.SQL                        : 
    /* insert for
        com.example.helloCar.domain.hellocar.domain.car.Car */insert 
    into
        car (brand, car_name, fuel, max_price, min_price, model_year, size, vehicle) 
    values
        (?, ?, ?, ?, ?, ?, ?, ?)
2024-01-16T18:10:25.698+09:00 TRACE 2428 --- [    Test worker] org.hibernate.orm.jdbc.bind              : binding parameter (1:VARCHAR) <- [현대]
2024-01-16T18:10:25.698+09:00 TRACE 2428 --- [    Test worker] org.hibernate.orm.jdbc.bind              : binding parameter (2:VARCHAR) <- [YF쏘나타 하이브리드]
2024-01-16T18:10:25.698+09:00 TRACE 2428 --- [    Test worker] org.hibernate.orm.jdbc.bind              : binding parameter (3:VARCHAR) <- [가솔린 하이브리드]
2024-01-16T18:10:25.698+09:00 TRACE 2428 --- [    Test worker] org.hibernate.orm.jdbc.bind              : binding parameter (4:INTEGER) <- [3232]
2024-01-16T18:10:25.698+09:00 TRACE 2428 --- [    Test worker] org.hibernate.orm.jdbc.bind              : binding parameter (5:INTEGER) <- [2928]
2024-01-16T18:10:25.698+09:00 TRACE 2428 --- [    Test worker] org.hibernate.orm.jdbc.bind              : binding parameter (6:INTEGER) <- [2011]
2024-01-16T18:10:25.698+09:00 TRACE 2428 --- [    Test worker] org.hibernate.orm.jdbc.bind              : binding parameter (7:VARCHAR) <- [중형]
2024-01-16T18:10:25.698+09:00 TRACE 2428 --- [    Test worker] org.hibernate.orm.jdbc.bind              : binding parameter (8:VARCHAR) <- [세단]
2024-01-16T18:10:25.698+09:00 TRACE 2428 --- [    Test worker] org.hibernate.orm.jdbc.extract           : extracted value (1:BIGINT) -> [66]
2024-01-16T18:10:25.702+09:00 DEBUG 2428 --- [    Test worker] org.hibernate.SQL                        : 
    /* insert for
        com.example.helloCar.domain.hellocar.domain.car.Car */insert 
    into
        car (brand, car_name, fuel, max_price, min_price, model_year, size, vehicle) 
    values
        (?, ?, ?, ?, ?, ?, ?, ?)
2024-01-16T18:10:25.702+09:00 TRACE 2428 --- [    Test worker] org.hibernate.orm.jdbc.bind              : binding parameter (1:VARCHAR) <- [현대]
2024-01-16T18:10:25.702+09:00 TRACE 2428 --- [    Test worker] org.hibernate.orm.jdbc.bind              : binding parameter (2:VARCHAR) <- [YF쏘나타 하이브리드]
2024-01-16T18:10:25.702+09:00 TRACE 2428 --- [    Test worker] org.hibernate.orm.jdbc.bind              : binding parameter (3:VARCHAR) <- [가솔린]
2024-01-16T18:10:25.702+09:00 TRACE 2428 --- [    Test worker] org.hibernate.orm.jdbc.bind              : binding parameter (4:INTEGER) <- [2960]
2024-01-16T18:10:25.702+09:00 TRACE 2428 --- [    Test worker] org.hibernate.orm.jdbc.bind              : binding parameter (5:INTEGER) <- [2020]
2024-01-16T18:10:25.702+09:00 TRACE 2428 --- [    Test worker] org.hibernate.orm.jdbc.bind              : binding parameter (6:INTEGER) <- [2012]
2024-01-16T18:10:25.702+09:00 TRACE 2428 --- [    Test worker] org.hibernate.orm.jdbc.bind              : binding parameter (7:VARCHAR) <- [중형]
2024-01-16T18:10:25.702+09:00 TRACE 2428 --- [    Test worker] org.hibernate.orm.jdbc.bind              : binding parameter (8:VARCHAR) <- [세단]
2024-01-16T18:10:25.703+09:00 TRACE 2428 --- [    Test worker] org.hibernate.orm.jdbc.extract           : extracted value (1:BIGINT) -> [67]
2024-01-16T18:10:25.706+09:00 DEBUG 2428 --- [    Test worker] org.hibernate.SQL                        : 
    /* insert for
        com.example.helloCar.domain.hellocar.domain.car.Car */insert 
    into
        car (brand, car_name, fuel, max_price, min_price, model_year, size, vehicle) 
    values
        (?, ?, ?, ?, ?, ?, ?, ?)
2024-01-16T18:10:25.706+09:00 TRACE 2428 --- [    Test worker] org.hibernate.orm.jdbc.bind              : binding parameter (1:VARCHAR) <- [현대]
2024-01-16T18:10:25.706+09:00 TRACE 2428 --- [    Test worker] org.hibernate.orm.jdbc.bind              : binding parameter (2:VARCHAR) <- [YF쏘나타 하이브리드]
2024-01-16T18:10:25.706+09:00 TRACE 2428 --- [    Test worker] org.hibernate.orm.jdbc.bind              : binding parameter (3:VARCHAR) <- [LPG]
2024-01-16T18:10:25.706+09:00 TRACE 2428 --- [    Test worker] org.hibernate.orm.jdbc.bind              : binding parameter (4:INTEGER) <- [2040]
2024-01-16T18:10:25.706+09:00 TRACE 2428 --- [    Test worker] org.hibernate.orm.jdbc.bind              : binding parameter (5:INTEGER) <- [1445]
2024-01-16T18:10:25.707+09:00 TRACE 2428 --- [    Test worker] org.hibernate.orm.jdbc.bind              : binding parameter (6:INTEGER) <- [2012]
2024-01-16T18:10:25.707+09:00 TRACE 2428 --- [    Test worker] org.hibernate.orm.jdbc.bind              : binding parameter (7:VARCHAR) <- [중형]
2024-01-16T18:10:25.707+09:00 TRACE 2428 --- [    Test worker] org.hibernate.orm.jdbc.bind              : binding parameter (8:VARCHAR) <- [세단]
2024-01-16T18:10:25.709+09:00 TRACE 2428 --- [    Test worker] org.hibernate.orm.jdbc.extract           : extracted value (1:BIGINT) -> [68]
2024-01-16T18:10:25.711+09:00 DEBUG 2428 --- [    Test worker] org.hibernate.SQL                        : 
    /* insert for
        com.example.helloCar.domain.hellocar.domain.car.Car */insert 
    into
        car (brand, car_name, fuel, max_price, min_price, model_year, size, vehicle) 
    values
        (?, ?, ?, ?, ?, ?, ?, ?)
2024-01-16T18:10:25.712+09:00 TRACE 2428 --- [    Test worker] org.hibernate.orm.jdbc.bind              : binding parameter (1:VARCHAR) <- [현대]
2024-01-16T18:10:25.713+09:00 TRACE 2428 --- [    Test worker] org.hibernate.orm.jdbc.bind              : binding parameter (2:VARCHAR) <- [YF쏘나타 하이브리드]
2024-01-16T18:10:25.713+09:00 TRACE 2428 --- [    Test worker] org.hibernate.orm.jdbc.bind              : binding parameter (3:VARCHAR) <- [가솔린 하이브리드]
2024-01-16T18:10:25.713+09:00 TRACE 2428 --- [    Test worker] org.hibernate.orm.jdbc.bind              : binding parameter (4:INTEGER) <- [2824]
2024-01-16T18:10:25.713+09:00 TRACE 2428 --- [    Test worker] org.hibernate.orm.jdbc.bind              : binding parameter (5:INTEGER) <- [2824]
2024-01-16T18:10:25.713+09:00 TRACE 2428 --- [    Test worker] org.hibernate.orm.jdbc.bind              : binding parameter (6:INTEGER) <- [2012]
2024-01-16T18:10:25.713+09:00 TRACE 2428 --- [    Test worker] org.hibernate.orm.jdbc.bind              : binding parameter (7:VARCHAR) <- [중형]
2024-01-16T18:10:25.713+09:00 TRACE 2428 --- [    Test worker] org.hibernate.orm.jdbc.bind              : binding parameter (8:VARCHAR) <- [세단]
2024-01-16T18:10:25.715+09:00 TRACE 2428 --- [    Test worker] org.hibernate.orm.jdbc.extract           : extracted value (1:BIGINT) -> [69]
2024-01-16T18:10:25.719+09:00 DEBUG 2428 --- [    Test worker] org.hibernate.SQL                        : 
    /* insert for
        com.example.helloCar.domain.hellocar.domain.car.Car */insert 
    into
        car (brand, car_name, fuel, max_price, min_price, model_year, size, vehicle) 
    values
        (?, ?, ?, ?, ?, ?, ?, ?)
2024-01-16T18:10:25.719+09:00 TRACE 2428 --- [    Test worker] org.hibernate.orm.jdbc.bind              : binding parameter (1:VARCHAR) <- [현대]
2024-01-16T18:10:25.719+09:00 TRACE 2428 --- [    Test worker] org.hibernate.orm.jdbc.bind              : binding parameter (2:VARCHAR) <- [YF쏘나타 페이스리프트]
2024-01-16T18:10:25.719+09:00 TRACE 2428 --- [    Test worker] org.hibernate.orm.jdbc.bind              : binding parameter (3:VARCHAR) <- [가솔린]
2024-01-16T18:10:25.719+09:00 TRACE 2428 --- [    Test worker] org.hibernate.orm.jdbc.bind              : binding parameter (4:INTEGER) <- [2980]
2024-01-16T18:10:25.719+09:00 TRACE 2428 --- [    Test worker] org.hibernate.orm.jdbc.bind              : binding parameter (5:INTEGER) <- [2040]
2024-01-16T18:10:25.719+09:00 TRACE 2428 --- [    Test worker] org.hibernate.orm.jdbc.bind              : binding parameter (6:INTEGER) <- [2012]
2024-01-16T18:10:25.719+09:00 TRACE 2428 --- [    Test worker] org.hibernate.orm.jdbc.bind              : binding parameter (7:VARCHAR) <- [중형]
2024-01-16T18:10:25.719+09:00 TRACE 2428 --- [    Test worker] org.hibernate.orm.jdbc.bind              : binding parameter (8:VARCHAR) <- [세단]
2024-01-16T18:10:25.722+09:00 TRACE 2428 --- [    Test worker] org.hibernate.orm.jdbc.extract           : extracted value (1:BIGINT) -> [70]
2024-01-16T18:10:25.727+09:00 DEBUG 2428 --- [    Test worker] org.hibernate.SQL                        : 
    /* insert for
        com.example.helloCar.domain.hellocar.domain.car.Car */insert 
    into
        car (brand, car_name, fuel, max_price, min_price, model_year, size, vehicle) 
    values
        (?, ?, ?, ?, ?, ?, ?, ?)
2024-01-16T18:10:25.727+09:00 TRACE 2428 --- [    Test worker] org.hibernate.orm.jdbc.bind              : binding parameter (1:VARCHAR) <- [현대]
2024-01-16T18:10:25.727+09:00 TRACE 2428 --- [    Test worker] org.hibernate.orm.jdbc.bind              : binding parameter (2:VARCHAR) <- [YF쏘나타 페이스리프트]
2024-01-16T18:10:25.727+09:00 TRACE 2428 --- [    Test worker] org.hibernate.orm.jdbc.bind              : binding parameter (3:VARCHAR) <- [LPG]
2024-01-16T18:10:25.727+09:00 TRACE 2428 --- [    Test worker] org.hibernate.orm.jdbc.bind              : binding parameter (4:INTEGER) <- [2120]
2024-01-16T18:10:25.728+09:00 TRACE 2428 --- [    Test worker] org.hibernate.orm.jdbc.bind              : binding parameter (5:INTEGER) <- [1445]
2024-01-16T18:10:25.728+09:00 TRACE 2428 --- [    Test worker] org.hibernate.orm.jdbc.bind              : binding parameter (6:INTEGER) <- [2012]
2024-01-16T18:10:25.728+09:00 TRACE 2428 --- [    Test worker] org.hibernate.orm.jdbc.bind              : binding parameter (7:VARCHAR) <- [중형]
2024-01-16T18:10:25.728+09:00 TRACE 2428 --- [    Test worker] org.hibernate.orm.jdbc.bind              : binding parameter (8:VARCHAR) <- [세단]
2024-01-16T18:10:25.731+09:00 TRACE 2428 --- [    Test worker] org.hibernate.orm.jdbc.extract           : extracted value (1:BIGINT) -> [71]
2024-01-16T18:10:25.734+09:00 DEBUG 2428 --- [    Test worker] org.hibernate.SQL                        : 
    /* insert for
        com.example.helloCar.domain.hellocar.domain.car.Car */insert 
    into
        car (brand, car_name, fuel, max_price, min_price, model_year, size, vehicle) 
    values
        (?, ?, ?, ?, ?, ?, ?, ?)
2024-01-16T18:10:25.734+09:00 TRACE 2428 --- [    Test worker] org.hibernate.orm.jdbc.bind              : binding parameter (1:VARCHAR) <- [현대]
2024-01-16T18:10:25.734+09:00 TRACE 2428 --- [    Test worker] org.hibernate.orm.jdbc.bind              : binding parameter (2:VARCHAR) <- [YF쏘나타 페이스리프트]
2024-01-16T18:10:25.734+09:00 TRACE 2428 --- [    Test worker] org.hibernate.orm.jdbc.bind              : binding parameter (3:VARCHAR) <- [가솔린]
2024-01-16T18:10:25.734+09:00 TRACE 2428 --- [    Test worker] org.hibernate.orm.jdbc.bind              : binding parameter (4:INTEGER) <- [2980]
2024-01-16T18:10:25.734+09:00 TRACE 2428 --- [    Test worker] org.hibernate.orm.jdbc.bind              : binding parameter (5:INTEGER) <- [2040]
2024-01-16T18:10:25.734+09:00 TRACE 2428 --- [    Test worker] org.hibernate.orm.jdbc.bind              : binding parameter (6:INTEGER) <- [2013]
2024-01-16T18:10:25.734+09:00 TRACE 2428 --- [    Test worker] org.hibernate.orm.jdbc.bind              : binding parameter (7:VARCHAR) <- [중형]
2024-01-16T18:10:25.734+09:00 TRACE 2428 --- [    Test worker] org.hibernate.orm.jdbc.bind              : binding parameter (8:VARCHAR) <- [세단]
2024-01-16T18:10:25.735+09:00 TRACE 2428 --- [    Test worker] org.hibernate.orm.jdbc.extract           : extracted value (1:BIGINT) -> [72]
2024-01-16T18:10:25.738+09:00 DEBUG 2428 --- [    Test worker] org.hibernate.SQL                        : 
    /* insert for
        com.example.helloCar.domain.hellocar.domain.car.Car */insert 
    into
        car (brand, car_name, fuel, max_price, min_price, model_year, size, vehicle) 
    values
        (?, ?, ?, ?, ?, ?, ?, ?)
2024-01-16T18:10:25.739+09:00 TRACE 2428 --- [    Test worker] org.hibernate.orm.jdbc.bind              : binding parameter (1:VARCHAR) <- [현대]
2024-01-16T18:10:25.739+09:00 TRACE 2428 --- [    Test worker] org.hibernate.orm.jdbc.bind              : binding parameter (2:VARCHAR) <- [YF쏘나타 페이스리프트]
2024-01-16T18:10:25.739+09:00 TRACE 2428 --- [    Test worker] org.hibernate.orm.jdbc.bind              : binding parameter (3:VARCHAR) <- [LPG]
2024-01-16T18:10:25.739+09:00 TRACE 2428 --- [    Test worker] org.hibernate.orm.jdbc.bind              : binding parameter (4:INTEGER) <- [2120]
2024-01-16T18:10:25.739+09:00 TRACE 2428 --- [    Test worker] org.hibernate.orm.jdbc.bind              : binding parameter (5:INTEGER) <- [1445]
2024-01-16T18:10:25.739+09:00 TRACE 2428 --- [    Test worker] org.hibernate.orm.jdbc.bind              : binding parameter (6:INTEGER) <- [2013]
2024-01-16T18:10:25.739+09:00 TRACE 2428 --- [    Test worker] org.hibernate.orm.jdbc.bind              : binding parameter (7:VARCHAR) <- [중형]
2024-01-16T18:10:25.739+09:00 TRACE 2428 --- [    Test worker] org.hibernate.orm.jdbc.bind              : binding parameter (8:VARCHAR) <- [세단]
2024-01-16T18:10:25.740+09:00 TRACE 2428 --- [    Test worker] org.hibernate.orm.jdbc.extract           : extracted value (1:BIGINT) -> [73]
2024-01-16T18:10:25.744+09:00 DEBUG 2428 --- [    Test worker] org.hibernate.SQL                        : 
    /* insert for
        com.example.helloCar.domain.hellocar.domain.car.Car */insert 
    into
        car (brand, car_name, fuel, max_price, min_price, model_year, size, vehicle) 
    values
        (?, ?, ?, ?, ?, ?, ?, ?)
2024-01-16T18:10:25.744+09:00 TRACE 2428 --- [    Test worker] org.hibernate.orm.jdbc.bind              : binding parameter (1:VARCHAR) <- [현대]
2024-01-16T18:10:25.744+09:00 TRACE 2428 --- [    Test worker] org.hibernate.orm.jdbc.bind              : binding parameter (2:VARCHAR) <- [YF쏘나타 하이브리드]
2024-01-16T18:10:25.744+09:00 TRACE 2428 --- [    Test worker] org.hibernate.orm.jdbc.bind              : binding parameter (3:VARCHAR) <- [가솔린 하이브리드]
2024-01-16T18:10:25.744+09:00 TRACE 2428 --- [    Test worker] org.hibernate.orm.jdbc.bind              : binding parameter (4:INTEGER) <- [3180]
2024-01-16T18:10:25.744+09:00 TRACE 2428 --- [    Test worker] org.hibernate.orm.jdbc.bind              : binding parameter (5:INTEGER) <- [2875]
2024-01-16T18:10:25.744+09:00 TRACE 2428 --- [    Test worker] org.hibernate.orm.jdbc.bind              : binding parameter (6:INTEGER) <- [2013]
2024-01-16T18:10:25.744+09:00 TRACE 2428 --- [    Test worker] org.hibernate.orm.jdbc.bind              : binding parameter (7:VARCHAR) <- [중형]
2024-01-16T18:10:25.744+09:00 TRACE 2428 --- [    Test worker] org.hibernate.orm.jdbc.bind              : binding parameter (8:VARCHAR) <- [세단]
2024-01-16T18:10:25.746+09:00 TRACE 2428 --- [    Test worker] org.hibernate.orm.jdbc.extract           : extracted value (1:BIGINT) -> [74]
2024-01-16T18:10:25.749+09:00 DEBUG 2428 --- [    Test worker] org.hibernate.SQL                        : 
    /* insert for
        com.example.helloCar.domain.hellocar.domain.car.Car */insert 
    into
        car (brand, car_name, fuel, max_price, min_price, model_year, size, vehicle) 
    values
        (?, ?, ?, ?, ?, ?, ?, ?)
2024-01-16T18:10:25.749+09:00 TRACE 2428 --- [    Test worker] org.hibernate.orm.jdbc.bind              : binding parameter (1:VARCHAR) <- [현대]
2024-01-16T18:10:25.749+09:00 TRACE 2428 --- [    Test worker] org.hibernate.orm.jdbc.bind              : binding parameter (2:VARCHAR) <- [YF쏘나타 페이스리프트]
2024-01-16T18:10:25.749+09:00 TRACE 2428 --- [    Test worker] org.hibernate.orm.jdbc.bind              : binding parameter (3:VARCHAR) <- [가솔린]
2024-01-16T18:10:25.749+09:00 TRACE 2428 --- [    Test worker] org.hibernate.orm.jdbc.bind              : binding parameter (4:INTEGER) <- [3200]
2024-01-16T18:10:25.749+09:00 TRACE 2428 --- [    Test worker] org.hibernate.orm.jdbc.bind              : binding parameter (5:INTEGER) <- [2895]
2024-01-16T18:10:25.749+09:00 TRACE 2428 --- [    Test worker] org.hibernate.orm.jdbc.bind              : binding parameter (6:INTEGER) <- [2014]
2024-01-16T18:10:25.749+09:00 TRACE 2428 --- [    Test worker] org.hibernate.orm.jdbc.bind              : binding parameter (7:VARCHAR) <- [중형]
2024-01-16T18:10:25.749+09:00 TRACE 2428 --- [    Test worker] org.hibernate.orm.jdbc.bind              : binding parameter (8:VARCHAR) <- [세단]
2024-01-16T18:10:25.750+09:00 TRACE 2428 --- [    Test worker] org.hibernate.orm.jdbc.extract           : extracted value (1:BIGINT) -> [75]
2024-01-16T18:10:25.753+09:00 DEBUG 2428 --- [    Test worker] org.hibernate.SQL                        : 
    /* insert for
        com.example.helloCar.domain.hellocar.domain.car.Car */insert 
    into
        car (brand, car_name, fuel, max_price, min_price, model_year, size, vehicle) 
    values
        (?, ?, ?, ?, ?, ?, ?, ?)
2024-01-16T18:10:25.753+09:00 TRACE 2428 --- [    Test worker] org.hibernate.orm.jdbc.bind              : binding parameter (1:VARCHAR) <- [현대]
2024-01-16T18:10:25.753+09:00 TRACE 2428 --- [    Test worker] org.hibernate.orm.jdbc.bind              : binding parameter (2:VARCHAR) <- [YF쏘나타 페이스리프트]
2024-01-16T18:10:25.753+09:00 TRACE 2428 --- [    Test worker] org.hibernate.orm.jdbc.bind              : binding parameter (3:VARCHAR) <- [LPG]
2024-01-16T18:10:25.753+09:00 TRACE 2428 --- [    Test worker] org.hibernate.orm.jdbc.bind              : binding parameter (4:INTEGER) <- [2195]
2024-01-16T18:10:25.753+09:00 TRACE 2428 --- [    Test worker] org.hibernate.orm.jdbc.bind              : binding parameter (5:INTEGER) <- [1465]
2024-01-16T18:10:25.754+09:00 TRACE 2428 --- [    Test worker] org.hibernate.orm.jdbc.bind              : binding parameter (6:INTEGER) <- [2014]
2024-01-16T18:10:25.754+09:00 TRACE 2428 --- [    Test worker] org.hibernate.orm.jdbc.bind              : binding parameter (7:VARCHAR) <- [중형]
2024-01-16T18:10:25.754+09:00 TRACE 2428 --- [    Test worker] org.hibernate.orm.jdbc.bind              : binding parameter (8:VARCHAR) <- [세단]
2024-01-16T18:10:25.756+09:00 TRACE 2428 --- [    Test worker] org.hibernate.orm.jdbc.extract           : extracted value (1:BIGINT) -> [76]
2024-01-16T18:10:25.760+09:00 DEBUG 2428 --- [    Test worker] org.hibernate.SQL                        : 
    /* insert for
        com.example.helloCar.domain.hellocar.domain.car.Car */insert 
    into
        car (brand, car_name, fuel, max_price, min_price, model_year, size, vehicle) 
    values
        (?, ?, ?, ?, ?, ?, ?, ?)
2024-01-16T18:10:25.761+09:00 TRACE 2428 --- [    Test worker] org.hibernate.orm.jdbc.bind              : binding parameter (1:VARCHAR) <- [현대]
2024-01-16T18:10:25.761+09:00 TRACE 2428 --- [    Test worker] org.hibernate.orm.jdbc.bind              : binding parameter (2:VARCHAR) <- [YF쏘나타 하이브리드]
2024-01-16T18:10:25.761+09:00 TRACE 2428 --- [    Test worker] org.hibernate.orm.jdbc.bind              : binding parameter (3:VARCHAR) <- [가솔린 하이브리드]
2024-01-16T18:10:25.761+09:00 TRACE 2428 --- [    Test worker] org.hibernate.orm.jdbc.bind              : binding parameter (4:INTEGER) <- [3200]
2024-01-16T18:10:25.761+09:00 TRACE 2428 --- [    Test worker] org.hibernate.orm.jdbc.bind              : binding parameter (5:INTEGER) <- [2895]
2024-01-16T18:10:25.761+09:00 TRACE 2428 --- [    Test worker] org.hibernate.orm.jdbc.bind              : binding parameter (6:INTEGER) <- [2014]
2024-01-16T18:10:25.761+09:00 TRACE 2428 --- [    Test worker] org.hibernate.orm.jdbc.bind              : binding parameter (7:VARCHAR) <- [중형]
2024-01-16T18:10:25.761+09:00 TRACE 2428 --- [    Test worker] org.hibernate.orm.jdbc.bind              : binding parameter (8:VARCHAR) <- [세단]
2024-01-16T18:10:25.763+09:00 TRACE 2428 --- [    Test worker] org.hibernate.orm.jdbc.extract           : extracted value (1:BIGINT) -> [77]
]]></system-out>
  <system-err><![CDATA[]]></system-err>
</testsuite>
